<?xml version="1.0" encoding="utf-8"?>
<CoverageSession xmlns:xsd="http://www.w3.org/2001/XMLSchema" xmlns:xsi="http://www.w3.org/2001/XMLSchema-instance" Version="0.0.0.0">
  <Summary numSequencePoints="1417" visitedSequencePoints="1017" numBranchPoints="0" visitedBranchPoints="0" sequenceCoverage="71.77" branchCoverage="0.0" maxCyclomaticComplexity="31" minCyclomaticComplexity="1" maxCrapScore="346.29" minCrapScore="1" visitedClasses="14" numClasses="14" visitedMethods="77" numMethods="77" />
  <Modules>
    <Module>
      <Summary numSequencePoints="1276" visitedSequencePoints="876" numBranchPoints="0" visitedBranchPoints="0" sequenceCoverage="68.65" branchCoverage="0.0" maxCyclomaticComplexity="31" minCyclomaticComplexity="1" maxCrapScore="346.29" minCrapScore="1" visitedClasses="7" numClasses="7" visitedMethods="52" numMethods="52" />
      <ModuleTime>0001-01-01T00:00:00</ModuleTime>
      <ModuleName>Game</ModuleName>
      <Files>
        <File uid="1" fullPath="/Users/christianhenken/2dgameproject/Assets/CameraFollow.cs" />
        <File uid="2" fullPath="/Users/christianhenken/2dgameproject/Assets/DamageObject.cs" />
        <File uid="3" fullPath="/Users/christianhenken/2dgameproject/Assets/DragonBoss.cs" />
        <File uid="4" fullPath="/Users/christianhenken/2dgameproject/Assets/EnemyBehavior.cs" />
        <File uid="5" fullPath="/Users/christianhenken/2dgameproject/Assets/FireBreathParticleSpawner.cs" />
        <File uid="6" fullPath="/Users/christianhenken/2dgameproject/Assets/FixedBackground.cs" />
        <File uid="7" fullPath="/Users/christianhenken/2dgameproject/Assets/GameController.cs" />
        <File uid="8" fullPath="/Users/christianhenken/2dgameproject/Assets/ObjectBehaviorController.cs" />
        <File uid="9" fullPath="/Users/christianhenken/2dgameproject/Assets/PlayerMovement.cs" />
        <File uid="10" fullPath="/Users/christianhenken/2dgameproject/Assets/Scripts/Game/AttackDummy.cs" />
        <File uid="11" fullPath="/Users/christianhenken/2dgameproject/Assets/Scripts/Game/Ladder.cs" />
        <File uid="12" fullPath="/Users/christianhenken/2dgameproject/Assets/WeaponClassController.cs" />
      </Files>
      <Classes>
        <Class>
          <Summary numSequencePoints="239" visitedSequencePoints="183" numBranchPoints="0" visitedBranchPoints="0" sequenceCoverage="76.57" branchCoverage="0.0" maxCyclomaticComplexity="8" minCyclomaticComplexity="1" maxCrapScore="44.28" minCrapScore="1" visitedClasses="1" numClasses="1" visitedMethods="11" numMethods="11" />
          <FullName>DragonBoss</FullName>
          <Methods>
            <Method visited="true" cyclomaticComplexity="1" nPathComplexity="0" sequenceCoverage="100.0" branchCoverage="0" crapScore="1" isConstructor="false" isStatic="false" isGetter="false" isSetter="false">
              <Summary numSequencePoints="10" visitedSequencePoints="10" numBranchPoints="0" visitedBranchPoints="0" sequenceCoverage="100.0" branchCoverage="0" maxCyclomaticComplexity="1" minCyclomaticComplexity="1" maxCrapScore="1" minCrapScore="1" visitedClasses="0" numClasses="0" visitedMethods="1" numMethods="1" />
              <MetadataToken>100663321</MetadataToken>
              <Name>System.Void DragonBoss::Start()</Name>
              <FileRef uid="3" />
              <SequencePoints>
                <SequencePoint vc="2" uspid="9723" ordinal="0" offset="0" sl="125" sc="5" el="125" ec="5" bec="0" bev="0" fileid="3" />
                <SequencePoint vc="2" uspid="9724" ordinal="0" offset="1" sl="126" sc="9" el="126" ec="9" bec="0" bev="0" fileid="3" />
                <SequencePoint vc="2" uspid="9725" ordinal="0" offset="8" sl="127" sc="9" el="127" ec="9" bec="0" bev="0" fileid="3" />
                <SequencePoint vc="2" uspid="9726" ordinal="0" offset="15" sl="128" sc="9" el="128" ec="9" bec="0" bev="0" fileid="3" />
                <SequencePoint vc="2" uspid="9727" ordinal="0" offset="22" sl="129" sc="9" el="129" ec="9" bec="0" bev="0" fileid="3" />
                <SequencePoint vc="2" uspid="9728" ordinal="0" offset="29" sl="130" sc="9" el="130" ec="9" bec="0" bev="0" fileid="3" />
                <SequencePoint vc="2" uspid="9729" ordinal="0" offset="36" sl="131" sc="9" el="131" ec="9" bec="0" bev="0" fileid="3" />
                <SequencePoint vc="2" uspid="9730" ordinal="0" offset="43" sl="134" sc="9" el="134" ec="9" bec="0" bev="0" fileid="3" />
                <SequencePoint vc="2" uspid="9731" ordinal="0" offset="55" sl="137" sc="9" el="137" ec="9" bec="0" bev="0" fileid="3" />
                <SequencePoint vc="2" uspid="9732" ordinal="0" offset="77" sl="140" sc="5" el="140" ec="5" bec="0" bev="0" fileid="3" />
              </SequencePoints>
              <BranchPoints />
            </Method>
            <Method visited="true" cyclomaticComplexity="7" nPathComplexity="0" sequenceCoverage="22.73" branchCoverage="0" crapScore="29.61" isConstructor="false" isStatic="false" isGetter="false" isSetter="false">
              <Summary numSequencePoints="22" visitedSequencePoints="5" numBranchPoints="0" visitedBranchPoints="0" sequenceCoverage="22.73" branchCoverage="0" maxCyclomaticComplexity="7" minCyclomaticComplexity="7" maxCrapScore="29.61" minCrapScore="29.61" visitedClasses="0" numClasses="0" visitedMethods="1" numMethods="1" />
              <MetadataToken>100663322</MetadataToken>
              <Name>System.Void DragonBoss::Update()</Name>
              <FileRef uid="3" />
              <SequencePoints>
                <SequencePoint vc="4" uspid="9733" ordinal="0" offset="0" sl="143" sc="5" el="143" ec="5" bec="0" bev="0" fileid="3" />
                <SequencePoint vc="4" uspid="9734" ordinal="0" offset="1" sl="144" sc="9" el="144" ec="9" bec="0" bev="0" fileid="3" />
                <SequencePoint vc="0" uspid="9735" ordinal="0" offset="11" sl="145" sc="9" el="145" ec="9" bec="0" bev="0" fileid="3" />
                <SequencePoint vc="0" uspid="9736" ordinal="0" offset="12" sl="146" sc="13" el="146" ec="13" bec="0" bev="0" fileid="3" />
                <SequencePoint vc="0" uspid="9737" ordinal="0" offset="19" sl="147" sc="13" el="147" ec="13" bec="0" bev="0" fileid="3" />
                <SequencePoint vc="4" uspid="9738" ordinal="0" offset="24" sl="150" sc="9" el="150" ec="9" bec="0" bev="0" fileid="3" />
                <SequencePoint vc="4" uspid="9739" ordinal="0" offset="37" sl="150" sc="36" el="150" ec="36" bec="0" bev="0" fileid="3" />
                <SequencePoint vc="0" uspid="9740" ordinal="0" offset="39" sl="152" sc="9" el="152" ec="9" bec="0" bev="0" fileid="3" />
                <SequencePoint vc="0" uspid="9741" ordinal="0" offset="46" sl="153" sc="9" el="153" ec="9" bec="0" bev="0" fileid="3" />
                <SequencePoint vc="0" uspid="9742" ordinal="0" offset="53" sl="156" sc="9" el="156" ec="9" bec="0" bev="0" fileid="3" />
                <SequencePoint vc="0" uspid="9743" ordinal="0" offset="60" sl="159" sc="9" el="159" ec="9" bec="0" bev="0" fileid="3" />
                <SequencePoint vc="0" uspid="9744" ordinal="0" offset="73" sl="160" sc="9" el="160" ec="9" bec="0" bev="0" fileid="3" />
                <SequencePoint vc="0" uspid="9745" ordinal="0" offset="74" sl="161" sc="13" el="161" ec="13" bec="0" bev="0" fileid="3" />
                <SequencePoint vc="0" uspid="9746" ordinal="0" offset="81" sl="162" sc="9" el="162" ec="9" bec="0" bev="0" fileid="3" />
                <SequencePoint vc="0" uspid="9747" ordinal="0" offset="84" sl="164" sc="9" el="164" ec="9" bec="0" bev="0" fileid="3" />
                <SequencePoint vc="0" uspid="9748" ordinal="0" offset="85" sl="166" sc="13" el="166" ec="13" bec="0" bev="0" fileid="3" />
                <SequencePoint vc="0" uspid="9749" ordinal="0" offset="112" sl="167" sc="13" el="167" ec="13" bec="0" bev="0" fileid="3" />
                <SequencePoint vc="0" uspid="9750" ordinal="0" offset="113" sl="168" sc="17" el="168" ec="17" bec="0" bev="0" fileid="3" />
                <SequencePoint vc="0" uspid="9751" ordinal="0" offset="151" sl="169" sc="13" el="169" ec="13" bec="0" bev="0" fileid="3" />
                <SequencePoint vc="0" uspid="9752" ordinal="0" offset="152" sl="170" sc="9" el="170" ec="9" bec="0" bev="0" fileid="3" />
                <SequencePoint vc="0" uspid="9753" ordinal="0" offset="153" sl="173" sc="9" el="173" ec="9" bec="0" bev="0" fileid="3" />
                <SequencePoint vc="4" uspid="9754" ordinal="0" offset="160" sl="174" sc="5" el="174" ec="5" bec="0" bev="0" fileid="3" />
              </SequencePoints>
              <BranchPoints />
            </Method>
            <Method visited="true" cyclomaticComplexity="4" nPathComplexity="0" sequenceCoverage="78.57" branchCoverage="0" crapScore="4.16" isConstructor="false" isStatic="false" isGetter="false" isSetter="false">
              <Summary numSequencePoints="14" visitedSequencePoints="11" numBranchPoints="0" visitedBranchPoints="0" sequenceCoverage="78.57" branchCoverage="0" maxCyclomaticComplexity="4" minCyclomaticComplexity="4" maxCrapScore="4.16" minCrapScore="4.16" visitedClasses="0" numClasses="0" visitedMethods="1" numMethods="1" />
              <MetadataToken>100663323</MetadataToken>
              <Name>System.Void DragonBoss::InitializeComponents()</Name>
              <FileRef uid="3" />
              <SequencePoints>
                <SequencePoint vc="2" uspid="9755" ordinal="0" offset="0" sl="177" sc="5" el="177" ec="5" bec="0" bev="0" fileid="3" />
                <SequencePoint vc="2" uspid="9756" ordinal="0" offset="1" sl="178" sc="9" el="178" ec="9" bec="0" bev="0" fileid="3" />
                <SequencePoint vc="2" uspid="9757" ordinal="0" offset="13" sl="179" sc="9" el="179" ec="9" bec="0" bev="0" fileid="3" />
                <SequencePoint vc="2" uspid="9758" ordinal="0" offset="29" sl="180" sc="13" el="180" ec="13" bec="0" bev="0" fileid="3" />
                <SequencePoint vc="2" uspid="9759" ordinal="0" offset="41" sl="182" sc="9" el="182" ec="9" bec="0" bev="0" fileid="3" />
                <SequencePoint vc="2" uspid="9760" ordinal="0" offset="53" sl="183" sc="9" el="183" ec="9" bec="0" bev="0" fileid="3" />
                <SequencePoint vc="2" uspid="9761" ordinal="0" offset="69" sl="184" sc="13" el="184" ec="13" bec="0" bev="0" fileid="3" />
                <SequencePoint vc="2" uspid="9762" ordinal="0" offset="81" sl="186" sc="9" el="186" ec="9" bec="0" bev="0" fileid="3" />
                <SequencePoint vc="2" uspid="9763" ordinal="0" offset="93" sl="187" sc="9" el="187" ec="9" bec="0" bev="0" fileid="3" />
                <SequencePoint vc="2" uspid="9764" ordinal="0" offset="105" sl="189" sc="9" el="189" ec="9" bec="0" bev="0" fileid="3" />
                <SequencePoint vc="0" uspid="9765" ordinal="0" offset="121" sl="190" sc="9" el="190" ec="9" bec="0" bev="0" fileid="3" />
                <SequencePoint vc="0" uspid="9766" ordinal="0" offset="122" sl="191" sc="13" el="191" ec="13" bec="0" bev="0" fileid="3" />
                <SequencePoint vc="0" uspid="9767" ordinal="0" offset="139" sl="192" sc="9" el="192" ec="9" bec="0" bev="0" fileid="3" />
                <SequencePoint vc="2" uspid="9768" ordinal="0" offset="140" sl="193" sc="5" el="193" ec="5" bec="0" bev="0" fileid="3" />
              </SequencePoints>
              <BranchPoints />
            </Method>
            <Method visited="true" cyclomaticComplexity="4" nPathComplexity="0" sequenceCoverage="50.00" branchCoverage="0" crapScore="6.00" isConstructor="false" isStatic="false" isGetter="false" isSetter="false">
              <Summary numSequencePoints="18" visitedSequencePoints="9" numBranchPoints="0" visitedBranchPoints="0" sequenceCoverage="50.00" branchCoverage="0" maxCyclomaticComplexity="4" minCyclomaticComplexity="4" maxCrapScore="6.00" minCrapScore="6.00" visitedClasses="0" numClasses="0" visitedMethods="1" numMethods="1" />
              <MetadataToken>100663324</MetadataToken>
              <Name>System.Void DragonBoss::SetupPhysics()</Name>
              <FileRef uid="3" />
              <SequencePoints>
                <SequencePoint vc="2" uspid="9769" ordinal="0" offset="0" sl="196" sc="5" el="196" ec="5" bec="0" bev="0" fileid="3" />
                <SequencePoint vc="2" uspid="9770" ordinal="0" offset="1" sl="198" sc="9" el="198" ec="9" bec="0" bev="0" fileid="3" />
                <SequencePoint vc="0" uspid="9771" ordinal="0" offset="17" sl="199" sc="9" el="199" ec="9" bec="0" bev="0" fileid="3" />
                <SequencePoint vc="0" uspid="9772" ordinal="0" offset="18" sl="200" sc="13" el="200" ec="13" bec="0" bev="0" fileid="3" />
                <SequencePoint vc="0" uspid="9773" ordinal="0" offset="35" sl="201" sc="13" el="201" ec="13" bec="0" bev="0" fileid="3" />
                <SequencePoint vc="0" uspid="9774" ordinal="0" offset="52" sl="202" sc="13" el="202" ec="13" bec="0" bev="0" fileid="3" />
                <SequencePoint vc="0" uspid="9775" ordinal="0" offset="65" sl="203" sc="13" el="203" ec="13" bec="0" bev="0" fileid="3" />
                <SequencePoint vc="0" uspid="9776" ordinal="0" offset="78" sl="204" sc="9" el="204" ec="9" bec="0" bev="0" fileid="3" />
                <SequencePoint vc="2" uspid="9777" ordinal="0" offset="79" sl="207" sc="9" el="207" ec="9" bec="0" bev="0" fileid="3" />
                <SequencePoint vc="2" uspid="9778" ordinal="0" offset="95" sl="208" sc="9" el="208" ec="9" bec="0" bev="0" fileid="3" />
                <SequencePoint vc="2" uspid="9779" ordinal="0" offset="96" sl="209" sc="13" el="209" ec="13" bec="0" bev="0" fileid="3" />
                <SequencePoint vc="2" uspid="9780" ordinal="0" offset="109" sl="210" sc="13" el="210" ec="13" bec="0" bev="0" fileid="3" />
                <SequencePoint vc="2" uspid="9781" ordinal="0" offset="122" sl="211" sc="9" el="211" ec="9" bec="0" bev="0" fileid="3" />
                <SequencePoint vc="2" uspid="9782" ordinal="0" offset="123" sl="214" sc="9" el="214" ec="9" bec="0" bev="0" fileid="3" />
                <SequencePoint vc="0" uspid="9783" ordinal="0" offset="139" sl="215" sc="9" el="215" ec="9" bec="0" bev="0" fileid="3" />
                <SequencePoint vc="0" uspid="9784" ordinal="0" offset="140" sl="216" sc="13" el="216" ec="13" bec="0" bev="0" fileid="3" />
                <SequencePoint vc="0" uspid="9785" ordinal="0" offset="157" sl="217" sc="9" el="217" ec="9" bec="0" bev="0" fileid="3" />
                <SequencePoint vc="2" uspid="9786" ordinal="0" offset="158" sl="218" sc="5" el="218" ec="5" bec="0" bev="0" fileid="3" />
              </SequencePoints>
              <BranchPoints />
            </Method>
            <Method visited="true" cyclomaticComplexity="2" nPathComplexity="0" sequenceCoverage="57.14" branchCoverage="0" crapScore="2.31" isConstructor="false" isStatic="false" isGetter="false" isSetter="false">
              <Summary numSequencePoints="7" visitedSequencePoints="4" numBranchPoints="0" visitedBranchPoints="0" sequenceCoverage="57.14" branchCoverage="0" maxCyclomaticComplexity="2" minCyclomaticComplexity="2" maxCrapScore="2.31" minCrapScore="2.31" visitedClasses="0" numClasses="0" visitedMethods="1" numMethods="1" />
              <MetadataToken>100663325</MetadataToken>
              <Name>System.Void DragonBoss::FindPlayer()</Name>
              <FileRef uid="3" />
              <SequencePoints>
                <SequencePoint vc="2" uspid="9787" ordinal="0" offset="0" sl="221" sc="5" el="221" ec="5" bec="0" bev="0" fileid="3" />
                <SequencePoint vc="2" uspid="9788" ordinal="0" offset="1" sl="222" sc="9" el="222" ec="9" bec="0" bev="0" fileid="3" />
                <SequencePoint vc="2" uspid="9789" ordinal="0" offset="12" sl="223" sc="9" el="223" ec="9" bec="0" bev="0" fileid="3" />
                <SequencePoint vc="0" uspid="9790" ordinal="0" offset="23" sl="224" sc="9" el="224" ec="9" bec="0" bev="0" fileid="3" />
                <SequencePoint vc="0" uspid="9791" ordinal="0" offset="24" sl="225" sc="13" el="225" ec="13" bec="0" bev="0" fileid="3" />
                <SequencePoint vc="0" uspid="9792" ordinal="0" offset="36" sl="226" sc="9" el="226" ec="9" bec="0" bev="0" fileid="3" />
                <SequencePoint vc="2" uspid="9793" ordinal="0" offset="37" sl="227" sc="5" el="227" ec="5" bec="0" bev="0" fileid="3" />
              </SequencePoints>
              <BranchPoints />
            </Method>
            <Method visited="true" cyclomaticComplexity="4" nPathComplexity="0" sequenceCoverage="100.0" branchCoverage="0" crapScore="4" isConstructor="false" isStatic="false" isGetter="false" isSetter="false">
              <Summary numSequencePoints="20" visitedSequencePoints="20" numBranchPoints="0" visitedBranchPoints="0" sequenceCoverage="100.0" branchCoverage="0" maxCyclomaticComplexity="4" minCyclomaticComplexity="4" maxCrapScore="4" minCrapScore="4" visitedClasses="0" numClasses="0" visitedMethods="1" numMethods="1" />
              <MetadataToken>100663326</MetadataToken>
              <Name>System.Void DragonBoss::SetupCollisionLayers()</Name>
              <FileRef uid="3" />
              <SequencePoints>
                <SequencePoint vc="2" uspid="9794" ordinal="0" offset="0" sl="230" sc="5" el="230" ec="5" bec="0" bev="0" fileid="3" />
                <SequencePoint vc="2" uspid="9795" ordinal="0" offset="1" sl="232" sc="9" el="232" ec="9" bec="0" bev="0" fileid="3" />
                <SequencePoint vc="2" uspid="9796" ordinal="0" offset="23" sl="233" sc="9" el="233" ec="9" bec="0" bev="0" fileid="3" />
                <SequencePoint vc="2" uspid="9797" ordinal="0" offset="40" sl="237" sc="9" el="237" ec="9" bec="0" bev="0" fileid="3" />
                <SequencePoint vc="2" uspid="9798" ordinal="0" offset="51" sl="238" sc="9" el="238" ec="9" bec="0" bev="0" fileid="3" />
                <SequencePoint vc="2" uspid="9799" ordinal="0" offset="62" sl="239" sc="9" el="239" ec="9" bec="0" bev="0" fileid="3" />
                <SequencePoint vc="2" uspid="9800" ordinal="0" offset="73" sl="241" sc="9" el="241" ec="9" bec="0" bev="0" fileid="3" />
                <SequencePoint vc="2" uspid="9801" ordinal="0" offset="84" sl="242" sc="9" el="242" ec="9" bec="0" bev="0" fileid="3" />
                <SequencePoint vc="2" uspid="9802" ordinal="0" offset="85" sl="244" sc="13" el="244" ec="13" bec="0" bev="0" fileid="3" />
                <SequencePoint vc="2" uspid="9803" ordinal="0" offset="94" sl="247" sc="13" el="247" ec="13" bec="0" bev="0" fileid="3" />
                <SequencePoint vc="2" uspid="9804" ordinal="0" offset="107" sl="248" sc="13" el="248" ec="13" bec="0" bev="0" fileid="3" />
                <SequencePoint vc="2" uspid="9805" ordinal="0" offset="108" sl="249" sc="17" el="249" ec="17" bec="0" bev="0" fileid="3" />
                <SequencePoint vc="2" uspid="9806" ordinal="0" offset="117" sl="250" sc="13" el="250" ec="13" bec="0" bev="0" fileid="3" />
                <SequencePoint vc="2" uspid="9807" ordinal="0" offset="118" sl="253" sc="13" el="253" ec="13" bec="0" bev="0" fileid="3" />
                <SequencePoint vc="2" uspid="9808" ordinal="0" offset="131" sl="254" sc="13" el="254" ec="13" bec="0" bev="0" fileid="3" />
                <SequencePoint vc="2" uspid="9809" ordinal="0" offset="132" sl="255" sc="17" el="255" ec="17" bec="0" bev="0" fileid="3" />
                <SequencePoint vc="2" uspid="9810" ordinal="0" offset="141" sl="256" sc="13" el="256" ec="13" bec="0" bev="0" fileid="3" />
                <SequencePoint vc="2" uspid="9811" ordinal="0" offset="142" sl="257" sc="9" el="257" ec="9" bec="0" bev="0" fileid="3" />
                <SequencePoint vc="2" uspid="9812" ordinal="0" offset="143" sl="259" sc="9" el="259" ec="9" bec="0" bev="0" fileid="3" />
                <SequencePoint vc="2" uspid="9813" ordinal="0" offset="202" sl="260" sc="5" el="260" ec="5" bec="0" bev="0" fileid="3" />
              </SequencePoints>
              <BranchPoints />
            </Method>
            <Method visited="true" cyclomaticComplexity="1" nPathComplexity="0" sequenceCoverage="100.0" branchCoverage="0" crapScore="1" isConstructor="false" isStatic="false" isGetter="false" isSetter="false">
              <Summary numSequencePoints="6" visitedSequencePoints="6" numBranchPoints="0" visitedBranchPoints="0" sequenceCoverage="100.0" branchCoverage="0" maxCyclomaticComplexity="1" minCyclomaticComplexity="1" maxCrapScore="1" minCrapScore="1" visitedClasses="0" numClasses="0" visitedMethods="1" numMethods="1" />
              <MetadataToken>100663327</MetadataToken>
              <Name>System.Void DragonBoss::InitializeHealth()</Name>
              <FileRef uid="3" />
              <SequencePoints>
                <SequencePoint vc="2" uspid="9814" ordinal="0" offset="0" sl="263" sc="5" el="263" ec="5" bec="0" bev="0" fileid="3" />
                <SequencePoint vc="2" uspid="9815" ordinal="0" offset="1" sl="264" sc="9" el="264" ec="9" bec="0" bev="0" fileid="3" />
                <SequencePoint vc="2" uspid="9816" ordinal="0" offset="13" sl="265" sc="9" el="265" ec="9" bec="0" bev="0" fileid="3" />
                <SequencePoint vc="2" uspid="9817" ordinal="0" offset="30" sl="266" sc="9" el="266" ec="9" bec="0" bev="0" fileid="3" />
                <SequencePoint vc="2" uspid="9818" ordinal="0" offset="41" sl="267" sc="9" el="267" ec="9" bec="0" bev="0" fileid="3" />
                <SequencePoint vc="2" uspid="9819" ordinal="0" offset="52" sl="268" sc="5" el="268" ec="5" bec="0" bev="0" fileid="3" />
              </SequencePoints>
              <BranchPoints />
            </Method>
            <Method visited="true" cyclomaticComplexity="2" nPathComplexity="0" sequenceCoverage="100.0" branchCoverage="0" crapScore="2" isConstructor="false" isStatic="false" isGetter="false" isSetter="false">
              <Summary numSequencePoints="47" visitedSequencePoints="47" numBranchPoints="0" visitedBranchPoints="0" sequenceCoverage="100.0" branchCoverage="0" maxCyclomaticComplexity="2" minCyclomaticComplexity="2" maxCrapScore="2" minCrapScore="2" visitedClasses="0" numClasses="0" visitedMethods="1" numMethods="1" />
              <MetadataToken>100663328</MetadataToken>
              <Name>System.Void DragonBoss::CreateHealthBar()</Name>
              <FileRef uid="3" />
              <SequencePoints>
                <SequencePoint vc="2" uspid="9820" ordinal="0" offset="0" sl="271" sc="5" el="271" ec="5" bec="0" bev="0" fileid="3" />
                <SequencePoint vc="2" uspid="9821" ordinal="0" offset="1" sl="273" sc="9" el="273" ec="9" bec="0" bev="0" fileid="3" />
                <SequencePoint vc="2" uspid="9822" ordinal="0" offset="12" sl="274" sc="9" el="274" ec="9" bec="0" bev="0" fileid="3" />
                <SequencePoint vc="2" uspid="9823" ordinal="0" offset="24" sl="275" sc="9" el="275" ec="9" bec="0" bev="0" fileid="3" />
                <SequencePoint vc="2" uspid="9824" ordinal="0" offset="37" sl="276" sc="9" el="276" ec="9" bec="0" bev="0" fileid="3" />
                <SequencePoint vc="2" uspid="9825" ordinal="0" offset="54" sl="277" sc="9" el="277" ec="9" bec="0" bev="0" fileid="3" />
                <SequencePoint vc="2" uspid="9826" ordinal="0" offset="71" sl="278" sc="9" el="278" ec="9" bec="0" bev="0" fileid="3" />
                <SequencePoint vc="2" uspid="9827" ordinal="0" offset="85" sl="281" sc="9" el="281" ec="9" bec="0" bev="0" fileid="3" />
                <SequencePoint vc="2" uspid="9828" ordinal="0" offset="92" sl="282" sc="9" el="282" ec="9" bec="0" bev="0" fileid="3" />
                <SequencePoint vc="2" uspid="9829" ordinal="0" offset="105" sl="283" sc="9" el="283" ec="9" bec="0" bev="0" fileid="3" />
                <SequencePoint vc="2" uspid="9830" ordinal="0" offset="127" sl="286" sc="9" el="286" ec="9" bec="0" bev="0" fileid="3" />
                <SequencePoint vc="2" uspid="9831" ordinal="0" offset="143" sl="287" sc="9" el="287" ec="9" bec="0" bev="0" fileid="3" />
                <SequencePoint vc="2" uspid="9832" ordinal="0" offset="172" sl="289" sc="9" el="289" ec="9" bec="0" bev="0" fileid="3" />
                <SequencePoint vc="2" uspid="9833" ordinal="0" offset="189" sl="290" sc="9" el="290" ec="9" bec="0" bev="0" fileid="3" />
                <SequencePoint vc="2" uspid="9834" ordinal="0" offset="226" sl="292" sc="9" el="292" ec="9" bec="0" bev="0" fileid="3" />
                <SequencePoint vc="2" uspid="9835" ordinal="0" offset="238" sl="293" sc="9" el="293" ec="9" bec="0" bev="0" fileid="3" />
                <SequencePoint vc="2" uspid="9836" ordinal="0" offset="261" sl="294" sc="9" el="294" ec="9" bec="0" bev="0" fileid="3" />
                <SequencePoint vc="2" uspid="9837" ordinal="0" offset="273" sl="295" sc="9" el="295" ec="9" bec="0" bev="0" fileid="3" />
                <SequencePoint vc="2" uspid="9838" ordinal="0" offset="285" sl="296" sc="9" el="296" ec="9" bec="0" bev="0" fileid="3" />
                <SequencePoint vc="2" uspid="9839" ordinal="0" offset="297" sl="297" sc="9" el="297" ec="9" bec="0" bev="0" fileid="3" />
                <SequencePoint vc="2" uspid="9840" ordinal="0" offset="309" sl="300" sc="9" el="300" ec="9" bec="0" bev="0" fileid="3" />
                <SequencePoint vc="2" uspid="9841" ordinal="0" offset="320" sl="301" sc="9" el="301" ec="9" bec="0" bev="0" fileid="3" />
                <SequencePoint vc="2" uspid="9842" ordinal="0" offset="344" sl="303" sc="9" el="303" ec="9" bec="0" bev="0" fileid="3" />
                <SequencePoint vc="2" uspid="9843" ordinal="0" offset="356" sl="304" sc="9" el="304" ec="9" bec="0" bev="0" fileid="3" />
                <SequencePoint vc="2" uspid="9844" ordinal="0" offset="393" sl="305" sc="9" el="305" ec="9" bec="0" bev="0" fileid="3" />
                <SequencePoint vc="2" uspid="9845" ordinal="0" offset="406" sl="306" sc="9" el="306" ec="9" bec="0" bev="0" fileid="3" />
                <SequencePoint vc="2" uspid="9846" ordinal="0" offset="419" sl="308" sc="9" el="308" ec="9" bec="0" bev="0" fileid="3" />
                <SequencePoint vc="2" uspid="9847" ordinal="0" offset="427" sl="309" sc="9" el="309" ec="9" bec="0" bev="0" fileid="3" />
                <SequencePoint vc="2" uspid="9848" ordinal="0" offset="451" sl="310" sc="9" el="310" ec="9" bec="0" bev="0" fileid="3" />
                <SequencePoint vc="2" uspid="9849" ordinal="0" offset="464" sl="311" sc="9" el="311" ec="9" bec="0" bev="0" fileid="3" />
                <SequencePoint vc="2" uspid="9850" ordinal="0" offset="477" sl="312" sc="9" el="312" ec="9" bec="0" bev="0" fileid="3" />
                <SequencePoint vc="2" uspid="9851" ordinal="0" offset="490" sl="313" sc="9" el="313" ec="9" bec="0" bev="0" fileid="3" />
                <SequencePoint vc="2" uspid="9852" ordinal="0" offset="503" sl="316" sc="9" el="316" ec="9" bec="0" bev="0" fileid="3" />
                <SequencePoint vc="2" uspid="9853" ordinal="0" offset="518" sl="317" sc="9" el="317" ec="9" bec="0" bev="0" fileid="3" />
                <SequencePoint vc="2" uspid="9854" ordinal="0" offset="519" sl="318" sc="13" el="318" ec="13" bec="0" bev="0" fileid="3" />
                <SequencePoint vc="2" uspid="9855" ordinal="0" offset="531" sl="319" sc="13" el="319" ec="13" bec="0" bev="0" fileid="3" />
                <SequencePoint vc="2" uspid="9856" ordinal="0" offset="556" sl="321" sc="13" el="321" ec="13" bec="0" bev="0" fileid="3" />
                <SequencePoint vc="2" uspid="9857" ordinal="0" offset="569" sl="322" sc="13" el="322" ec="13" bec="0" bev="0" fileid="3" />
                <SequencePoint vc="2" uspid="9858" ordinal="0" offset="591" sl="323" sc="13" el="323" ec="13" bec="0" bev="0" fileid="3" />
                <SequencePoint vc="2" uspid="9859" ordinal="0" offset="608" sl="324" sc="13" el="324" ec="13" bec="0" bev="0" fileid="3" />
                <SequencePoint vc="2" uspid="9860" ordinal="0" offset="622" sl="325" sc="13" el="325" ec="13" bec="0" bev="0" fileid="3" />
                <SequencePoint vc="2" uspid="9861" ordinal="0" offset="639" sl="326" sc="13" el="326" ec="13" bec="0" bev="0" fileid="3" />
                <SequencePoint vc="2" uspid="9862" ordinal="0" offset="652" sl="328" sc="13" el="328" ec="13" bec="0" bev="0" fileid="3" />
                <SequencePoint vc="2" uspid="9863" ordinal="0" offset="661" sl="329" sc="13" el="329" ec="13" bec="0" bev="0" fileid="3" />
                <SequencePoint vc="2" uspid="9864" ordinal="0" offset="684" sl="330" sc="13" el="330" ec="13" bec="0" bev="0" fileid="3" />
                <SequencePoint vc="2" uspid="9865" ordinal="0" offset="707" sl="331" sc="9" el="331" ec="9" bec="0" bev="0" fileid="3" />
                <SequencePoint vc="2" uspid="9866" ordinal="0" offset="708" sl="332" sc="5" el="332" ec="5" bec="0" bev="0" fileid="3" />
              </SequencePoints>
              <BranchPoints />
            </Method>
            <Method visited="true" cyclomaticComplexity="3" nPathComplexity="0" sequenceCoverage="100.0" branchCoverage="0" crapScore="3" isConstructor="false" isStatic="false" isGetter="false" isSetter="false">
              <Summary numSequencePoints="3" visitedSequencePoints="3" numBranchPoints="0" visitedBranchPoints="0" sequenceCoverage="100.0" branchCoverage="0" maxCyclomaticComplexity="3" minCyclomaticComplexity="3" maxCrapScore="3" minCrapScore="3" visitedClasses="0" numClasses="0" visitedMethods="1" numMethods="1" />
              <MetadataToken>100663329</MetadataToken>
              <Name>System.Boolean DragonBoss::ValidateComponents()</Name>
              <FileRef uid="3" />
              <SequencePoints>
                <SequencePoint vc="4" uspid="9867" ordinal="0" offset="0" sl="335" sc="5" el="335" ec="5" bec="0" bev="0" fileid="3" />
                <SequencePoint vc="4" uspid="9868" ordinal="0" offset="1" sl="336" sc="9" el="336" ec="9" bec="0" bev="0" fileid="3" />
                <SequencePoint vc="4" uspid="9869" ordinal="0" offset="47" sl="337" sc="5" el="337" ec="5" bec="0" bev="0" fileid="3" />
              </SequencePoints>
              <BranchPoints />
            </Method>
            <Method visited="true" cyclomaticComplexity="8" nPathComplexity="0" sequenceCoverage="17.24" branchCoverage="0" crapScore="44.28" isConstructor="false" isStatic="false" isGetter="false" isSetter="false">
              <Summary numSequencePoints="29" visitedSequencePoints="5" numBranchPoints="0" visitedBranchPoints="0" sequenceCoverage="17.24" branchCoverage="0" maxCyclomaticComplexity="8" minCyclomaticComplexity="8" maxCrapScore="44.28" minCrapScore="44.28" visitedClasses="0" numClasses="0" visitedMethods="1" numMethods="1" />
              <MetadataToken>100663381</MetadataToken>
              <Name>System.Void DragonBoss::OnCollisionEnter2D(UnityEngine.Collision2D)</Name>
              <FileRef uid="3" />
              <SequencePoints>
                <SequencePoint vc="2" uspid="10612" ordinal="0" offset="0" sl="1982" sc="5" el="1982" ec="5" bec="0" bev="0" fileid="3" />
                <SequencePoint vc="2" uspid="10613" ordinal="0" offset="1" sl="1983" sc="9" el="1983" ec="9" bec="0" bev="0" fileid="3" />
                <SequencePoint vc="0" uspid="10614" ordinal="0" offset="11" sl="1983" sc="21" el="1983" ec="21" bec="0" bev="0" fileid="3" />
                <SequencePoint vc="2" uspid="10615" ordinal="0" offset="16" sl="1985" sc="9" el="1985" ec="9" bec="0" bev="0" fileid="3" />
                <SequencePoint vc="2" uspid="10616" ordinal="0" offset="28" sl="1986" sc="9" el="1986" ec="9" bec="0" bev="0" fileid="3" />
                <SequencePoint vc="0" uspid="10617" ordinal="0" offset="42" sl="1987" sc="9" el="1987" ec="9" bec="0" bev="0" fileid="3" />
                <SequencePoint vc="0" uspid="10618" ordinal="0" offset="43" sl="1989" sc="13" el="1989" ec="13" bec="0" bev="0" fileid="3" />
                <SequencePoint vc="0" uspid="10619" ordinal="0" offset="58" sl="1990" sc="13" el="1990" ec="13" bec="0" bev="0" fileid="3" />
                <SequencePoint vc="0" uspid="10620" ordinal="0" offset="59" sl="1991" sc="17" el="1991" ec="17" bec="0" bev="0" fileid="3" />
                <SequencePoint vc="0" uspid="10621" ordinal="0" offset="91" sl="1992" sc="17" el="1992" ec="17" bec="0" bev="0" fileid="3" />
                <SequencePoint vc="0" uspid="10622" ordinal="0" offset="96" sl="1996" sc="13" el="1996" ec="13" bec="0" bev="0" fileid="3" />
                <SequencePoint vc="0" uspid="10623" ordinal="0" offset="132" sl="1997" sc="13" el="1997" ec="13" bec="0" bev="0" fileid="3" />
                <SequencePoint vc="0" uspid="10624" ordinal="0" offset="133" sl="1998" sc="17" el="1998" ec="17" bec="0" bev="0" fileid="3" />
                <SequencePoint vc="0" uspid="10625" ordinal="0" offset="144" sl="1999" sc="17" el="1999" ec="17" bec="0" bev="0" fileid="3" />
                <SequencePoint vc="0" uspid="10626" ordinal="0" offset="149" sl="2003" sc="13" el="2003" ec="13" bec="0" bev="0" fileid="3" />
                <SequencePoint vc="0" uspid="10627" ordinal="0" offset="181" sl="2005" sc="13" el="2005" ec="13" bec="0" bev="0" fileid="3" />
                <SequencePoint vc="0" uspid="10628" ordinal="0" offset="188" sl="2006" sc="13" el="2006" ec="13" bec="0" bev="0" fileid="3" />
                <SequencePoint vc="0" uspid="10629" ordinal="0" offset="189" sl="2008" sc="17" el="2008" ec="17" bec="0" bev="0" fileid="3" />
                <SequencePoint vc="0" uspid="10630" ordinal="0" offset="202" sl="2011" sc="17" el="2011" ec="17" bec="0" bev="0" fileid="3" />
                <SequencePoint vc="0" uspid="10631" ordinal="0" offset="217" sl="2012" sc="17" el="2012" ec="17" bec="0" bev="0" fileid="3" />
                <SequencePoint vc="0" uspid="10632" ordinal="0" offset="218" sl="2013" sc="21" el="2013" ec="21" bec="0" bev="0" fileid="3" />
                <SequencePoint vc="0" uspid="10633" ordinal="0" offset="230" sl="2014" sc="17" el="2014" ec="17" bec="0" bev="0" fileid="3" />
                <SequencePoint vc="0" uspid="10634" ordinal="0" offset="231" sl="2016" sc="17" el="2016" ec="17" bec="0" bev="0" fileid="3" />
                <SequencePoint vc="0" uspid="10635" ordinal="0" offset="269" sl="2017" sc="13" el="2017" ec="13" bec="0" bev="0" fileid="3" />
                <SequencePoint vc="0" uspid="10636" ordinal="0" offset="272" sl="2019" sc="13" el="2019" ec="13" bec="0" bev="0" fileid="3" />
                <SequencePoint vc="0" uspid="10637" ordinal="0" offset="273" sl="2020" sc="17" el="2020" ec="17" bec="0" bev="0" fileid="3" />
                <SequencePoint vc="0" uspid="10638" ordinal="0" offset="305" sl="2021" sc="13" el="2021" ec="13" bec="0" bev="0" fileid="3" />
                <SequencePoint vc="0" uspid="10639" ordinal="0" offset="306" sl="2022" sc="9" el="2022" ec="9" bec="0" bev="0" fileid="3" />
                <SequencePoint vc="2" uspid="10640" ordinal="0" offset="307" sl="2023" sc="5" el="2023" ec="5" bec="0" bev="0" fileid="3" />
              </SequencePoints>
              <BranchPoints />
            </Method>
            <Method visited="true" cyclomaticComplexity="1" nPathComplexity="0" sequenceCoverage="100.0" branchCoverage="0" crapScore="1" isConstructor="true" isStatic="false" isGetter="false" isSetter="false">
              <Summary numSequencePoints="63" visitedSequencePoints="63" numBranchPoints="0" visitedBranchPoints="0" sequenceCoverage="100.0" branchCoverage="0" maxCyclomaticComplexity="1" minCyclomaticComplexity="1" maxCrapScore="1" minCrapScore="1" visitedClasses="0" numClasses="0" visitedMethods="1" numMethods="1" />
              <MetadataToken>100663383</MetadataToken>
              <Name>DragonBoss::DragonBoss()</Name>
              <FileRef uid="3" />
              <SequencePoints>
                <SequencePoint vc="7" uspid="10664" ordinal="0" offset="0" sl="10" sc="22" el="10" ec="22" bec="0" bev="0" fileid="3" />
                <SequencePoint vc="7" uspid="10665" ordinal="0" offset="11" sl="11" sc="22" el="11" ec="22" bec="0" bev="0" fileid="3" />
                <SequencePoint vc="7" uspid="10666" ordinal="0" offset="22" sl="14" sc="22" el="14" ec="22" bec="0" bev="0" fileid="3" />
                <SequencePoint vc="7" uspid="10667" ordinal="0" offset="48" sl="15" sc="22" el="15" ec="22" bec="0" bev="0" fileid="3" />
                <SequencePoint vc="7" uspid="10668" ordinal="0" offset="69" sl="18" sc="22" el="18" ec="22" bec="0" bev="0" fileid="3" />
                <SequencePoint vc="7" uspid="10669" ordinal="0" offset="100" sl="19" sc="22" el="19" ec="22" bec="0" bev="0" fileid="3" />
                <SequencePoint vc="7" uspid="10670" ordinal="0" offset="107" sl="22" sc="22" el="22" ec="22" bec="0" bev="0" fileid="3" />
                <SequencePoint vc="7" uspid="10671" ordinal="0" offset="118" sl="23" sc="22" el="23" ec="22" bec="0" bev="0" fileid="3" />
                <SequencePoint vc="7" uspid="10672" ordinal="0" offset="129" sl="24" sc="22" el="24" ec="22" bec="0" bev="0" fileid="3" />
                <SequencePoint vc="7" uspid="10673" ordinal="0" offset="141" sl="27" sc="22" el="27" ec="22" bec="0" bev="0" fileid="3" />
                <SequencePoint vc="7" uspid="10674" ordinal="0" offset="152" sl="28" sc="22" el="28" ec="22" bec="0" bev="0" fileid="3" />
                <SequencePoint vc="7" uspid="10675" ordinal="0" offset="163" sl="29" sc="22" el="29" ec="22" bec="0" bev="0" fileid="3" />
                <SequencePoint vc="7" uspid="10676" ordinal="0" offset="174" sl="30" sc="22" el="30" ec="22" bec="0" bev="0" fileid="3" />
                <SequencePoint vc="7" uspid="10677" ordinal="0" offset="185" sl="31" sc="22" el="31" ec="22" bec="0" bev="0" fileid="3" />
                <SequencePoint vc="7" uspid="10678" ordinal="0" offset="206" sl="34" sc="22" el="34" ec="22" bec="0" bev="0" fileid="3" />
                <SequencePoint vc="7" uspid="10679" ordinal="0" offset="217" sl="35" sc="22" el="35" ec="22" bec="0" bev="0" fileid="3" />
                <SequencePoint vc="7" uspid="10680" ordinal="0" offset="228" sl="36" sc="22" el="36" ec="22" bec="0" bev="0" fileid="3" />
                <SequencePoint vc="7" uspid="10681" ordinal="0" offset="239" sl="37" sc="22" el="37" ec="22" bec="0" bev="0" fileid="3" />
                <SequencePoint vc="7" uspid="10682" ordinal="0" offset="250" sl="38" sc="22" el="38" ec="22" bec="0" bev="0" fileid="3" />
                <SequencePoint vc="7" uspid="10683" ordinal="0" offset="261" sl="39" sc="22" el="39" ec="22" bec="0" bev="0" fileid="3" />
                <SequencePoint vc="7" uspid="10684" ordinal="0" offset="272" sl="40" sc="22" el="40" ec="22" bec="0" bev="0" fileid="3" />
                <SequencePoint vc="7" uspid="10685" ordinal="0" offset="283" sl="41" sc="22" el="41" ec="22" bec="0" bev="0" fileid="3" />
                <SequencePoint vc="7" uspid="10686" ordinal="0" offset="304" sl="42" sc="22" el="42" ec="22" bec="0" bev="0" fileid="3" />
                <SequencePoint vc="7" uspid="10687" ordinal="0" offset="315" sl="43" sc="22" el="43" ec="22" bec="0" bev="0" fileid="3" />
                <SequencePoint vc="7" uspid="10688" ordinal="0" offset="322" sl="46" sc="22" el="46" ec="22" bec="0" bev="0" fileid="3" />
                <SequencePoint vc="7" uspid="10689" ordinal="0" offset="333" sl="47" sc="22" el="47" ec="22" bec="0" bev="0" fileid="3" />
                <SequencePoint vc="7" uspid="10690" ordinal="0" offset="344" sl="48" sc="22" el="48" ec="22" bec="0" bev="0" fileid="3" />
                <SequencePoint vc="7" uspid="10691" ordinal="0" offset="355" sl="49" sc="22" el="49" ec="22" bec="0" bev="0" fileid="3" />
                <SequencePoint vc="7" uspid="10692" ordinal="0" offset="366" sl="50" sc="22" el="50" ec="22" bec="0" bev="0" fileid="3" />
                <SequencePoint vc="7" uspid="10693" ordinal="0" offset="377" sl="51" sc="22" el="51" ec="22" bec="0" bev="0" fileid="3" />
                <SequencePoint vc="7" uspid="10694" ordinal="0" offset="384" sl="52" sc="22" el="52" ec="22" bec="0" bev="0" fileid="3" />
                <SequencePoint vc="7" uspid="10695" ordinal="0" offset="395" sl="53" sc="22" el="53" ec="22" bec="0" bev="0" fileid="3" />
                <SequencePoint vc="7" uspid="10696" ordinal="0" offset="416" sl="54" sc="22" el="54" ec="22" bec="0" bev="0" fileid="3" />
                <SequencePoint vc="7" uspid="10697" ordinal="0" offset="427" sl="55" sc="22" el="55" ec="22" bec="0" bev="0" fileid="3" />
                <SequencePoint vc="7" uspid="10698" ordinal="0" offset="438" sl="56" sc="22" el="56" ec="22" bec="0" bev="0" fileid="3" />
                <SequencePoint vc="7" uspid="10699" ordinal="0" offset="449" sl="57" sc="22" el="57" ec="22" bec="0" bev="0" fileid="3" />
                <SequencePoint vc="7" uspid="10700" ordinal="0" offset="460" sl="61" sc="22" el="61" ec="22" bec="0" bev="0" fileid="3" />
                <SequencePoint vc="7" uspid="10701" ordinal="0" offset="471" sl="62" sc="22" el="62" ec="22" bec="0" bev="0" fileid="3" />
                <SequencePoint vc="7" uspid="10702" ordinal="0" offset="482" sl="63" sc="22" el="63" ec="22" bec="0" bev="0" fileid="3" />
                <SequencePoint vc="7" uspid="10703" ordinal="0" offset="494" sl="66" sc="22" el="66" ec="22" bec="0" bev="0" fileid="3" />
                <SequencePoint vc="7" uspid="10704" ordinal="0" offset="505" sl="67" sc="22" el="67" ec="22" bec="0" bev="0" fileid="3" />
                <SequencePoint vc="7" uspid="10705" ordinal="0" offset="516" sl="68" sc="22" el="68" ec="22" bec="0" bev="0" fileid="3" />
                <SequencePoint vc="7" uspid="10706" ordinal="0" offset="527" sl="69" sc="22" el="69" ec="22" bec="0" bev="0" fileid="3" />
                <SequencePoint vc="7" uspid="10707" ordinal="0" offset="538" sl="77" sc="5" el="77" ec="5" bec="0" bev="0" fileid="3" />
                <SequencePoint vc="7" uspid="10708" ordinal="0" offset="545" sl="82" sc="5" el="82" ec="5" bec="0" bev="0" fileid="3" />
                <SequencePoint vc="7" uspid="10709" ordinal="0" offset="552" sl="83" sc="5" el="83" ec="5" bec="0" bev="0" fileid="3" />
                <SequencePoint vc="7" uspid="10710" ordinal="0" offset="559" sl="88" sc="5" el="88" ec="5" bec="0" bev="0" fileid="3" />
                <SequencePoint vc="7" uspid="10711" ordinal="0" offset="566" sl="91" sc="5" el="91" ec="5" bec="0" bev="0" fileid="3" />
                <SequencePoint vc="7" uspid="10712" ordinal="0" offset="577" sl="92" sc="5" el="92" ec="5" bec="0" bev="0" fileid="3" />
                <SequencePoint vc="7" uspid="10713" ordinal="0" offset="588" sl="93" sc="5" el="93" ec="5" bec="0" bev="0" fileid="3" />
                <SequencePoint vc="7" uspid="10714" ordinal="0" offset="599" sl="94" sc="5" el="94" ec="5" bec="0" bev="0" fileid="3" />
                <SequencePoint vc="7" uspid="10715" ordinal="0" offset="610" sl="95" sc="5" el="95" ec="5" bec="0" bev="0" fileid="3" />
                <SequencePoint vc="7" uspid="10716" ordinal="0" offset="617" sl="96" sc="5" el="96" ec="5" bec="0" bev="0" fileid="3" />
                <SequencePoint vc="7" uspid="10717" ordinal="0" offset="624" sl="97" sc="5" el="97" ec="5" bec="0" bev="0" fileid="3" />
                <SequencePoint vc="7" uspid="10718" ordinal="0" offset="631" sl="101" sc="5" el="101" ec="5" bec="0" bev="0" fileid="3" />
                <SequencePoint vc="7" uspid="10719" ordinal="0" offset="642" sl="102" sc="5" el="102" ec="5" bec="0" bev="0" fileid="3" />
                <SequencePoint vc="7" uspid="10720" ordinal="0" offset="653" sl="103" sc="5" el="103" ec="5" bec="0" bev="0" fileid="3" />
                <SequencePoint vc="7" uspid="10721" ordinal="0" offset="664" sl="104" sc="5" el="104" ec="5" bec="0" bev="0" fileid="3" />
                <SequencePoint vc="7" uspid="10722" ordinal="0" offset="671" sl="111" sc="5" el="111" ec="5" bec="0" bev="0" fileid="3" />
                <SequencePoint vc="7" uspid="10723" ordinal="0" offset="682" sl="112" sc="5" el="112" ec="5" bec="0" bev="0" fileid="3" />
                <SequencePoint vc="7" uspid="10724" ordinal="0" offset="693" sl="113" sc="5" el="113" ec="5" bec="0" bev="0" fileid="3" />
                <SequencePoint vc="7" uspid="10725" ordinal="0" offset="704" sl="117" sc="5" el="117" ec="5" bec="0" bev="0" fileid="3" />
                <SequencePoint vc="7" uspid="10726" ordinal="0" offset="711" sl="118" sc="5" el="118" ec="5" bec="0" bev="0" fileid="3" />
              </SequencePoints>
              <BranchPoints />
            </Method>
          </Methods>
        </Class>
        <Class>
          <Summary numSequencePoints="36" visitedSequencePoints="33" numBranchPoints="0" visitedBranchPoints="0" sequenceCoverage="91.67" branchCoverage="0.0" maxCyclomaticComplexity="2" minCyclomaticComplexity="1" maxCrapScore="2.50" minCrapScore="1" visitedClasses="1" numClasses="1" visitedMethods="2" numMethods="2" />
          <FullName>EnemyBehavior</FullName>
          <Methods>
            <Method visited="true" cyclomaticComplexity="2" nPathComplexity="0" sequenceCoverage="50.00" branchCoverage="0" crapScore="2.50" isConstructor="false" isStatic="false" isGetter="false" isSetter="false">
              <Summary numSequencePoints="6" visitedSequencePoints="3" numBranchPoints="0" visitedBranchPoints="0" sequenceCoverage="50.00" branchCoverage="0" maxCyclomaticComplexity="2" minCyclomaticComplexity="2" maxCrapScore="2.50" minCrapScore="2.50" visitedClasses="0" numClasses="0" visitedMethods="1" numMethods="1" />
              <MetadataToken>100663420</MetadataToken>
              <Name>System.Void EnemyBehavior::OnDestroy()</Name>
              <FileRef uid="4" />
              <SequencePoints>
                <SequencePoint vc="9" uspid="11318" ordinal="0" offset="0" sl="971" sc="5" el="971" ec="5" bec="0" bev="0" fileid="4" />
                <SequencePoint vc="9" uspid="11319" ordinal="0" offset="1" sl="973" sc="9" el="973" ec="9" bec="0" bev="0" fileid="4" />
                <SequencePoint vc="0" uspid="11320" ordinal="0" offset="17" sl="974" sc="9" el="974" ec="9" bec="0" bev="0" fileid="4" />
                <SequencePoint vc="0" uspid="11321" ordinal="0" offset="18" sl="975" sc="13" el="975" ec="13" bec="0" bev="0" fileid="4" />
                <SequencePoint vc="0" uspid="11322" ordinal="0" offset="35" sl="976" sc="9" el="976" ec="9" bec="0" bev="0" fileid="4" />
                <SequencePoint vc="9" uspid="11323" ordinal="0" offset="36" sl="977" sc="5" el="977" ec="5" bec="0" bev="0" fileid="4" />
              </SequencePoints>
              <BranchPoints />
            </Method>
            <Method visited="true" cyclomaticComplexity="1" nPathComplexity="0" sequenceCoverage="100.0" branchCoverage="0" crapScore="1" isConstructor="true" isStatic="false" isGetter="false" isSetter="false">
              <Summary numSequencePoints="30" visitedSequencePoints="30" numBranchPoints="0" visitedBranchPoints="0" sequenceCoverage="100.0" branchCoverage="0" maxCyclomaticComplexity="1" minCyclomaticComplexity="1" maxCrapScore="1" minCrapScore="1" visitedClasses="0" numClasses="0" visitedMethods="1" numMethods="1" />
              <MetadataToken>100663421</MetadataToken>
              <Name>EnemyBehavior::EnemyBehavior()</Name>
              <FileRef uid="4" />
              <SequencePoints>
                <SequencePoint vc="9" uspid="11324" ordinal="0" offset="0" sl="8" sc="22" el="8" ec="22" bec="0" bev="0" fileid="4" />
                <SequencePoint vc="9" uspid="11325" ordinal="0" offset="8" sl="9" sc="22" el="9" ec="22" bec="0" bev="0" fileid="4" />
                <SequencePoint vc="9" uspid="11326" ordinal="0" offset="19" sl="12" sc="22" el="12" ec="22" bec="0" bev="0" fileid="4" />
                <SequencePoint vc="9" uspid="11327" ordinal="0" offset="45" sl="13" sc="22" el="13" ec="22" bec="0" bev="0" fileid="4" />
                <SequencePoint vc="9" uspid="11328" ordinal="0" offset="66" sl="16" sc="22" el="16" ec="22" bec="0" bev="0" fileid="4" />
                <SequencePoint vc="9" uspid="11329" ordinal="0" offset="97" sl="17" sc="22" el="17" ec="22" bec="0" bev="0" fileid="4" />
                <SequencePoint vc="9" uspid="11330" ordinal="0" offset="104" sl="20" sc="22" el="20" ec="22" bec="0" bev="0" fileid="4" />
                <SequencePoint vc="9" uspid="11331" ordinal="0" offset="111" sl="21" sc="22" el="21" ec="22" bec="0" bev="0" fileid="4" />
                <SequencePoint vc="9" uspid="11332" ordinal="0" offset="122" sl="22" sc="22" el="22" ec="22" bec="0" bev="0" fileid="4" />
                <SequencePoint vc="9" uspid="11333" ordinal="0" offset="133" sl="23" sc="22" el="23" ec="22" bec="0" bev="0" fileid="4" />
                <SequencePoint vc="9" uspid="11334" ordinal="0" offset="144" sl="24" sc="22" el="24" ec="22" bec="0" bev="0" fileid="4" />
                <SequencePoint vc="9" uspid="11335" ordinal="0" offset="155" sl="25" sc="22" el="25" ec="22" bec="0" bev="0" fileid="4" />
                <SequencePoint vc="9" uspid="11336" ordinal="0" offset="166" sl="26" sc="22" el="26" ec="22" bec="0" bev="0" fileid="4" />
                <SequencePoint vc="9" uspid="11337" ordinal="0" offset="177" sl="27" sc="22" el="27" ec="22" bec="0" bev="0" fileid="4" />
                <SequencePoint vc="9" uspid="11338" ordinal="0" offset="198" sl="28" sc="22" el="28" ec="22" bec="0" bev="0" fileid="4" />
                <SequencePoint vc="9" uspid="11339" ordinal="0" offset="209" sl="29" sc="22" el="29" ec="22" bec="0" bev="0" fileid="4" />
                <SequencePoint vc="9" uspid="11340" ordinal="0" offset="220" sl="30" sc="22" el="30" ec="22" bec="0" bev="0" fileid="4" />
                <SequencePoint vc="9" uspid="11341" ordinal="0" offset="231" sl="33" sc="22" el="33" ec="22" bec="0" bev="0" fileid="4" />
                <SequencePoint vc="9" uspid="11342" ordinal="0" offset="238" sl="36" sc="22" el="36" ec="22" bec="0" bev="0" fileid="4" />
                <SequencePoint vc="9" uspid="11343" ordinal="0" offset="250" sl="44" sc="5" el="44" ec="5" bec="0" bev="0" fileid="4" />
                <SequencePoint vc="9" uspid="11344" ordinal="0" offset="257" sl="50" sc="5" el="50" ec="5" bec="0" bev="0" fileid="4" />
                <SequencePoint vc="9" uspid="11345" ordinal="0" offset="268" sl="51" sc="5" el="51" ec="5" bec="0" bev="0" fileid="4" />
                <SequencePoint vc="9" uspid="11346" ordinal="0" offset="275" sl="52" sc="5" el="52" ec="5" bec="0" bev="0" fileid="4" />
                <SequencePoint vc="9" uspid="11347" ordinal="0" offset="286" sl="55" sc="5" el="55" ec="5" bec="0" bev="0" fileid="4" />
                <SequencePoint vc="9" uspid="11348" ordinal="0" offset="293" sl="56" sc="5" el="56" ec="5" bec="0" bev="0" fileid="4" />
                <SequencePoint vc="9" uspid="11349" ordinal="0" offset="300" sl="59" sc="5" el="59" ec="5" bec="0" bev="0" fileid="4" />
                <SequencePoint vc="9" uspid="11350" ordinal="0" offset="307" sl="60" sc="5" el="60" ec="5" bec="0" bev="0" fileid="4" />
                <SequencePoint vc="9" uspid="11351" ordinal="0" offset="318" sl="71" sc="5" el="71" ec="5" bec="0" bev="0" fileid="4" />
                <SequencePoint vc="9" uspid="11352" ordinal="0" offset="329" sl="72" sc="5" el="72" ec="5" bec="0" bev="0" fileid="4" />
                <SequencePoint vc="9" uspid="11353" ordinal="0" offset="340" sl="73" sc="5" el="73" ec="5" bec="0" bev="0" fileid="4" />
              </SequencePoints>
              <BranchPoints />
            </Method>
          </Methods>
        </Class>
        <Class>
          <Summary numSequencePoints="788" visitedSequencePoints="497" numBranchPoints="0" visitedBranchPoints="0" sequenceCoverage="63.07" branchCoverage="0.0" maxCyclomaticComplexity="31" minCyclomaticComplexity="1" maxCrapScore="346.29" minCrapScore="1" visitedClasses="1" numClasses="1" visitedMethods="25" numMethods="25" />
          <FullName>PlayerMovement</FullName>
          <Methods>
            <Method visited="true" cyclomaticComplexity="7" nPathComplexity="0" sequenceCoverage="82.93" branchCoverage="0" crapScore="7.24" isConstructor="false" isStatic="false" isGetter="false" isSetter="false">
              <Summary numSequencePoints="41" visitedSequencePoints="34" numBranchPoints="0" visitedBranchPoints="0" sequenceCoverage="82.93" branchCoverage="0" maxCyclomaticComplexity="7" minCyclomaticComplexity="7" maxCrapScore="7.24" minCrapScore="7.24" visitedClasses="0" numClasses="0" visitedMethods="1" numMethods="1" />
              <MetadataToken>100663513</MetadataToken>
              <Name>System.Void PlayerMovement::Awake()</Name>
              <FileRef uid="9" />
              <SequencePoints>
                <SequencePoint vc="43" uspid="12251" ordinal="0" offset="0" sl="208" sc="5" el="208" ec="5" bec="0" bev="0" fileid="9" />
                <SequencePoint vc="43" uspid="12252" ordinal="0" offset="1" sl="209" sc="9" el="209" ec="9" bec="0" bev="0" fileid="9" />
                <SequencePoint vc="43" uspid="12253" ordinal="0" offset="13" sl="210" sc="9" el="210" ec="9" bec="0" bev="0" fileid="9" />
                <SequencePoint vc="43" uspid="12254" ordinal="0" offset="25" sl="213" sc="9" el="213" ec="9" bec="0" bev="0" fileid="9" />
                <SequencePoint vc="26" uspid="12255" ordinal="0" offset="41" sl="214" sc="9" el="214" ec="9" bec="0" bev="0" fileid="9" />
                <SequencePoint vc="26" uspid="12256" ordinal="0" offset="42" sl="215" sc="13" el="215" ec="13" bec="0" bev="0" fileid="9" />
                <SequencePoint vc="26" uspid="12257" ordinal="0" offset="59" sl="216" sc="13" el="216" ec="13" bec="0" bev="0" fileid="9" />
                <SequencePoint vc="26" uspid="12258" ordinal="0" offset="72" sl="217" sc="9" el="217" ec="9" bec="0" bev="0" fileid="9" />
                <SequencePoint vc="43" uspid="12259" ordinal="0" offset="73" sl="220" sc="9" el="220" ec="9" bec="0" bev="0" fileid="9" />
                <SequencePoint vc="43" uspid="12260" ordinal="0" offset="85" sl="221" sc="9" el="221" ec="9" bec="0" bev="0" fileid="9" />
                <SequencePoint vc="43" uspid="12261" ordinal="0" offset="101" sl="222" sc="13" el="222" ec="13" bec="0" bev="0" fileid="9" />
                <SequencePoint vc="43" uspid="12262" ordinal="0" offset="113" sl="225" sc="9" el="225" ec="9" bec="0" bev="0" fileid="9" />
                <SequencePoint vc="43" uspid="12263" ordinal="0" offset="125" sl="226" sc="9" el="226" ec="9" bec="0" bev="0" fileid="9" />
                <SequencePoint vc="43" uspid="12264" ordinal="0" offset="141" sl="227" sc="13" el="227" ec="13" bec="0" bev="0" fileid="9" />
                <SequencePoint vc="43" uspid="12265" ordinal="0" offset="153" sl="230" sc="9" el="230" ec="9" bec="0" bev="0" fileid="9" />
                <SequencePoint vc="0" uspid="12266" ordinal="0" offset="188" sl="231" sc="9" el="231" ec="9" bec="0" bev="0" fileid="9" />
                <SequencePoint vc="0" uspid="12267" ordinal="0" offset="189" sl="232" sc="13" el="232" ec="13" bec="0" bev="0" fileid="9" />
                <SequencePoint vc="0" uspid="12268" ordinal="0" offset="207" sl="233" sc="13" el="233" ec="13" bec="0" bev="0" fileid="9" />
                <SequencePoint vc="0" uspid="12269" ordinal="0" offset="219" sl="234" sc="9" el="234" ec="9" bec="0" bev="0" fileid="9" />
                <SequencePoint vc="43" uspid="12270" ordinal="0" offset="220" sl="237" sc="9" el="237" ec="9" bec="0" bev="0" fileid="9" />
                <SequencePoint vc="17" uspid="12271" ordinal="0" offset="233" sl="240" sc="9" el="240" ec="9" bec="0" bev="0" fileid="9" />
                <SequencePoint vc="17" uspid="12272" ordinal="0" offset="244" sl="241" sc="9" el="241" ec="9" bec="0" bev="0" fileid="9" />
                <SequencePoint vc="17" uspid="12273" ordinal="0" offset="256" sl="242" sc="9" el="242" ec="9" bec="0" bev="0" fileid="9" />
                <SequencePoint vc="17" uspid="12274" ordinal="0" offset="268" sl="243" sc="9" el="243" ec="9" bec="0" bev="0" fileid="9" />
                <SequencePoint vc="17" uspid="12275" ordinal="0" offset="281" sl="244" sc="9" el="244" ec="9" bec="0" bev="0" fileid="9" />
                <SequencePoint vc="17" uspid="12276" ordinal="0" offset="293" sl="245" sc="9" el="245" ec="9" bec="0" bev="0" fileid="9" />
                <SequencePoint vc="17" uspid="12277" ordinal="0" offset="310" sl="248" sc="9" el="248" ec="9" bec="0" bev="0" fileid="9" />
                <SequencePoint vc="17" uspid="12278" ordinal="0" offset="323" sl="249" sc="9" el="249" ec="9" bec="0" bev="0" fileid="9" />
                <SequencePoint vc="17" uspid="12279" ordinal="0" offset="334" sl="250" sc="9" el="250" ec="9" bec="0" bev="0" fileid="9" />
                <SequencePoint vc="17" uspid="12280" ordinal="0" offset="347" sl="253" sc="9" el="253" ec="9" bec="0" bev="0" fileid="9" />
                <SequencePoint vc="17" uspid="12281" ordinal="0" offset="359" sl="254" sc="9" el="254" ec="9" bec="0" bev="0" fileid="9" />
                <SequencePoint vc="17" uspid="12282" ordinal="0" offset="371" sl="255" sc="9" el="255" ec="9" bec="0" bev="0" fileid="9" />
                <SequencePoint vc="17" uspid="12283" ordinal="0" offset="388" sl="258" sc="9" el="258" ec="9" bec="0" bev="0" fileid="9" />
                <SequencePoint vc="17" uspid="12284" ordinal="0" offset="400" sl="259" sc="9" el="259" ec="9" bec="0" bev="0" fileid="9" />
                <SequencePoint vc="17" uspid="12285" ordinal="0" offset="401" sl="260" sc="13" el="260" ec="13" bec="0" bev="0" fileid="9" />
                <SequencePoint vc="17" uspid="12286" ordinal="0" offset="408" sl="261" sc="9" el="261" ec="9" bec="0" bev="0" fileid="9" />
                <SequencePoint vc="0" uspid="12287" ordinal="0" offset="411" sl="263" sc="9" el="263" ec="9" bec="0" bev="0" fileid="9" />
                <SequencePoint vc="0" uspid="12288" ordinal="0" offset="412" sl="265" sc="13" el="265" ec="13" bec="0" bev="0" fileid="9" />
                <SequencePoint vc="0" uspid="12289" ordinal="0" offset="419" sl="266" sc="9" el="266" ec="9" bec="0" bev="0" fileid="9" />
                <SequencePoint vc="17" uspid="12290" ordinal="0" offset="420" sl="269" sc="9" el="269" ec="9" bec="0" bev="0" fileid="9" />
                <SequencePoint vc="17" uspid="12291" ordinal="0" offset="432" sl="270" sc="5" el="270" ec="5" bec="0" bev="0" fileid="9" />
              </SequencePoints>
              <BranchPoints />
            </Method>
            <Method visited="true" cyclomaticComplexity="7" nPathComplexity="0" sequenceCoverage="51.52" branchCoverage="0" crapScore="12.58" isConstructor="false" isStatic="false" isGetter="false" isSetter="false">
              <Summary numSequencePoints="33" visitedSequencePoints="17" numBranchPoints="0" visitedBranchPoints="0" sequenceCoverage="51.52" branchCoverage="0" maxCyclomaticComplexity="7" minCyclomaticComplexity="7" maxCrapScore="12.58" minCrapScore="12.58" visitedClasses="0" numClasses="0" visitedMethods="1" numMethods="1" />
              <MetadataToken>100663514</MetadataToken>
              <Name>System.Void PlayerMovement::Update()</Name>
              <FileRef uid="9" />
              <SequencePoints>
                <SequencePoint vc="6" uspid="12292" ordinal="0" offset="0" sl="273" sc="5" el="273" ec="5" bec="0" bev="0" fileid="9" />
                <SequencePoint vc="6" uspid="12293" ordinal="0" offset="1" sl="274" sc="9" el="274" ec="9" bec="0" bev="0" fileid="9" />
                <SequencePoint vc="6" uspid="12294" ordinal="0" offset="8" sl="275" sc="9" el="275" ec="9" bec="0" bev="0" fileid="9" />
                <SequencePoint vc="6" uspid="12295" ordinal="0" offset="15" sl="276" sc="9" el="276" ec="9" bec="0" bev="0" fileid="9" />
                <SequencePoint vc="6" uspid="12296" ordinal="0" offset="22" sl="277" sc="9" el="277" ec="9" bec="0" bev="0" fileid="9" />
                <SequencePoint vc="6" uspid="12297" ordinal="0" offset="29" sl="278" sc="9" el="278" ec="9" bec="0" bev="0" fileid="9" />
                <SequencePoint vc="6" uspid="12298" ordinal="0" offset="36" sl="279" sc="9" el="279" ec="9" bec="0" bev="0" fileid="9" />
                <SequencePoint vc="6" uspid="12299" ordinal="0" offset="43" sl="280" sc="9" el="280" ec="9" bec="0" bev="0" fileid="9" />
                <SequencePoint vc="6" uspid="12300" ordinal="0" offset="50" sl="281" sc="9" el="281" ec="9" bec="0" bev="0" fileid="9" />
                <SequencePoint vc="6" uspid="12301" ordinal="0" offset="57" sl="282" sc="9" el="282" ec="9" bec="0" bev="0" fileid="9" />
                <SequencePoint vc="6" uspid="12302" ordinal="0" offset="64" sl="283" sc="9" el="283" ec="9" bec="0" bev="0" fileid="9" />
                <SequencePoint vc="6" uspid="12303" ordinal="0" offset="71" sl="286" sc="9" el="286" ec="9" bec="0" bev="0" fileid="9" />
                <SequencePoint vc="6" uspid="12304" ordinal="0" offset="78" sl="287" sc="9" el="287" ec="9" bec="0" bev="0" fileid="9" />
                <SequencePoint vc="6" uspid="12305" ordinal="0" offset="85" sl="288" sc="9" el="288" ec="9" bec="0" bev="0" fileid="9" />
                <SequencePoint vc="6" uspid="12306" ordinal="0" offset="92" sl="291" sc="9" el="291" ec="9" bec="0" bev="0" fileid="9" />
                <SequencePoint vc="6" uspid="12307" ordinal="0" offset="100" sl="292" sc="9" el="292" ec="9" bec="0" bev="0" fileid="9" />
                <SequencePoint vc="0" uspid="12308" ordinal="0" offset="119" sl="293" sc="9" el="293" ec="9" bec="0" bev="0" fileid="9" />
                <SequencePoint vc="0" uspid="12309" ordinal="0" offset="120" sl="295" sc="13" el="295" ec="13" bec="0" bev="0" fileid="9" />
                <SequencePoint vc="0" uspid="12310" ordinal="0" offset="155" sl="296" sc="13" el="296" ec="13" bec="0" bev="0" fileid="9" />
                <SequencePoint vc="0" uspid="12311" ordinal="0" offset="189" sl="299" sc="13" el="299" ec="13" bec="0" bev="0" fileid="9" />
                <SequencePoint vc="0" uspid="12312" ordinal="0" offset="203" sl="300" sc="13" el="300" ec="13" bec="0" bev="0" fileid="9" />
                <SequencePoint vc="0" uspid="12313" ordinal="0" offset="222" sl="303" sc="13" el="303" ec="13" bec="0" bev="0" fileid="9" />
                <SequencePoint vc="0" uspid="12314" ordinal="0" offset="229" sl="304" sc="13" el="304" ec="13" bec="0" bev="0" fileid="9" />
                <SequencePoint vc="0" uspid="12315" ordinal="0" offset="248" sl="305" sc="13" el="305" ec="13" bec="0" bev="0" fileid="9" />
                <SequencePoint vc="0" uspid="12316" ordinal="0" offset="249" sl="306" sc="17" el="306" ec="17" bec="0" bev="0" fileid="9" />
                <SequencePoint vc="0" uspid="12317" ordinal="0" offset="263" sl="307" sc="17" el="307" ec="17" bec="0" bev="0" fileid="9" />
                <SequencePoint vc="0" uspid="12318" ordinal="0" offset="286" sl="308" sc="13" el="308" ec="13" bec="0" bev="0" fileid="9" />
                <SequencePoint vc="0" uspid="12319" ordinal="0" offset="287" sl="310" sc="13" el="310" ec="13" bec="0" bev="0" fileid="9" />
                <SequencePoint vc="0" uspid="12320" ordinal="0" offset="294" sl="311" sc="13" el="311" ec="13" bec="0" bev="0" fileid="9" />
                <SequencePoint vc="0" uspid="12321" ordinal="0" offset="301" sl="312" sc="13" el="312" ec="13" bec="0" bev="0" fileid="9" />
                <SequencePoint vc="0" uspid="12322" ordinal="0" offset="308" sl="314" sc="13" el="314" ec="13" bec="0" bev="0" fileid="9" />
                <SequencePoint vc="0" uspid="12323" ordinal="0" offset="404" sl="315" sc="9" el="315" ec="9" bec="0" bev="0" fileid="9" />
                <SequencePoint vc="6" uspid="12324" ordinal="0" offset="405" sl="316" sc="5" el="316" ec="5" bec="0" bev="0" fileid="9" />
              </SequencePoints>
              <BranchPoints />
            </Method>
            <Method visited="true" cyclomaticComplexity="9" nPathComplexity="0" sequenceCoverage="88.89" branchCoverage="0" crapScore="9.11" isConstructor="false" isStatic="false" isGetter="false" isSetter="false">
              <Summary numSequencePoints="18" visitedSequencePoints="16" numBranchPoints="0" visitedBranchPoints="0" sequenceCoverage="88.89" branchCoverage="0" maxCyclomaticComplexity="9" minCyclomaticComplexity="9" maxCrapScore="9.11" minCrapScore="9.11" visitedClasses="0" numClasses="0" visitedMethods="1" numMethods="1" />
              <MetadataToken>100663515</MetadataToken>
              <Name>System.Void PlayerMovement::GetInput()</Name>
              <FileRef uid="9" />
              <SequencePoints>
                <SequencePoint vc="6" uspid="12325" ordinal="0" offset="0" sl="319" sc="5" el="319" ec="5" bec="0" bev="0" fileid="9" />
                <SequencePoint vc="6" uspid="12326" ordinal="0" offset="1" sl="321" sc="9" el="321" ec="9" bec="0" bev="0" fileid="9" />
                <SequencePoint vc="6" uspid="12327" ordinal="0" offset="12" sl="322" sc="9" el="322" ec="9" bec="0" bev="0" fileid="9" />
                <SequencePoint vc="6" uspid="12328" ordinal="0" offset="19" sl="323" sc="9" el="323" ec="9" bec="0" bev="0" fileid="9" />
                <SequencePoint vc="6" uspid="12329" ordinal="0" offset="26" sl="324" sc="9" el="324" ec="9" bec="0" bev="0" fileid="9" />
                <SequencePoint vc="6" uspid="12330" ordinal="0" offset="33" sl="327" sc="9" el="327" ec="9" bec="0" bev="0" fileid="9" />
                <SequencePoint vc="6" uspid="12331" ordinal="0" offset="48" sl="328" sc="9" el="328" ec="9" bec="0" bev="0" fileid="9" />
                <SequencePoint vc="6" uspid="12332" ordinal="0" offset="49" sl="330" sc="13" el="330" ec="13" bec="0" bev="0" fileid="9" />
                <SequencePoint vc="6" uspid="12333" ordinal="0" offset="90" sl="331" sc="13" el="331" ec="13" bec="0" bev="0" fileid="9" />
                <SequencePoint vc="6" uspid="12334" ordinal="0" offset="131" sl="332" sc="13" el="332" ec="13" bec="0" bev="0" fileid="9" />
                <SequencePoint vc="6" uspid="12335" ordinal="0" offset="172" sl="335" sc="13" el="335" ec="13" bec="0" bev="0" fileid="9" />
                <SequencePoint vc="6" uspid="12336" ordinal="0" offset="184" sl="338" sc="13" el="338" ec="13" bec="0" bev="0" fileid="9" />
                <SequencePoint vc="6" uspid="12337" ordinal="0" offset="242" sl="343" sc="13" el="343" ec="13" bec="0" bev="0" fileid="9" />
                <SequencePoint vc="0" uspid="12338" ordinal="0" offset="252" sl="344" sc="17" el="344" ec="17" bec="0" bev="0" fileid="9" />
                <SequencePoint vc="6" uspid="12339" ordinal="0" offset="265" sl="345" sc="18" el="345" ec="18" bec="0" bev="0" fileid="9" />
                <SequencePoint vc="0" uspid="12340" ordinal="0" offset="275" sl="346" sc="17" el="346" ec="17" bec="0" bev="0" fileid="9" />
                <SequencePoint vc="6" uspid="12341" ordinal="0" offset="286" sl="347" sc="9" el="347" ec="9" bec="0" bev="0" fileid="9" />
                <SequencePoint vc="6" uspid="12342" ordinal="0" offset="287" sl="348" sc="5" el="348" ec="5" bec="0" bev="0" fileid="9" />
              </SequencePoints>
              <BranchPoints />
            </Method>
            <Method visited="true" cyclomaticComplexity="31" nPathComplexity="0" sequenceCoverage="31.03" branchCoverage="0" crapScore="346.29" isConstructor="false" isStatic="false" isGetter="false" isSetter="false">
              <Summary numSequencePoints="58" visitedSequencePoints="18" numBranchPoints="0" visitedBranchPoints="0" sequenceCoverage="31.03" branchCoverage="0" maxCyclomaticComplexity="31" minCyclomaticComplexity="31" maxCrapScore="346.29" minCrapScore="346.29" visitedClasses="0" numClasses="0" visitedMethods="1" numMethods="1" />
              <MetadataToken>100663516</MetadataToken>
              <Name>System.Void PlayerMovement::HandleMovement()</Name>
              <FileRef uid="9" />
              <SequencePoints>
                <SequencePoint vc="6" uspid="12343" ordinal="0" offset="0" sl="351" sc="5" el="351" ec="5" bec="0" bev="0" fileid="9" />
                <SequencePoint vc="6" uspid="12344" ordinal="0" offset="1" sl="353" sc="9" el="353" ec="9" bec="0" bev="0" fileid="9" />
                <SequencePoint vc="0" uspid="12345" ordinal="0" offset="35" sl="354" sc="9" el="354" ec="9" bec="0" bev="0" fileid="9" />
                <SequencePoint vc="0" uspid="12346" ordinal="0" offset="36" sl="356" sc="13" el="356" ec="13" bec="0" bev="0" fileid="9" />
                <SequencePoint vc="0" uspid="12347" ordinal="0" offset="74" sl="357" sc="13" el="357" ec="13" bec="0" bev="0" fileid="9" />
                <SequencePoint vc="6" uspid="12348" ordinal="0" offset="79" sl="361" sc="9" el="361" ec="9" bec="0" bev="0" fileid="9" />
                <SequencePoint vc="6" uspid="12349" ordinal="0" offset="122" sl="365" sc="9" el="365" ec="9" bec="0" bev="0" fileid="9" />
                <SequencePoint vc="6" uspid="12350" ordinal="0" offset="123" sl="365" sc="37" el="365" ec="37" bec="0" bev="0" fileid="9" />
                <SequencePoint vc="0" uspid="12351" ordinal="0" offset="138" sl="365" sc="18" el="365" ec="18" bec="0" bev="0" fileid="9" />
                <SequencePoint vc="0" uspid="12352" ordinal="0" offset="147" sl="366" sc="9" el="366" ec="9" bec="0" bev="0" fileid="9" />
                <SequencePoint vc="0" uspid="12353" ordinal="0" offset="148" sl="367" sc="13" el="367" ec="13" bec="0" bev="0" fileid="9" />
                <SequencePoint vc="0" uspid="12354" ordinal="0" offset="177" sl="368" sc="13" el="368" ec="13" bec="0" bev="0" fileid="9" />
                <SequencePoint vc="0" uspid="12355" ordinal="0" offset="178" sl="369" sc="17" el="369" ec="17" bec="0" bev="0" fileid="9" />
                <SequencePoint vc="0" uspid="12356" ordinal="0" offset="201" sl="370" sc="13" el="370" ec="13" bec="0" bev="0" fileid="9" />
                <SequencePoint vc="0" uspid="12357" ordinal="0" offset="202" sl="371" sc="9" el="371" ec="9" bec="0" bev="0" fileid="9" />
                <SequencePoint vc="6" uspid="12358" ordinal="0" offset="203" sl="365" sc="34" el="365" ec="34" bec="0" bev="0" fileid="9" />
                <SequencePoint vc="6" uspid="12359" ordinal="0" offset="229" sl="374" sc="9" el="374" ec="9" bec="0" bev="0" fileid="9" />
                <SequencePoint vc="6" uspid="12360" ordinal="0" offset="258" sl="375" sc="9" el="375" ec="9" bec="0" bev="0" fileid="9" />
                <SequencePoint vc="0" uspid="12361" ordinal="0" offset="265" sl="376" sc="9" el="376" ec="9" bec="0" bev="0" fileid="9" />
                <SequencePoint vc="0" uspid="12362" ordinal="0" offset="266" sl="377" sc="13" el="377" ec="13" bec="0" bev="0" fileid="9" />
                <SequencePoint vc="0" uspid="12363" ordinal="0" offset="274" sl="378" sc="9" el="378" ec="9" bec="0" bev="0" fileid="9" />
                <SequencePoint vc="6" uspid="12364" ordinal="0" offset="275" sl="380" sc="9" el="380" ec="9" bec="0" bev="0" fileid="9" />
                <SequencePoint vc="6" uspid="12365" ordinal="0" offset="284" sl="383" sc="9" el="383" ec="9" bec="0" bev="0" fileid="9" />
                <SequencePoint vc="0" uspid="12366" ordinal="0" offset="310" sl="384" sc="9" el="384" ec="9" bec="0" bev="0" fileid="9" />
                <SequencePoint vc="0" uspid="12367" ordinal="0" offset="311" sl="385" sc="13" el="385" ec="13" bec="0" bev="0" fileid="9" />
                <SequencePoint vc="0" uspid="12368" ordinal="0" offset="325" sl="386" sc="9" el="386" ec="9" bec="0" bev="0" fileid="9" />
                <SequencePoint vc="6" uspid="12369" ordinal="0" offset="326" sl="388" sc="9" el="388" ec="9" bec="0" bev="0" fileid="9" />
                <SequencePoint vc="6" uspid="12370" ordinal="0" offset="360" sl="391" sc="9" el="391" ec="9" bec="0" bev="0" fileid="9" />
                <SequencePoint vc="6" uspid="12371" ordinal="0" offset="389" sl="392" sc="9" el="392" ec="9" bec="0" bev="0" fileid="9" />
                <SequencePoint vc="6" uspid="12372" ordinal="0" offset="419" sl="394" sc="9" el="394" ec="9" bec="0" bev="0" fileid="9" />
                <SequencePoint vc="0" uspid="12373" ordinal="0" offset="453" sl="395" sc="9" el="395" ec="9" bec="0" bev="0" fileid="9" />
                <SequencePoint vc="0" uspid="12374" ordinal="0" offset="454" sl="396" sc="13" el="396" ec="13" bec="0" bev="0" fileid="9" />
                <SequencePoint vc="0" uspid="12375" ordinal="0" offset="467" sl="398" sc="13" el="398" ec="13" bec="0" bev="0" fileid="9" />
                <SequencePoint vc="0" uspid="12376" ordinal="0" offset="486" sl="399" sc="13" el="399" ec="13" bec="0" bev="0" fileid="9" />
                <SequencePoint vc="0" uspid="12377" ordinal="0" offset="487" sl="400" sc="17" el="400" ec="17" bec="0" bev="0" fileid="9" />
                <SequencePoint vc="0" uspid="12378" ordinal="0" offset="500" sl="402" sc="13" el="402" ec="13" bec="0" bev="0" fileid="9" />
                <SequencePoint vc="0" uspid="12379" ordinal="0" offset="503" sl="403" sc="18" el="403" ec="18" bec="0" bev="0" fileid="9" />
                <SequencePoint vc="0" uspid="12380" ordinal="0" offset="522" sl="404" sc="13" el="404" ec="13" bec="0" bev="0" fileid="9" />
                <SequencePoint vc="0" uspid="12381" ordinal="0" offset="523" sl="405" sc="17" el="405" ec="17" bec="0" bev="0" fileid="9" />
                <SequencePoint vc="0" uspid="12382" ordinal="0" offset="536" sl="407" sc="13" el="407" ec="13" bec="0" bev="0" fileid="9" />
                <SequencePoint vc="0" uspid="12383" ordinal="0" offset="537" sl="410" sc="13" el="410" ec="13" bec="0" bev="0" fileid="9" />
                <SequencePoint vc="0" uspid="12384" ordinal="0" offset="573" sl="411" sc="13" el="411" ec="13" bec="0" bev="0" fileid="9" />
                <SequencePoint vc="0" uspid="12385" ordinal="0" offset="574" sl="412" sc="17" el="412" ec="17" bec="0" bev="0" fileid="9" />
                <SequencePoint vc="0" uspid="12386" ordinal="0" offset="597" sl="413" sc="13" el="413" ec="13" bec="0" bev="0" fileid="9" />
                <SequencePoint vc="0" uspid="12387" ordinal="0" offset="598" sl="414" sc="9" el="414" ec="9" bec="0" bev="0" fileid="9" />
                <SequencePoint vc="6" uspid="12388" ordinal="0" offset="599" sl="417" sc="9" el="417" ec="9" bec="0" bev="0" fileid="9" />
                <SequencePoint vc="0" uspid="12389" ordinal="0" offset="611" sl="418" sc="9" el="418" ec="9" bec="0" bev="0" fileid="9" />
                <SequencePoint vc="0" uspid="12390" ordinal="0" offset="612" sl="419" sc="13" el="419" ec="13" bec="0" bev="0" fileid="9" />
                <SequencePoint vc="0" uspid="12391" ordinal="0" offset="619" sl="420" sc="9" el="420" ec="9" bec="0" bev="0" fileid="9" />
                <SequencePoint vc="6" uspid="12392" ordinal="0" offset="622" sl="421" sc="14" el="421" ec="14" bec="0" bev="0" fileid="9" />
                <SequencePoint vc="0" uspid="12393" ordinal="0" offset="653" sl="422" sc="9" el="422" ec="9" bec="0" bev="0" fileid="9" />
                <SequencePoint vc="0" uspid="12394" ordinal="0" offset="654" sl="424" sc="13" el="424" ec="13" bec="0" bev="0" fileid="9" />
                <SequencePoint vc="0" uspid="12395" ordinal="0" offset="693" sl="425" sc="9" el="425" ec="9" bec="0" bev="0" fileid="9" />
                <SequencePoint vc="6" uspid="12396" ordinal="0" offset="694" sl="428" sc="9" el="428" ec="9" bec="0" bev="0" fileid="9" />
                <SequencePoint vc="0" uspid="12397" ordinal="0" offset="731" sl="429" sc="9" el="429" ec="9" bec="0" bev="0" fileid="9" />
                <SequencePoint vc="0" uspid="12398" ordinal="0" offset="732" sl="430" sc="13" el="430" ec="13" bec="0" bev="0" fileid="9" />
                <SequencePoint vc="0" uspid="12399" ordinal="0" offset="745" sl="431" sc="9" el="431" ec="9" bec="0" bev="0" fileid="9" />
                <SequencePoint vc="6" uspid="12400" ordinal="0" offset="746" sl="432" sc="5" el="432" ec="5" bec="0" bev="0" fileid="9" />
              </SequencePoints>
              <BranchPoints />
            </Method>
            <Method visited="true" cyclomaticComplexity="3" nPathComplexity="0" sequenceCoverage="100.0" branchCoverage="0" crapScore="3" isConstructor="false" isStatic="false" isGetter="false" isSetter="false">
              <Summary numSequencePoints="19" visitedSequencePoints="19" numBranchPoints="0" visitedBranchPoints="0" sequenceCoverage="100.0" branchCoverage="0" maxCyclomaticComplexity="3" minCyclomaticComplexity="3" maxCrapScore="3" minCrapScore="3" visitedClasses="0" numClasses="0" visitedMethods="1" numMethods="1" />
              <MetadataToken>100663518</MetadataToken>
              <Name>System.Void PlayerMovement::CheckGrounded()</Name>
              <FileRef uid="9" />
              <SequencePoints>
                <SequencePoint vc="6" uspid="12447" ordinal="0" offset="0" sl="506" sc="5" el="506" ec="5" bec="0" bev="0" fileid="9" />
                <SequencePoint vc="6" uspid="12448" ordinal="0" offset="1" sl="507" sc="9" el="507" ec="9" bec="0" bev="0" fileid="9" />
                <SequencePoint vc="6" uspid="12449" ordinal="0" offset="55" sl="508" sc="9" el="508" ec="9" bec="0" bev="0" fileid="9" />
                <SequencePoint vc="6" uspid="12450" ordinal="0" offset="62" sl="511" sc="9" el="511" ec="9" bec="0" bev="0" fileid="9" />
                <SequencePoint vc="6" uspid="12451" ordinal="0" offset="96" sl="512" sc="9" el="512" ec="9" bec="0" bev="0" fileid="9" />
                <SequencePoint vc="6" uspid="12452" ordinal="0" offset="130" sl="516" sc="9" el="516" ec="9" bec="0" bev="0" fileid="9" />
                <SequencePoint vc="6" uspid="12453" ordinal="0" offset="139" sl="517" sc="9" el="517" ec="9" bec="0" bev="0" fileid="9" />
                <SequencePoint vc="6" uspid="12454" ordinal="0" offset="150" sl="520" sc="9" el="520" ec="9" bec="0" bev="0" fileid="9" />
                <SequencePoint vc="6" uspid="12455" ordinal="0" offset="179" sl="521" sc="9" el="521" ec="9" bec="0" bev="0" fileid="9" />
                <SequencePoint vc="6" uspid="12456" ordinal="0" offset="200" sl="522" sc="9" el="522" ec="9" bec="0" bev="0" fileid="9" />
                <SequencePoint vc="6" uspid="12457" ordinal="0" offset="229" sl="525" sc="9" el="525" ec="9" bec="0" bev="0" fileid="9" />
                <SequencePoint vc="6" uspid="12458" ordinal="0" offset="240" sl="526" sc="9" el="526" ec="9" bec="0" bev="0" fileid="9" />
                <SequencePoint vc="6" uspid="12459" ordinal="0" offset="251" sl="527" sc="9" el="527" ec="9" bec="0" bev="0" fileid="9" />
                <SequencePoint vc="6" uspid="12460" ordinal="0" offset="262" sl="530" sc="9" el="530" ec="9" bec="0" bev="0" fileid="9" />
                <SequencePoint vc="6" uspid="12461" ordinal="0" offset="285" sl="531" sc="9" el="531" ec="9" bec="0" bev="0" fileid="9" />
                <SequencePoint vc="6" uspid="12462" ordinal="0" offset="300" sl="532" sc="9" el="532" ec="9" bec="0" bev="0" fileid="9" />
                <SequencePoint vc="6" uspid="12463" ordinal="0" offset="327" sl="533" sc="9" el="533" ec="9" bec="0" bev="0" fileid="9" />
                <SequencePoint vc="6" uspid="12464" ordinal="0" offset="375" sl="536" sc="9" el="536" ec="9" bec="0" bev="0" fileid="9" />
                <SequencePoint vc="6" uspid="12465" ordinal="0" offset="392" sl="537" sc="5" el="537" ec="5" bec="0" bev="0" fileid="9" />
              </SequencePoints>
              <BranchPoints />
            </Method>
            <Method visited="true" cyclomaticComplexity="6" nPathComplexity="0" sequenceCoverage="90.91" branchCoverage="0" crapScore="6.03" isConstructor="false" isStatic="false" isGetter="false" isSetter="false">
[...]
              <MetadataToken>100663317</MetadataToken>
              <Name>System.Void Tests.PlayMode.DragonBossTests::DragonBoss_PositionManagement()</Name>
              <FileRef uid="21" />
              <SequencePoints>
                <SequencePoint vc="1" uspid="18530" ordinal="0" offset="0" sl="62" sc="9" el="62" ec="9" bec="0" bev="0" fileid="21" />
                <SequencePoint vc="1" uspid="18531" ordinal="0" offset="1" sl="63" sc="13" el="63" ec="13" bec="0" bev="0" fileid="21" />
                <SequencePoint vc="1" uspid="18532" ordinal="0" offset="33" sl="64" sc="13" el="64" ec="13" bec="0" bev="0" fileid="21" />
                <SequencePoint vc="1" uspid="18533" ordinal="0" offset="80" sl="65" sc="9" el="65" ec="9" bec="0" bev="0" fileid="21" />
              </SequencePoints>
              <BranchPoints />
            </Method>
            <Method visited="true" cyclomaticComplexity="1" nPathComplexity="0" sequenceCoverage="100.0" branchCoverage="0" crapScore="1" isConstructor="false" isStatic="false" isGetter="false" isSetter="false">
              <Summary numSequencePoints="5" visitedSequencePoints="5" numBranchPoints="0" visitedBranchPoints="0" sequenceCoverage="100.0" branchCoverage="0" maxCyclomaticComplexity="1" minCyclomaticComplexity="1" maxCrapScore="1" minCrapScore="1" visitedClasses="0" numClasses="0" visitedMethods="1" numMethods="1" />
              <MetadataToken>100663318</MetadataToken>
              <Name>System.Void Tests.PlayMode.DragonBossTests::DragonBoss_StateManagement()</Name>
              <FileRef uid="21" />
              <SequencePoints>
                <SequencePoint vc="1" uspid="18534" ordinal="0" offset="0" sl="69" sc="9" el="69" ec="9" bec="0" bev="0" fileid="21" />
                <SequencePoint vc="1" uspid="18535" ordinal="0" offset="1" sl="70" sc="13" el="70" ec="13" bec="0" bev="0" fileid="21" />
                <SequencePoint vc="1" uspid="18536" ordinal="0" offset="18" sl="72" sc="13" el="72" ec="13" bec="0" bev="0" fileid="21" />
                <SequencePoint vc="1" uspid="18537" ordinal="0" offset="31" sl="73" sc="13" el="73" ec="13" bec="0" bev="0" fileid="21" />
                <SequencePoint vc="1" uspid="18538" ordinal="0" offset="48" sl="74" sc="9" el="74" ec="9" bec="0" bev="0" fileid="21" />
              </SequencePoints>
              <BranchPoints />
            </Method>
            <Method visited="true" cyclomaticComplexity="1" nPathComplexity="0" sequenceCoverage="100.0" branchCoverage="0" crapScore="1" isConstructor="false" isStatic="false" isGetter="false" isSetter="false">
              <Summary numSequencePoints="4" visitedSequencePoints="4" numBranchPoints="0" visitedBranchPoints="0" sequenceCoverage="100.0" branchCoverage="0" maxCyclomaticComplexity="1" minCyclomaticComplexity="1" maxCrapScore="1" minCrapScore="1" visitedClasses="0" numClasses="0" visitedMethods="1" numMethods="1" />
              <MetadataToken>100663319</MetadataToken>
              <Name>System.Void Tests.PlayMode.DragonBossTests::DragonBoss_ComponentIntegration()</Name>
              <FileRef uid="21" />
              <SequencePoints>
                <SequencePoint vc="1" uspid="18539" ordinal="0" offset="0" sl="78" sc="9" el="78" ec="9" bec="0" bev="0" fileid="21" />
                <SequencePoint vc="1" uspid="18540" ordinal="0" offset="1" sl="79" sc="13" el="79" ec="13" bec="0" bev="0" fileid="21" />
                <SequencePoint vc="1" uspid="18541" ordinal="0" offset="13" sl="80" sc="13" el="80" ec="13" bec="0" bev="0" fileid="21" />
                <SequencePoint vc="1" uspid="18542" ordinal="0" offset="30" sl="81" sc="9" el="81" ec="9" bec="0" bev="0" fileid="21" />
              </SequencePoints>
              <BranchPoints />
            </Method>
          </Methods>
        </Class>
        <Class>
          <Summary numSequencePoints="14" visitedSequencePoints="14" numBranchPoints="0" visitedBranchPoints="0" sequenceCoverage="100.0" branchCoverage="0.0" maxCyclomaticComplexity="1" minCyclomaticComplexity="1" maxCrapScore="1" minCrapScore="1" visitedClasses="1" numClasses="1" visitedMethods="2" numMethods="2" />
          <FullName>Tests.PlayMode.EnemyBehaviorTests</FullName>
          <Methods>
            <Method visited="true" cyclomaticComplexity="1" nPathComplexity="0" sequenceCoverage="100.0" branchCoverage="0" crapScore="1" isConstructor="false" isStatic="false" isGetter="false" isSetter="false">
              <Summary numSequencePoints="10" visitedSequencePoints="10" numBranchPoints="0" visitedBranchPoints="0" sequenceCoverage="100.0" branchCoverage="0" maxCyclomaticComplexity="1" minCyclomaticComplexity="1" maxCrapScore="1" minCrapScore="1" visitedClasses="0" numClasses="0" visitedMethods="1" numMethods="1" />
              <MetadataToken>100663322</MetadataToken>
              <Name>System.Void Tests.PlayMode.EnemyBehaviorTests::SetUp()</Name>
              <FileRef uid="22" />
              <SequencePoints>
                <SequencePoint vc="9" uspid="18543" ordinal="0" offset="0" sl="16" sc="9" el="16" ec="9" bec="0" bev="0" fileid="22" />
                <SequencePoint vc="9" uspid="18544" ordinal="0" offset="1" sl="18" sc="13" el="18" ec="13" bec="0" bev="0" fileid="22" />
                <SequencePoint vc="9" uspid="18545" ordinal="0" offset="17" sl="19" sc="13" el="19" ec="13" bec="0" bev="0" fileid="22" />
                <SequencePoint vc="9" uspid="18546" ordinal="0" offset="34" sl="20" sc="13" el="20" ec="13" bec="0" bev="0" fileid="22" />
                <SequencePoint vc="9" uspid="18547" ordinal="0" offset="46" sl="21" sc="13" el="21" ec="13" bec="0" bev="0" fileid="22" />
                <SequencePoint vc="9" uspid="18548" ordinal="0" offset="58" sl="24" sc="13" el="24" ec="13" bec="0" bev="0" fileid="22" />
                <SequencePoint vc="9" uspid="18549" ordinal="0" offset="74" sl="25" sc="13" el="25" ec="13" bec="0" bev="0" fileid="22" />
                <SequencePoint vc="9" uspid="18550" ordinal="0" offset="86" sl="26" sc="13" el="26" ec="13" bec="0" bev="0" fileid="22" />
                <SequencePoint vc="9" uspid="18551" ordinal="0" offset="98" sl="27" sc="13" el="27" ec="13" bec="0" bev="0" fileid="22" />
                <SequencePoint vc="9" uspid="18552" ordinal="0" offset="110" sl="28" sc="9" el="28" ec="9" bec="0" bev="0" fileid="22" />
              </SequencePoints>
              <BranchPoints />
            </Method>
            <Method visited="true" cyclomaticComplexity="1" nPathComplexity="0" sequenceCoverage="100.0" branchCoverage="0" crapScore="1" isConstructor="false" isStatic="false" isGetter="false" isSetter="false">
              <Summary numSequencePoints="4" visitedSequencePoints="4" numBranchPoints="0" visitedBranchPoints="0" sequenceCoverage="100.0" branchCoverage="0" maxCyclomaticComplexity="1" minCyclomaticComplexity="1" maxCrapScore="1" minCrapScore="1" visitedClasses="0" numClasses="0" visitedMethods="1" numMethods="1" />
              <MetadataToken>100663323</MetadataToken>
              <Name>System.Void Tests.PlayMode.EnemyBehaviorTests::TearDown()</Name>
              <FileRef uid="22" />
              <SequencePoints>
                <SequencePoint vc="9" uspid="18553" ordinal="0" offset="0" sl="32" sc="9" el="32" ec="9" bec="0" bev="0" fileid="22" />
                <SequencePoint vc="9" uspid="18554" ordinal="0" offset="1" sl="33" sc="13" el="33" ec="13" bec="0" bev="0" fileid="22" />
                <SequencePoint vc="9" uspid="18555" ordinal="0" offset="13" sl="34" sc="13" el="34" ec="13" bec="0" bev="0" fileid="22" />
                <SequencePoint vc="9" uspid="18556" ordinal="0" offset="25" sl="35" sc="9" el="35" ec="9" bec="0" bev="0" fileid="22" />
              </SequencePoints>
              <BranchPoints />
            </Method>
          </Methods>
        </Class>
        <Class>
          <Summary numSequencePoints="13" visitedSequencePoints="13" numBranchPoints="0" visitedBranchPoints="0" sequenceCoverage="100.0" branchCoverage="0.0" maxCyclomaticComplexity="1" minCyclomaticComplexity="1" maxCrapScore="1" minCrapScore="1" visitedClasses="1" numClasses="1" visitedMethods="2" numMethods="2" />
          <FullName>Tests.PlayMode.LadderTests</FullName>
          <Methods>
            <Method visited="true" cyclomaticComplexity="1" nPathComplexity="0" sequenceCoverage="100.0" branchCoverage="0" crapScore="1" isConstructor="false" isStatic="false" isGetter="false" isSetter="false">
              <Summary numSequencePoints="9" visitedSequencePoints="9" numBranchPoints="0" visitedBranchPoints="0" sequenceCoverage="100.0" branchCoverage="0" maxCyclomaticComplexity="1" minCyclomaticComplexity="1" maxCrapScore="1" minCrapScore="1" visitedClasses="0" numClasses="0" visitedMethods="1" numMethods="1" />
              <MetadataToken>100663334</MetadataToken>
              <Name>System.Void Tests.PlayMode.LadderTests::SetUp()</Name>
              <FileRef uid="23" />
              <SequencePoints>
                <SequencePoint vc="8" uspid="18594" ordinal="0" offset="0" sl="16" sc="9" el="16" ec="9" bec="0" bev="0" fileid="23" />
                <SequencePoint vc="8" uspid="18595" ordinal="0" offset="1" sl="17" sc="13" el="17" ec="13" bec="0" bev="0" fileid="23" />
                <SequencePoint vc="8" uspid="18596" ordinal="0" offset="17" sl="18" sc="13" el="18" ec="13" bec="0" bev="0" fileid="23" />
                <SequencePoint vc="8" uspid="18597" ordinal="0" offset="34" sl="19" sc="13" el="19" ec="13" bec="0" bev="0" fileid="23" />
                <SequencePoint vc="8" uspid="18598" ordinal="0" offset="52" sl="21" sc="13" el="21" ec="13" bec="0" bev="0" fileid="23" />
                <SequencePoint vc="8" uspid="18599" ordinal="0" offset="68" sl="22" sc="13" el="22" ec="13" bec="0" bev="0" fileid="23" />
                <SequencePoint vc="8" uspid="18600" ordinal="0" offset="80" sl="23" sc="13" el="23" ec="13" bec="0" bev="0" fileid="23" />
                <SequencePoint vc="8" uspid="18601" ordinal="0" offset="92" sl="24" sc="13" el="24" ec="13" bec="0" bev="0" fileid="23" />
                <SequencePoint vc="8" uspid="18602" ordinal="0" offset="104" sl="25" sc="9" el="25" ec="9" bec="0" bev="0" fileid="23" />
              </SequencePoints>
              <BranchPoints />
            </Method>
            <Method visited="true" cyclomaticComplexity="1" nPathComplexity="0" sequenceCoverage="100.0" branchCoverage="0" crapScore="1" isConstructor="false" isStatic="false" isGetter="false" isSetter="false">
              <Summary numSequencePoints="4" visitedSequencePoints="4" numBranchPoints="0" visitedBranchPoints="0" sequenceCoverage="100.0" branchCoverage="0" maxCyclomaticComplexity="1" minCyclomaticComplexity="1" maxCrapScore="1" minCrapScore="1" visitedClasses="0" numClasses="0" visitedMethods="1" numMethods="1" />
              <MetadataToken>100663335</MetadataToken>
              <Name>System.Void Tests.PlayMode.LadderTests::TearDown()</Name>
              <FileRef uid="23" />
              <SequencePoints>
                <SequencePoint vc="8" uspid="18603" ordinal="0" offset="0" sl="29" sc="9" el="29" ec="9" bec="0" bev="0" fileid="23" />
                <SequencePoint vc="8" uspid="18604" ordinal="0" offset="1" sl="30" sc="13" el="30" ec="13" bec="0" bev="0" fileid="23" />
                <SequencePoint vc="8" uspid="18605" ordinal="0" offset="13" sl="31" sc="13" el="31" ec="13" bec="0" bev="0" fileid="23" />
                <SequencePoint vc="8" uspid="18606" ordinal="0" offset="25" sl="32" sc="9" el="32" ec="9" bec="0" bev="0" fileid="23" />
              </SequencePoints>
              <BranchPoints />
            </Method>
          </Methods>
        </Class>
        <Class>
          <Summary numSequencePoints="11" visitedSequencePoints="11" numBranchPoints="0" visitedBranchPoints="0" sequenceCoverage="100.0" branchCoverage="0.0" maxCyclomaticComplexity="1" minCyclomaticComplexity="1" maxCrapScore="1" minCrapScore="1" visitedClasses="1" numClasses="1" visitedMethods="2" numMethods="2" />
          <FullName>Tests.PlayMode.PlayerMovementTests</FullName>
          <Methods>
            <Method visited="true" cyclomaticComplexity="1" nPathComplexity="0" sequenceCoverage="100.0" branchCoverage="0" crapScore="1" isConstructor="false" isStatic="false" isGetter="false" isSetter="false">
              <Summary numSequencePoints="8" visitedSequencePoints="8" numBranchPoints="0" visitedBranchPoints="0" sequenceCoverage="100.0" branchCoverage="0" maxCyclomaticComplexity="1" minCyclomaticComplexity="1" maxCrapScore="1" minCrapScore="1" visitedClasses="0" numClasses="0" visitedMethods="1" numMethods="1" />
              <MetadataToken>100663345</MetadataToken>
              <Name>System.Void Tests.PlayMode.PlayerMovementTests::SetUp()</Name>
              <FileRef uid="24" />
              <SequencePoints>
                <SequencePoint vc="9" uspid="18640" ordinal="0" offset="0" sl="17" sc="9" el="17" ec="9" bec="0" bev="0" fileid="24" />
                <SequencePoint vc="9" uspid="18641" ordinal="0" offset="1" sl="19" sc="13" el="19" ec="13" bec="0" bev="0" fileid="24" />
                <SequencePoint vc="9" uspid="18642" ordinal="0" offset="17" sl="20" sc="13" el="20" ec="13" bec="0" bev="0" fileid="24" />
                <SequencePoint vc="9" uspid="18643" ordinal="0" offset="34" sl="21" sc="13" el="21" ec="13" bec="0" bev="0" fileid="24" />
                <SequencePoint vc="9" uspid="18644" ordinal="0" offset="51" sl="24" sc="13" el="24" ec="13" bec="0" bev="0" fileid="24" />
                <SequencePoint vc="9" uspid="18645" ordinal="0" offset="63" sl="25" sc="13" el="25" ec="13" bec="0" bev="0" fileid="24" />
                <SequencePoint vc="9" uspid="18646" ordinal="0" offset="75" sl="28" sc="13" el="28" ec="13" bec="0" bev="0" fileid="24" />
                <SequencePoint vc="9" uspid="18647" ordinal="0" offset="106" sl="29" sc="9" el="29" ec="9" bec="0" bev="0" fileid="24" />
              </SequencePoints>
              <BranchPoints />
            </Method>
            <Method visited="true" cyclomaticComplexity="1" nPathComplexity="0" sequenceCoverage="100.0" branchCoverage="0" crapScore="1" isConstructor="false" isStatic="false" isGetter="false" isSetter="false">
              <Summary numSequencePoints="3" visitedSequencePoints="3" numBranchPoints="0" visitedBranchPoints="0" sequenceCoverage="100.0" branchCoverage="0" maxCyclomaticComplexity="1" minCyclomaticComplexity="1" maxCrapScore="1" minCrapScore="1" visitedClasses="0" numClasses="0" visitedMethods="1" numMethods="1" />
              <MetadataToken>100663346</MetadataToken>
              <Name>System.Void Tests.PlayMode.PlayerMovementTests::TearDown()</Name>
              <FileRef uid="24" />
              <SequencePoints>
                <SequencePoint vc="9" uspid="18648" ordinal="0" offset="0" sl="33" sc="9" el="33" ec="9" bec="0" bev="0" fileid="24" />
                <SequencePoint vc="9" uspid="18649" ordinal="0" offset="1" sl="34" sc="13" el="34" ec="13" bec="0" bev="0" fileid="24" />
                <SequencePoint vc="9" uspid="18650" ordinal="0" offset="13" sl="35" sc="9" el="35" ec="9" bec="0" bev="0" fileid="24" />
              </SequencePoints>
              <BranchPoints />
            </Method>
          </Methods>
        </Class>
        <Class>
          <Summary numSequencePoints="7" visitedSequencePoints="7" numBranchPoints="0" visitedBranchPoints="0" sequenceCoverage="100.0" branchCoverage="0.0" maxCyclomaticComplexity="3" minCyclomaticComplexity="3" maxCrapScore="3" minCrapScore="3" visitedClasses="1" numClasses="1" visitedMethods="1" numMethods="1" />
          <FullName>Tests.PlayMode.DragonBossTests/&lt;DragonBoss_CombatRange&gt;d__12</FullName>
          <Methods>
            <Method visited="true" cyclomaticComplexity="3" nPathComplexity="0" sequenceCoverage="100.0" branchCoverage="0" crapScore="3" isConstructor="false" isStatic="false" isGetter="false" isSetter="false">
              <Summary numSequencePoints="7" visitedSequencePoints="7" numBranchPoints="0" visitedBranchPoints="0" sequenceCoverage="100.0" branchCoverage="0" maxCyclomaticComplexity="3" minCyclomaticComplexity="3" maxCrapScore="3" minCrapScore="3" visitedClasses="0" numClasses="0" visitedMethods="1" numMethods="1" />
              <MetadataToken>100663371</MetadataToken>
              <Name>System.Boolean Tests.PlayMode.DragonBossTests/&lt;DragonBoss_CombatRange&gt;d__12::MoveNext()</Name>
              <FileRef uid="21" />
              <SequencePoints>
                <SequencePoint vc="1" uspid="18699" ordinal="0" offset="31" sl="85" sc="9" el="85" ec="9" bec="0" bev="0" fileid="21" />
                <SequencePoint vc="1" uspid="18700" ordinal="0" offset="32" sl="86" sc="13" el="86" ec="13" bec="0" bev="0" fileid="21" />
                <SequencePoint vc="1" uspid="18701" ordinal="0" offset="59" sl="87" sc="13" el="87" ec="13" bec="0" bev="0" fileid="21" />
                <SequencePoint vc="1" uspid="18702" ordinal="0" offset="96" sl="89" sc="13" el="89" ec="13" bec="0" bev="0" fileid="21" />
                <SequencePoint vc="1" uspid="18703" ordinal="0" offset="123" sl="91" sc="13" el="91" ec="13" bec="0" bev="0" fileid="21" />
                <SequencePoint vc="1" uspid="18704" ordinal="0" offset="176" sl="96" sc="13" el="96" ec="13" bec="0" bev="0" fileid="21" />
                <SequencePoint vc="1" uspid="18705" ordinal="0" offset="207" sl="97" sc="9" el="97" ec="9" bec="0" bev="0" fileid="21" />
              </SequencePoints>
              <BranchPoints />
            </Method>
          </Methods>
        </Class>
        <Class>
          <Summary numSequencePoints="5" visitedSequencePoints="5" numBranchPoints="0" visitedBranchPoints="0" sequenceCoverage="100.0" branchCoverage="0.0" maxCyclomaticComplexity="3" minCyclomaticComplexity="3" maxCrapScore="3" minCrapScore="3" visitedClasses="1" numClasses="1" visitedMethods="1" numMethods="1" />
          <FullName>Tests.PlayMode.DragonBossTests/&lt;DragonBoss_PlayerDetection&gt;d__8</FullName>
          <Methods>
            <Method visited="true" cyclomaticComplexity="3" nPathComplexity="0" sequenceCoverage="100.0" branchCoverage="0" crapScore="3" isConstructor="false" isStatic="false" isGetter="false" isSetter="false">
              <Summary numSequencePoints="5" visitedSequencePoints="5" numBranchPoints="0" visitedBranchPoints="0" sequenceCoverage="100.0" branchCoverage="0" maxCyclomaticComplexity="3" minCyclomaticComplexity="3" maxCrapScore="3" minCrapScore="3" visitedClasses="0" numClasses="0" visitedMethods="1" numMethods="1" />
              <MetadataToken>100663377</MetadataToken>
              <Name>System.Boolean Tests.PlayMode.DragonBossTests/&lt;DragonBoss_PlayerDetection&gt;d__8::MoveNext()</Name>
              <FileRef uid="21" />
              <SequencePoints>
                <SequencePoint vc="1" uspid="18706" ordinal="0" offset="31" sl="53" sc="9" el="53" ec="9" bec="0" bev="0" fileid="21" />
                <SequencePoint vc="1" uspid="18707" ordinal="0" offset="32" sl="54" sc="13" el="54" ec="13" bec="0" bev="0" fileid="21" />
                <SequencePoint vc="1" uspid="18708" ordinal="0" offset="59" sl="56" sc="13" el="56" ec="13" bec="0" bev="0" fileid="21" />
                <SequencePoint vc="1" uspid="18709" ordinal="0" offset="70" sl="57" sc="13" el="57" ec="13" bec="0" bev="0" fileid="21" />
                <SequencePoint vc="1" uspid="18710" ordinal="0" offset="82" sl="58" sc="9" el="58" ec="9" bec="0" bev="0" fileid="21" />
              </SequencePoints>
              <BranchPoints />
            </Method>
          </Methods>
        </Class>
      </Classes>
    </Module>
  </Modules>
</CoverageSession>