<?xml version="1.0" encoding="utf-8"?>
<CoverageSession xmlns:xsd="http://www.w3.org/2001/XMLSchema" xmlns:xsi="http://www.w3.org/2001/XMLSchema-instance" Version="0.0.0.0">
  <Summary numSequencePoints="615" visitedSequencePoints="608" numBranchPoints="0" visitedBranchPoints="0" sequenceCoverage="98.86" branchCoverage="0.0" maxCyclomaticComplexity="1" minCyclomaticComplexity="1" maxCrapScore="1.12" minCrapScore="1" visitedClasses="12" numClasses="12" visitedMethods="73" numMethods="73" />
  <Modules>
    <Module>
      <Summary numSequencePoints="248" visitedSequencePoints="248" numBranchPoints="0" visitedBranchPoints="0" sequenceCoverage="100.0" branchCoverage="0.0" maxCyclomaticComplexity="1" minCyclomaticComplexity="1" maxCrapScore="1" minCrapScore="1" visitedClasses="6" numClasses="6" visitedMethods="6" numMethods="6" />
      <ModuleTime>0001-01-01T00:00:00</ModuleTime>
      <ModuleName>Game</ModuleName>
      <Files>
        <File uid="1" fullPath="/Users/christianhenken/2dgameproject/Assets/CameraFollow.cs" />
        <File uid="2" fullPath="/Users/christianhenken/2dgameproject/Assets/DamageObject.cs" />
        <File uid="3" fullPath="/Users/christianhenken/2dgameproject/Assets/DragonBoss.cs" />
        <File uid="4" fullPath="/Users/christianhenken/2dgameproject/Assets/EnemyBehavior.cs" />
        <File uid="5" fullPath="/Users/christianhenken/2dgameproject/Assets/FireBreathParticleSpawner.cs" />
        <File uid="6" fullPath="/Users/christianhenken/2dgameproject/Assets/FixedBackground.cs" />
        <File uid="7" fullPath="/Users/christianhenken/2dgameproject/Assets/GameController.cs" />
        <File uid="8" fullPath="/Users/christianhenken/2dgameproject/Assets/ObjectBehaviorController.cs" />
        <File uid="9" fullPath="/Users/christianhenken/2dgameproject/Assets/PlayerMovement.cs" />
        <File uid="10" fullPath="/Users/christianhenken/2dgameproject/Assets/Scripts/Game/AttackDummy.cs" />
        <File uid="11" fullPath="/Users/christianhenken/2dgameproject/Assets/Scripts/Game/Ladder.cs" />
        <File uid="12" fullPath="/Users/christianhenken/2dgameproject/Assets/WeaponClassController.cs" />
      </Files>
      <Classes>
        <Class>
          <Summary numSequencePoints="12" visitedSequencePoints="12" numBranchPoints="0" visitedBranchPoints="0" sequenceCoverage="100.0" branchCoverage="0.0" maxCyclomaticComplexity="1" minCyclomaticComplexity="1" maxCrapScore="1" minCrapScore="1" visitedClasses="1" numClasses="1" visitedMethods="1" numMethods="1" />
          <FullName>CameraFollow</FullName>
          <Methods>
            <Method visited="true" cyclomaticComplexity="1" nPathComplexity="0" sequenceCoverage="100.0" branchCoverage="0" crapScore="1" isConstructor="true" isStatic="false" isGetter="false" isSetter="false">
              <Summary numSequencePoints="12" visitedSequencePoints="12" numBranchPoints="0" visitedBranchPoints="0" sequenceCoverage="100.0" branchCoverage="0" maxCyclomaticComplexity="1" minCyclomaticComplexity="1" maxCrapScore="1" minCrapScore="1" visitedClasses="0" numClasses="0" visitedMethods="1" numMethods="1" />
              <MetadataToken>100663304</MetadataToken>
              <Name>CameraFollow::CameraFollow()</Name>
              <FileRef uid="1" />
              <SequencePoints>
                <SequencePoint vc="9" uspid="28236" ordinal="0" offset="0" sl="9" sc="22" el="9" ec="22" bec="0" bev="0" fileid="1" />
                <SequencePoint vc="9" uspid="28237" ordinal="0" offset="11" sl="10" sc="22" el="10" ec="22" bec="0" bev="0" fileid="1" />
                <SequencePoint vc="9" uspid="28238" ordinal="0" offset="22" sl="11" sc="22" el="11" ec="22" bec="0" bev="0" fileid="1" />
                <SequencePoint vc="9" uspid="28239" ordinal="0" offset="33" sl="12" sc="22" el="12" ec="22" bec="0" bev="0" fileid="1" />
                <SequencePoint vc="9" uspid="28240" ordinal="0" offset="44" sl="15" sc="22" el="15" ec="22" bec="0" bev="0" fileid="1" />
                <SequencePoint vc="9" uspid="28241" ordinal="0" offset="51" sl="16" sc="22" el="16" ec="22" bec="0" bev="0" fileid="1" />
                <SequencePoint vc="9" uspid="28242" ordinal="0" offset="58" sl="17" sc="22" el="17" ec="22" bec="0" bev="0" fileid="1" />
                <SequencePoint vc="9" uspid="28243" ordinal="0" offset="65" sl="18" sc="22" el="18" ec="22" bec="0" bev="0" fileid="1" />
                <SequencePoint vc="9" uspid="28244" ordinal="0" offset="76" sl="21" sc="22" el="21" ec="22" bec="0" bev="0" fileid="1" />
                <SequencePoint vc="9" uspid="28245" ordinal="0" offset="87" sl="25" sc="5" el="25" ec="5" bec="0" bev="0" fileid="1" />
                <SequencePoint vc="9" uspid="28246" ordinal="0" offset="94" sl="26" sc="5" el="26" ec="5" bec="0" bev="0" fileid="1" />
                <SequencePoint vc="9" uspid="28247" ordinal="0" offset="101" sl="27" sc="5" el="27" ec="5" bec="0" bev="0" fileid="1" />
              </SequencePoints>
              <BranchPoints />
            </Method>
          </Methods>
        </Class>
        <Class>
          <Summary numSequencePoints="14" visitedSequencePoints="14" numBranchPoints="0" visitedBranchPoints="0" sequenceCoverage="100.0" branchCoverage="0.0" maxCyclomaticComplexity="1" minCyclomaticComplexity="1" maxCrapScore="1" minCrapScore="1" visitedClasses="1" numClasses="1" visitedMethods="1" numMethods="1" />
          <FullName>DamageObject</FullName>
          <Methods>
            <Method visited="true" cyclomaticComplexity="1" nPathComplexity="0" sequenceCoverage="100.0" branchCoverage="0" crapScore="1" isConstructor="true" isStatic="false" isGetter="false" isSetter="false">
              <Summary numSequencePoints="14" visitedSequencePoints="14" numBranchPoints="0" visitedBranchPoints="0" sequenceCoverage="100.0" branchCoverage="0" maxCyclomaticComplexity="1" minCyclomaticComplexity="1" maxCrapScore="1" minCrapScore="1" visitedClasses="0" numClasses="0" visitedMethods="1" numMethods="1" />
              <MetadataToken>100663319</MetadataToken>
              <Name>DamageObject::DamageObject()</Name>
              <FileRef uid="2" />
              <SequencePoints>
                <SequencePoint vc="11" uspid="28466" ordinal="0" offset="0" sl="10" sc="5" el="10" ec="5" bec="0" bev="0" fileid="2" />
                <SequencePoint vc="11" uspid="28467" ordinal="0" offset="8" sl="13" sc="5" el="13" ec="5" bec="0" bev="0" fileid="2" />
                <SequencePoint vc="11" uspid="28468" ordinal="0" offset="19" sl="16" sc="22" el="16" ec="22" bec="0" bev="0" fileid="2" />
                <SequencePoint vc="11" uspid="28469" ordinal="0" offset="26" sl="19" sc="22" el="19" ec="22" bec="0" bev="0" fileid="2" />
                <SequencePoint vc="11" uspid="28470" ordinal="0" offset="33" sl="22" sc="22" el="22" ec="22" bec="0" bev="0" fileid="2" />
                <SequencePoint vc="11" uspid="28471" ordinal="0" offset="40" sl="25" sc="5" el="25" ec="5" bec="0" bev="0" fileid="2" />
                <SequencePoint vc="11" uspid="28472" ordinal="0" offset="47" sl="28" sc="5" el="28" ec="5" bec="0" bev="0" fileid="2" />
                <SequencePoint vc="11" uspid="28473" ordinal="0" offset="54" sl="31" sc="5" el="31" ec="5" bec="0" bev="0" fileid="2" />
                <SequencePoint vc="11" uspid="28474" ordinal="0" offset="66" sl="41" sc="5" el="41" ec="5" bec="0" bev="0" fileid="2" />
                <SequencePoint vc="11" uspid="28475" ordinal="0" offset="73" sl="42" sc="5" el="42" ec="5" bec="0" bev="0" fileid="2" />
                <SequencePoint vc="11" uspid="28476" ordinal="0" offset="80" sl="43" sc="5" el="43" ec="5" bec="0" bev="0" fileid="2" />
                <SequencePoint vc="11" uspid="28477" ordinal="0" offset="87" sl="44" sc="5" el="44" ec="5" bec="0" bev="0" fileid="2" />
                <SequencePoint vc="11" uspid="28478" ordinal="0" offset="98" sl="45" sc="5" el="45" ec="5" bec="0" bev="0" fileid="2" />
                <SequencePoint vc="11" uspid="28479" ordinal="0" offset="109" sl="46" sc="5" el="46" ec="5" bec="0" bev="0" fileid="2" />
              </SequencePoints>
              <BranchPoints />
            </Method>
          </Methods>
        </Class>
        <Class>
          <Summary numSequencePoints="1" visitedSequencePoints="1" numBranchPoints="0" visitedBranchPoints="0" sequenceCoverage="100.0" branchCoverage="0.0" maxCyclomaticComplexity="1" minCyclomaticComplexity="1" maxCrapScore="1" minCrapScore="1" visitedClasses="1" numClasses="1" visitedMethods="1" numMethods="1" />
          <FullName>GameController</FullName>
          <Methods>
            <Method visited="true" cyclomaticComplexity="1" nPathComplexity="0" sequenceCoverage="100.0" branchCoverage="0" crapScore="1" isConstructor="true" isStatic="false" isGetter="false" isSetter="false">
              <Summary numSequencePoints="1" visitedSequencePoints="1" numBranchPoints="0" visitedBranchPoints="0" sequenceCoverage="100.0" branchCoverage="0" maxCyclomaticComplexity="1" minCyclomaticComplexity="1" maxCrapScore="1" minCrapScore="1" visitedClasses="0" numClasses="0" visitedMethods="1" numMethods="1" />
              <MetadataToken>100663446</MetadataToken>
              <Name>GameController::GameController()</Name>
              <FileRef uid="7" />
              <SequencePoints>
                <SequencePoint vc="8" uspid="30375" ordinal="0" offset="0" sl="7" sc="22" el="7" ec="22" bec="0" bev="0" fileid="7" />
              </SequencePoints>
              <BranchPoints />
            </Method>
          </Methods>
        </Class>
        <Class>
          <Summary numSequencePoints="5" visitedSequencePoints="5" numBranchPoints="0" visitedBranchPoints="0" sequenceCoverage="100.0" branchCoverage="0.0" maxCyclomaticComplexity="1" minCyclomaticComplexity="1" maxCrapScore="1" minCrapScore="1" visitedClasses="1" numClasses="1" visitedMethods="1" numMethods="1" />
          <FullName>ObjectBehaviorController</FullName>
          <Methods>
            <Method visited="true" cyclomaticComplexity="1" nPathComplexity="0" sequenceCoverage="100.0" branchCoverage="0" crapScore="1" isConstructor="true" isStatic="false" isGetter="false" isSetter="false">
              <Summary numSequencePoints="5" visitedSequencePoints="5" numBranchPoints="0" visitedBranchPoints="0" sequenceCoverage="100.0" branchCoverage="0" maxCyclomaticComplexity="1" minCyclomaticComplexity="1" maxCrapScore="1" minCrapScore="1" visitedClasses="0" numClasses="0" visitedMethods="1" numMethods="1" />
              <MetadataToken>100663464</MetadataToken>
              <Name>ObjectBehaviorController::ObjectBehaviorController()</Name>
              <FileRef uid="8" />
              <SequencePoints>
                <SequencePoint vc="11" uspid="30498" ordinal="0" offset="0" sl="27" sc="22" el="27" ec="22" bec="0" bev="0" fileid="8" />
                <SequencePoint vc="11" uspid="30499" ordinal="0" offset="11" sl="30" sc="22" el="30" ec="22" bec="0" bev="0" fileid="8" />
                <SequencePoint vc="11" uspid="30500" ordinal="0" offset="22" sl="31" sc="22" el="31" ec="22" bec="0" bev="0" fileid="8" />
                <SequencePoint vc="11" uspid="30501" ordinal="0" offset="33" sl="32" sc="22" el="32" ec="22" bec="0" bev="0" fileid="8" />
                <SequencePoint vc="11" uspid="30502" ordinal="0" offset="44" sl="33" sc="22" el="33" ec="22" bec="0" bev="0" fileid="8" />
              </SequencePoints>
              <BranchPoints />
            </Method>
          </Methods>
        </Class>
        <Class>
          <Summary numSequencePoints="61" visitedSequencePoints="61" numBranchPoints="0" visitedBranchPoints="0" sequenceCoverage="100.0" branchCoverage="0.0" maxCyclomaticComplexity="1" minCyclomaticComplexity="1" maxCrapScore="1" minCrapScore="1" visitedClasses="1" numClasses="1" visitedMethods="1" numMethods="1" />
          <FullName>PlayerMovement</FullName>
          <Methods>
            <Method visited="true" cyclomaticComplexity="1" nPathComplexity="0" sequenceCoverage="100.0" branchCoverage="0" crapScore="1" isConstructor="true" isStatic="false" isGetter="false" isSetter="false">
              <Summary numSequencePoints="61" visitedSequencePoints="61" numBranchPoints="0" visitedBranchPoints="0" sequenceCoverage="100.0" branchCoverage="0" maxCyclomaticComplexity="1" minCyclomaticComplexity="1" maxCrapScore="1" minCrapScore="1" visitedClasses="0" numClasses="0" visitedMethods="1" numMethods="1" />
              <MetadataToken>100663592</MetadataToken>
              <Name>PlayerMovement::PlayerMovement()</Name>
              <FileRef uid="9" />
              <SequencePoints>
                <SequencePoint vc="27" uspid="32386" ordinal="0" offset="0" sl="13" sc="22" el="13" ec="22" bec="0" bev="0" fileid="9" />
                <SequencePoint vc="27" uspid="32387" ordinal="0" offset="11" sl="14" sc="22" el="14" ec="22" bec="0" bev="0" fileid="9" />
                <SequencePoint vc="27" uspid="32388" ordinal="0" offset="22" sl="17" sc="5" el="17" ec="5" bec="0" bev="0" fileid="9" />
                <SequencePoint vc="27" uspid="32389" ordinal="0" offset="34" sl="18" sc="5" el="18" ec="5" bec="0" bev="0" fileid="9" />
                <SequencePoint vc="27" uspid="32390" ordinal="0" offset="46" sl="19" sc="5" el="19" ec="5" bec="0" bev="0" fileid="9" />
                <SequencePoint vc="27" uspid="32391" ordinal="0" offset="57" sl="20" sc="5" el="20" ec="5" bec="0" bev="0" fileid="9" />
                <SequencePoint vc="27" uspid="32392" ordinal="0" offset="68" sl="23" sc="22" el="23" ec="22" bec="0" bev="0" fileid="9" />
                <SequencePoint vc="27" uspid="32393" ordinal="0" offset="76" sl="24" sc="22" el="24" ec="22" bec="0" bev="0" fileid="9" />
                <SequencePoint vc="27" uspid="32394" ordinal="0" offset="87" sl="25" sc="22" el="25" ec="22" bec="0" bev="0" fileid="9" />
                <SequencePoint vc="27" uspid="32395" ordinal="0" offset="98" sl="26" sc="22" el="26" ec="22" bec="0" bev="0" fileid="9" />
                <SequencePoint vc="27" uspid="32396" ordinal="0" offset="106" sl="29" sc="22" el="29" ec="22" bec="0" bev="0" fileid="9" />
                <SequencePoint vc="27" uspid="32397" ordinal="0" offset="113" sl="30" sc="22" el="30" ec="22" bec="0" bev="0" fileid="9" />
                <SequencePoint vc="27" uspid="32398" ordinal="0" offset="124" sl="31" sc="22" el="31" ec="22" bec="0" bev="0" fileid="9" />
                <SequencePoint vc="27" uspid="32399" ordinal="0" offset="135" sl="32" sc="22" el="32" ec="22" bec="0" bev="0" fileid="9" />
                <SequencePoint vc="27" uspid="32400" ordinal="0" offset="146" sl="35" sc="22" el="35" ec="22" bec="0" bev="0" fileid="9" />
                <SequencePoint vc="27" uspid="32401" ordinal="0" offset="157" sl="36" sc="22" el="36" ec="22" bec="0" bev="0" fileid="9" />
                <SequencePoint vc="27" uspid="32402" ordinal="0" offset="168" sl="37" sc="22" el="37" ec="22" bec="0" bev="0" fileid="9" />
                <SequencePoint vc="27" uspid="32403" ordinal="0" offset="179" sl="41" sc="22" el="41" ec="22" bec="0" bev="0" fileid="9" />
                <SequencePoint vc="27" uspid="32404" ordinal="0" offset="205" sl="42" sc="22" el="42" ec="22" bec="0" bev="0" fileid="9" />
                <SequencePoint vc="27" uspid="32405" ordinal="0" offset="226" sl="45" sc="22" el="45" ec="22" bec="0" bev="0" fileid="9" />
                <SequencePoint vc="27" uspid="32406" ordinal="0" offset="233" sl="52" sc="22" el="52" ec="22" bec="0" bev="0" fileid="9" />
                <SequencePoint vc="27" uspid="32407" ordinal="0" offset="244" sl="57" sc="22" el="57" ec="22" bec="0" bev="0" fileid="9" />
                <SequencePoint vc="27" uspid="32408" ordinal="0" offset="255" sl="60" sc="22" el="60" ec="22" bec="0" bev="0" fileid="9" />
                <SequencePoint vc="27" uspid="32409" ordinal="0" offset="266" sl="61" sc="5" el="61" ec="5" bec="0" bev="0" fileid="9" />
                <SequencePoint vc="27" uspid="32410" ordinal="0" offset="277" sl="64" sc="5" el="64" ec="5" bec="0" bev="0" fileid="9" />
                <SequencePoint vc="27" uspid="32411" ordinal="0" offset="288" sl="65" sc="5" el="65" ec="5" bec="0" bev="0" fileid="9" />
                <SequencePoint vc="27" uspid="32412" ordinal="0" offset="299" sl="66" sc="5" el="66" ec="5" bec="0" bev="0" fileid="9" />
                <SequencePoint vc="27" uspid="32413" ordinal="0" offset="310" sl="69" sc="22" el="69" ec="22" bec="0" bev="0" fileid="9" />
                <SequencePoint vc="27" uspid="32414" ordinal="0" offset="317" sl="70" sc="22" el="70" ec="22" bec="0" bev="0" fileid="9" />
                <SequencePoint vc="27" uspid="32415" ordinal="0" offset="338" sl="71" sc="22" el="71" ec="22" bec="0" bev="0" fileid="9" />
                <SequencePoint vc="27" uspid="32416" ordinal="0" offset="359" sl="72" sc="22" el="72" ec="22" bec="0" bev="0" fileid="9" />
                <SequencePoint vc="27" uspid="32417" ordinal="0" offset="380" sl="78" sc="5" el="78" ec="5" bec="0" bev="0" fileid="9" />
                <SequencePoint vc="27" uspid="32418" ordinal="0" offset="387" sl="105" sc="5" el="105" ec="5" bec="0" bev="0" fileid="9" />
                <SequencePoint vc="27" uspid="32419" ordinal="0" offset="398" sl="123" sc="5" el="123" ec="5" bec="0" bev="0" fileid="9" />
                <SequencePoint vc="27" uspid="32420" ordinal="0" offset="405" sl="124" sc="5" el="124" ec="5" bec="0" bev="0" fileid="9" />
                <SequencePoint vc="27" uspid="32421" ordinal="0" offset="416" sl="125" sc="5" el="125" ec="5" bec="0" bev="0" fileid="9" />
                <SequencePoint vc="27" uspid="32422" ordinal="0" offset="423" sl="128" sc="5" el="128" ec="5" bec="0" bev="0" fileid="9" />
                <SequencePoint vc="27" uspid="32423" ordinal="0" offset="430" sl="129" sc="5" el="129" ec="5" bec="0" bev="0" fileid="9" />
                <SequencePoint vc="27" uspid="32424" ordinal="0" offset="437" sl="130" sc="5" el="130" ec="5" bec="0" bev="0" fileid="9" />
                <SequencePoint vc="27" uspid="32425" ordinal="0" offset="444" sl="131" sc="5" el="131" ec="5" bec="0" bev="0" fileid="9" />
                <SequencePoint vc="27" uspid="32426" ordinal="0" offset="451" sl="132" sc="5" el="132" ec="5" bec="0" bev="0" fileid="9" />
                <SequencePoint vc="27" uspid="32427" ordinal="0" offset="458" sl="133" sc="5" el="133" ec="5" bec="0" bev="0" fileid="9" />
                <SequencePoint vc="27" uspid="32428" ordinal="0" offset="465" sl="144" sc="5" el="144" ec="5" bec="0" bev="0" fileid="9" />
                <SequencePoint vc="27" uspid="32429" ordinal="0" offset="472" sl="147" sc="5" el="147" ec="5" bec="0" bev="0" fileid="9" />
                <SequencePoint vc="27" uspid="32430" ordinal="0" offset="479" sl="148" sc="5" el="148" ec="5" bec="0" bev="0" fileid="9" />
                <SequencePoint vc="27" uspid="32431" ordinal="0" offset="490" sl="149" sc="5" el="149" ec="5" bec="0" bev="0" fileid="9" />
                <SequencePoint vc="27" uspid="32432" ordinal="0" offset="501" sl="153" sc="5" el="153" ec="5" bec="0" bev="0" fileid="9" />
                <SequencePoint vc="27" uspid="32433" ordinal="0" offset="508" sl="155" sc="5" el="155" ec="5" bec="0" bev="0" fileid="9" />
                <SequencePoint vc="27" uspid="32434" ordinal="0" offset="515" sl="158" sc="5" el="158" ec="5" bec="0" bev="0" fileid="9" />
                <SequencePoint vc="27" uspid="32435" ordinal="0" offset="522" sl="163" sc="5" el="163" ec="5" bec="0" bev="0" fileid="9" />
                <SequencePoint vc="27" uspid="32436" ordinal="0" offset="533" sl="164" sc="5" el="164" ec="5" bec="0" bev="0" fileid="9" />
                <SequencePoint vc="27" uspid="32437" ordinal="0" offset="540" sl="167" sc="5" el="167" ec="5" bec="0" bev="0" fileid="9" />
                <SequencePoint vc="27" uspid="32438" ordinal="0" offset="547" sl="168" sc="5" el="168" ec="5" bec="0" bev="0" fileid="9" />
                <SequencePoint vc="27" uspid="32439" ordinal="0" offset="558" sl="170" sc="5" el="170" ec="5" bec="0" bev="0" fileid="9" />
                <SequencePoint vc="27" uspid="32440" ordinal="0" offset="565" sl="191" sc="5" el="191" ec="5" bec="0" bev="0" fileid="9" />
                <SequencePoint vc="27" uspid="32441" ordinal="0" offset="572" sl="192" sc="5" el="192" ec="5" bec="0" bev="0" fileid="9" />
                <SequencePoint vc="27" uspid="32442" ordinal="0" offset="579" sl="194" sc="5" el="194" ec="5" bec="0" bev="0" fileid="9" />
                <SequencePoint vc="27" uspid="32443" ordinal="0" offset="590" sl="199" sc="5" el="199" ec="5" bec="0" bev="0" fileid="9" />
                <SequencePoint vc="27" uspid="32444" ordinal="0" offset="597" sl="200" sc="5" el="200" ec="5" bec="0" bev="0" fileid="9" />
                <SequencePoint vc="27" uspid="32445" ordinal="0" offset="608" sl="201" sc="5" el="201" ec="5" bec="0" bev="0" fileid="9" />
                <SequencePoint vc="27" uspid="32446" ordinal="0" offset="615" sl="202" sc="5" el="202" ec="5" bec="0" bev="0" fileid="9" />
              </SequencePoints>
              <BranchPoints />
            </Method>
          </Methods>
        </Class>
        <Class>
          <Summary numSequencePoints="155" visitedSequencePoints="155" numBranchPoints="0" visitedBranchPoints="0" sequenceCoverage="100.0" branchCoverage="0.0" maxCyclomaticComplexity="1" minCyclomaticComplexity="1" maxCrapScore="1" minCrapScore="1" visitedClasses="1" numClasses="1" visitedMethods="1" numMethods="1" />
          <FullName>WeaponClassController</FullName>
          <Methods>
            <Method visited="true" cyclomaticComplexity="1" nPathComplexity="0" sequenceCoverage="100.0" branchCoverage="0" crapScore="1" isConstructor="true" isStatic="false" isGetter="false" isSetter="false">
              <Summary numSequencePoints="155" visitedSequencePoints="155" numBranchPoints="0" visitedBranchPoints="0" sequenceCoverage="100.0" branchCoverage="0" maxCyclomaticComplexity="1" minCyclomaticComplexity="1" maxCrapScore="1" minCrapScore="1" visitedClasses="0" numClasses="0" visitedMethods="1" numMethods="1" />
              <MetadataToken>100663782</MetadataToken>
              <Name>WeaponClassController::WeaponClassController()</Name>
              <FileRef uid="12" />
              <SequencePoints>
                <SequencePoint vc="11" uspid="34993" ordinal="0" offset="0" sl="11" sc="22" el="11" ec="22" bec="0" bev="0" fileid="12" />
                <SequencePoint vc="11" uspid="34994" ordinal="0" offset="21" sl="12" sc="22" el="12" ec="22" bec="0" bev="0" fileid="12" />
                <SequencePoint vc="11" uspid="34995" ordinal="0" offset="42" sl="13" sc="22" el="13" ec="22" bec="0" bev="0" fileid="12" />
                <SequencePoint vc="11" uspid="34996" ordinal="0" offset="53" sl="16" sc="22" el="16" ec="22" bec="0" bev="0" fileid="12" />
                <SequencePoint vc="11" uspid="34997" ordinal="0" offset="64" sl="17" sc="22" el="17" ec="22" bec="0" bev="0" fileid="12" />
                <SequencePoint vc="11" uspid="34998" ordinal="0" offset="90" sl="20" sc="22" el="20" ec="22" bec="0" bev="0" fileid="12" />
                <SequencePoint vc="11" uspid="34999" ordinal="0" offset="97" sl="21" sc="22" el="21" ec="22" bec="0" bev="0" fileid="12" />
                <SequencePoint vc="11" uspid="35000" ordinal="0" offset="104" sl="22" sc="22" el="22" ec="22" bec="0" bev="0" fileid="12" />
                <SequencePoint vc="11" uspid="35001" ordinal="0" offset="111" sl="23" sc="22" el="23" ec="22" bec="0" bev="0" fileid="12" />
                <SequencePoint vc="11" uspid="35002" ordinal="0" offset="118" sl="27" sc="22" el="27" ec="22" bec="0" bev="0" fileid="12" />
                <SequencePoint vc="11" uspid="35003" ordinal="0" offset="129" sl="28" sc="22" el="28" ec="22" bec="0" bev="0" fileid="12" />
                <SequencePoint vc="11" uspid="35004" ordinal="0" offset="140" sl="29" sc="22" el="29" ec="22" bec="0" bev="0" fileid="12" />
                <SequencePoint vc="11" uspid="35005" ordinal="0" offset="151" sl="30" sc="22" el="30" ec="22" bec="0" bev="0" fileid="12" />
                <SequencePoint vc="11" uspid="35006" ordinal="0" offset="162" sl="31" sc="22" el="31" ec="22" bec="0" bev="0" fileid="12" />
                <SequencePoint vc="11" uspid="35007" ordinal="0" offset="170" sl="32" sc="22" el="32" ec="22" bec="0" bev="0" fileid="12" />
                <SequencePoint vc="11" uspid="35008" ordinal="0" offset="181" sl="33" sc="22" el="33" ec="22" bec="0" bev="0" fileid="12" />
                <SequencePoint vc="11" uspid="35009" ordinal="0" offset="192" sl="34" sc="22" el="34" ec="22" bec="0" bev="0" fileid="12" />
                <SequencePoint vc="11" uspid="35010" ordinal="0" offset="203" sl="37" sc="22" el="37" ec="22" bec="0" bev="0" fileid="12" />
                <SequencePoint vc="11" uspid="35011" ordinal="0" offset="214" sl="38" sc="22" el="38" ec="22" bec="0" bev="0" fileid="12" />
                <SequencePoint vc="11" uspid="35012" ordinal="0" offset="225" sl="39" sc="22" el="39" ec="22" bec="0" bev="0" fileid="12" />
                <SequencePoint vc="11" uspid="35013" ordinal="0" offset="236" sl="40" sc="22" el="40" ec="22" bec="0" bev="0" fileid="12" />
                <SequencePoint vc="11" uspid="35014" ordinal="0" offset="244" sl="41" sc="22" el="41" ec="22" bec="0" bev="0" fileid="12" />
                <SequencePoint vc="11" uspid="35015" ordinal="0" offset="251" sl="42" sc="22" el="42" ec="22" bec="0" bev="0" fileid="12" />
                <SequencePoint vc="11" uspid="35016" ordinal="0" offset="262" sl="45" sc="22" el="45" ec="22" bec="0" bev="0" fileid="12" />
                <SequencePoint vc="11" uspid="35017" ordinal="0" offset="273" sl="46" sc="22" el="46" ec="22" bec="0" bev="0" fileid="12" />
                <SequencePoint vc="11" uspid="35018" ordinal="0" offset="284" sl="47" sc="22" el="47" ec="22" bec="0" bev="0" fileid="12" />
                <SequencePoint vc="11" uspid="35019" ordinal="0" offset="292" sl="48" sc="22" el="48" ec="22" bec="0" bev="0" fileid="12" />
                <SequencePoint vc="11" uspid="35020" ordinal="0" offset="303" sl="49" sc="22" el="49" ec="22" bec="0" bev="0" fileid="12" />
                <SequencePoint vc="11" uspid="35021" ordinal="0" offset="314" sl="50" sc="22" el="50" ec="22" bec="0" bev="0" fileid="12" />
                <SequencePoint vc="11" uspid="35022" ordinal="0" offset="325" sl="51" sc="22" el="51" ec="22" bec="0" bev="0" fileid="12" />
                <SequencePoint vc="11" uspid="35023" ordinal="0" offset="336" sl="52" sc="22" el="52" ec="22" bec="0" bev="0" fileid="12" />
                <SequencePoint vc="11" uspid="35024" ordinal="0" offset="347" sl="55" sc="22" el="55" ec="22" bec="0" bev="0" fileid="12" />
                <SequencePoint vc="11" uspid="35025" ordinal="0" offset="358" sl="56" sc="22" el="56" ec="22" bec="0" bev="0" fileid="12" />
                <SequencePoint vc="11" uspid="35026" ordinal="0" offset="369" sl="57" sc="22" el="57" ec="22" bec="0" bev="0" fileid="12" />
                <SequencePoint vc="11" uspid="35027" ordinal="0" offset="380" sl="58" sc="22" el="58" ec="22" bec="0" bev="0" fileid="12" />
                <SequencePoint vc="11" uspid="35028" ordinal="0" offset="391" sl="59" sc="22" el="59" ec="22" bec="0" bev="0" fileid="12" />
                <SequencePoint vc="11" uspid="35029" ordinal="0" offset="402" sl="60" sc="22" el="60" ec="22" bec="0" bev="0" fileid="12" />
                <SequencePoint vc="11" uspid="35030" ordinal="0" offset="413" sl="61" sc="22" el="61" ec="22" bec="0" bev="0" fileid="12" />
                <SequencePoint vc="11" uspid="35031" ordinal="0" offset="424" sl="62" sc="22" el="62" ec="22" bec="0" bev="0" fileid="12" />
                <SequencePoint vc="11" uspid="35032" ordinal="0" offset="431" sl="63" sc="22" el="63" ec="22" bec="0" bev="0" fileid="12" />
                <SequencePoint vc="11" uspid="35033" ordinal="0" offset="442" sl="64" sc="22" el="64" ec="22" bec="0" bev="0" fileid="12" />
                <SequencePoint vc="11" uspid="35034" ordinal="0" offset="449" sl="65" sc="22" el="65" ec="22" bec="0" bev="0" fileid="12" />
                <SequencePoint vc="11" uspid="35035" ordinal="0" offset="460" sl="66" sc="22" el="66" ec="22" bec="0" bev="0" fileid="12" />
                <SequencePoint vc="11" uspid="35036" ordinal="0" offset="471" sl="69" sc="22" el="69" ec="22" bec="0" bev="0" fileid="12" />
                <SequencePoint vc="11" uspid="35037" ordinal="0" offset="478" sl="70" sc="22" el="70" ec="22" bec="0" bev="0" fileid="12" />
                <SequencePoint vc="11" uspid="35038" ordinal="0" offset="485" sl="71" sc="22" el="71" ec="22" bec="0" bev="0" fileid="12" />
                <SequencePoint vc="11" uspid="35039" ordinal="0" offset="492" sl="72" sc="22" el="72" ec="22" bec="0" bev="0" fileid="12" />
                <SequencePoint vc="11" uspid="35040" ordinal="0" offset="503" sl="73" sc="22" el="73" ec="22" bec="0" bev="0" fileid="12" />
                <SequencePoint vc="11" uspid="35041" ordinal="0" offset="514" sl="77" sc="22" el="77" ec="22" bec="0" bev="0" fileid="12" />
                <SequencePoint vc="11" uspid="35042" ordinal="0" offset="525" sl="78" sc="22" el="78" ec="22" bec="0" bev="0" fileid="12" />
                <SequencePoint vc="11" uspid="35043" ordinal="0" offset="536" sl="79" sc="22" el="79" ec="22" bec="0" bev="0" fileid="12" />
                <SequencePoint vc="11" uspid="35044" ordinal="0" offset="547" sl="80" sc="22" el="80" ec="22" bec="0" bev="0" fileid="12" />
                <SequencePoint vc="11" uspid="35045" ordinal="0" offset="558" sl="81" sc="22" el="81" ec="22" bec="0" bev="0" fileid="12" />
                <SequencePoint vc="11" uspid="35046" ordinal="0" offset="566" sl="82" sc="22" el="82" ec="22" bec="0" bev="0" fileid="12" />
                <SequencePoint vc="11" uspid="35047" ordinal="0" offset="577" sl="83" sc="22" el="83" ec="22" bec="0" bev="0" fileid="12" />
                <SequencePoint vc="11" uspid="35048" ordinal="0" offset="588" sl="86" sc="22" el="86" ec="22" bec="0" bev="0" fileid="12" />
                <SequencePoint vc="11" uspid="35049" ordinal="0" offset="599" sl="87" sc="22" el="87" ec="22" bec="0" bev="0" fileid="12" />
                <SequencePoint vc="11" uspid="35050" ordinal="0" offset="607" sl="88" sc="22" el="88" ec="22" bec="0" bev="0" fileid="12" />
                <SequencePoint vc="11" uspid="35051" ordinal="0" offset="618" sl="89" sc="22" el="89" ec="22" bec="0" bev="0" fileid="12" />
                <SequencePoint vc="11" uspid="35052" ordinal="0" offset="629" sl="90" sc="22" el="90" ec="22" bec="0" bev="0" fileid="12" />
                <SequencePoint vc="11" uspid="35053" ordinal="0" offset="640" sl="91" sc="22" el="91" ec="22" bec="0" bev="0" fileid="12" />
                <SequencePoint vc="11" uspid="35054" ordinal="0" offset="651" sl="92" sc="22" el="92" ec="22" bec="0" bev="0" fileid="12" />
                <SequencePoint vc="11" uspid="35055" ordinal="0" offset="658" sl="93" sc="22" el="93" ec="22" bec="0" bev="0" fileid="12" />
                <SequencePoint vc="11" uspid="35056" ordinal="0" offset="669" sl="94" sc="22" el="94" ec="22" bec="0" bev="0" fileid="12" />
                <SequencePoint vc="11" uspid="35057" ordinal="0" offset="680" sl="95" sc="22" el="95" ec="22" bec="0" bev="0" fileid="12" />
                <SequencePoint vc="11" uspid="35058" ordinal="0" offset="691" sl="96" sc="22" el="96" ec="22" bec="0" bev="0" fileid="12" />
                <SequencePoint vc="11" uspid="35059" ordinal="0" offset="698" sl="97" sc="22" el="97" ec="22" bec="0" bev="0" fileid="12" />
                <SequencePoint vc="11" uspid="35060" ordinal="0" offset="709" sl="98" sc="22" el="98" ec="22" bec="0" bev="0" fileid="12" />
                <SequencePoint vc="11" uspid="35061" ordinal="0" offset="720" sl="99" sc="22" el="99" ec="22" bec="0" bev="0" fileid="12" />
                <SequencePoint vc="11" uspid="35062" ordinal="0" offset="731" sl="102" sc="22" el="102" ec="22" bec="0" bev="0" fileid="12" />
                <SequencePoint vc="11" uspid="35063" ordinal="0" offset="738" sl="103" sc="22" el="103" ec="22" bec="0" bev="0" fileid="12" />
                <SequencePoint vc="11" uspid="35064" ordinal="0" offset="749" sl="104" sc="22" el="104" ec="22" bec="0" bev="0" fileid="12" />
                <SequencePoint vc="11" uspid="35065" ordinal="0" offset="760" sl="105" sc="22" el="105" ec="22" bec="0" bev="0" fileid="12" />
                <SequencePoint vc="11" uspid="35066" ordinal="0" offset="771" sl="108" sc="22" el="108" ec="22" bec="0" bev="0" fileid="12" />
                <SequencePoint vc="11" uspid="35067" ordinal="0" offset="782" sl="109" sc="22" el="109" ec="22" bec="0" bev="0" fileid="12" />
                <SequencePoint vc="11" uspid="35068" ordinal="0" offset="793" sl="110" sc="22" el="110" ec="22" bec="0" bev="0" fileid="12" />
                <SequencePoint vc="11" uspid="35069" ordinal="0" offset="801" sl="114" sc="22" el="114" ec="22" bec="0" bev="0" fileid="12" />
                <SequencePoint vc="11" uspid="35070" ordinal="0" offset="812" sl="115" sc="22" el="115" ec="22" bec="0" bev="0" fileid="12" />
                <SequencePoint vc="11" uspid="35071" ordinal="0" offset="823" sl="116" sc="22" el="116" ec="22" bec="0" bev="0" fileid="12" />
                <SequencePoint vc="11" uspid="35072" ordinal="0" offset="831" sl="117" sc="22" el="117" ec="22" bec="0" bev="0" fileid="12" />
                <SequencePoint vc="11" uspid="35073" ordinal="0" offset="842" sl="118" sc="22" el="118" ec="22" bec="0" bev="0" fileid="12" />
                <SequencePoint vc="11" uspid="35074" ordinal="0" offset="853" sl="119" sc="22" el="119" ec="22" bec="0" bev="0" fileid="12" />
                <SequencePoint vc="11" uspid="35075" ordinal="0" offset="860" sl="120" sc="22" el="120" ec="22" bec="0" bev="0" fileid="12" />
                <SequencePoint vc="11" uspid="35076" ordinal="0" offset="871" sl="121" sc="22" el="121" ec="22" bec="0" bev="0" fileid="12" />
                <SequencePoint vc="11" uspid="35077" ordinal="0" offset="878" sl="122" sc="22" el="122" ec="22" bec="0" bev="0" fileid="12" />
                <SequencePoint vc="11" uspid="35078" ordinal="0" offset="885" sl="125" sc="22" el="125" ec="22" bec="0" bev="0" fileid="12" />
                <SequencePoint vc="11" uspid="35079" ordinal="0" offset="893" sl="126" sc="22" el="126" ec="22" bec="0" bev="0" fileid="12" />
                <SequencePoint vc="11" uspid="35080" ordinal="0" offset="904" sl="127" sc="22" el="127" ec="22" bec="0" bev="0" fileid="12" />
                <SequencePoint vc="11" uspid="35081" ordinal="0" offset="915" sl="128" sc="22" el="128" ec="22" bec="0" bev="0" fileid="12" />
                <SequencePoint vc="11" uspid="35082" ordinal="0" offset="926" sl="129" sc="22" el="129" ec="22" bec="0" bev="0" fileid="12" />
                <SequencePoint vc="11" uspid="35083" ordinal="0" offset="937" sl="130" sc="22" el="130" ec="22" bec="0" bev="0" fileid="12" />
                <SequencePoint vc="11" uspid="35084" ordinal="0" offset="944" sl="131" sc="22" el="131" ec="22" bec="0" bev="0" fileid="12" />
                <SequencePoint vc="11" uspid="35085" ordinal="0" offset="951" sl="132" sc="22" el="132" ec="22" bec="0" bev="0" fileid="12" />
                <SequencePoint vc="11" uspid="35086" ordinal="0" offset="962" sl="135" sc="22" el="135" ec="22" bec="0" bev="0" fileid="12" />
                <SequencePoint vc="11" uspid="35087" ordinal="0" offset="973" sl="136" sc="22" el="136" ec="22" bec="0" bev="0" fileid="12" />
                <SequencePoint vc="11" uspid="35088" ordinal="0" offset="980" sl="137" sc="22" el="137" ec="22" bec="0" bev="0" fileid="12" />
                <SequencePoint vc="11" uspid="35089" ordinal="0" offset="991" sl="138" sc="22" el="138" ec="22" bec="0" bev="0" fileid="12" />
                <SequencePoint vc="11" uspid="35090" ordinal="0" offset="1002" sl="139" sc="22" el="139" ec="22" bec="0" bev="0" fileid="12" />
                <SequencePoint vc="11" uspid="35091" ordinal="0" offset="1013" sl="142" sc="22" el="142" ec="22" bec="0" bev="0" fileid="12" />
                <SequencePoint vc="11" uspid="35092" ordinal="0" offset="1024" sl="143" sc="22" el="143" ec="22" bec="0" bev="0" fileid="12" />
                <SequencePoint vc="11" uspid="35093" ordinal="0" offset="1035" sl="144" sc="22" el="144" ec="22" bec="0" bev="0" fileid="12" />
                <SequencePoint vc="11" uspid="35094" ordinal="0" offset="1043" sl="145" sc="22" el="145" ec="22" bec="0" bev="0" fileid="12" />
                <SequencePoint vc="11" uspid="35095" ordinal="0" offset="1054" sl="148" sc="22" el="148" ec="22" bec="0" bev="0" fileid="12" />
                <SequencePoint vc="11" uspid="35096" ordinal="0" offset="1065" sl="149" sc="22" el="149" ec="22" bec="0" bev="0" fileid="12" />
                <SequencePoint vc="11" uspid="35097" ordinal="0" offset="1076" sl="150" sc="22" el="150" ec="22" bec="0" bev="0" fileid="12" />
                <SequencePoint vc="11" uspid="35098" ordinal="0" offset="1087" sl="151" sc="22" el="151" ec="22" bec="0" bev="0" fileid="12" />
                <SequencePoint vc="11" uspid="35099" ordinal="0" offset="1098" sl="152" sc="22" el="152" ec="22" bec="0" bev="0" fileid="12" />
                <SequencePoint vc="11" uspid="35100" ordinal="0" offset="1109" sl="153" sc="22" el="153" ec="22" bec="0" bev="0" fileid="12" />
                <SequencePoint vc="11" uspid="35101" ordinal="0" offset="1120" sl="154" sc="22" el="154" ec="22" bec="0" bev="0" fileid="12" />
                <SequencePoint vc="11" uspid="35102" ordinal="0" offset="1131" sl="155" sc="22" el="155" ec="22" bec="0" bev="0" fileid="12" />
                <SequencePoint vc="11" uspid="35103" ordinal="0" offset="1142" sl="156" sc="22" el="156" ec="22" bec="0" bev="0" fileid="12" />
                <SequencePoint vc="11" uspid="35104" ordinal="0" offset="1153" sl="161" sc="5" el="161" ec="5" bec="0" bev="0" fileid="12" />
                <SequencePoint vc="11" uspid="35105" ordinal="0" offset="1165" sl="162" sc="5" el="162" ec="5" bec="0" bev="0" fileid="12" />
                <SequencePoint vc="11" uspid="35106" ordinal="0" offset="1172" sl="163" sc="5" el="163" ec="5" bec="0" bev="0" fileid="12" />
                <SequencePoint vc="11" uspid="35107" ordinal="0" offset="1179" sl="166" sc="5" el="166" ec="5" bec="0" bev="0" fileid="12" />
                <SequencePoint vc="11" uspid="35108" ordinal="0" offset="1186" sl="167" sc="5" el="167" ec="5" bec="0" bev="0" fileid="12" />
                <SequencePoint vc="11" uspid="35109" ordinal="0" offset="1197" sl="168" sc="5" el="168" ec="5" bec="0" bev="0" fileid="12" />
                <SequencePoint vc="11" uspid="35110" ordinal="0" offset="1208" sl="171" sc="5" el="171" ec="5" bec="0" bev="0" fileid="12" />
                <SequencePoint vc="11" uspid="35111" ordinal="0" offset="1215" sl="172" sc="5" el="172" ec="5" bec="0" bev="0" fileid="12" />
                <SequencePoint vc="11" uspid="35112" ordinal="0" offset="1226" sl="173" sc="5" el="173" ec="5" bec="0" bev="0" fileid="12" />
                <SequencePoint vc="11" uspid="35113" ordinal="0" offset="1237" sl="174" sc="5" el="174" ec="5" bec="0" bev="0" fileid="12" />
                <SequencePoint vc="11" uspid="35114" ordinal="0" offset="1244" sl="175" sc="5" el="175" ec="5" bec="0" bev="0" fileid="12" />
                <SequencePoint vc="11" uspid="35115" ordinal="0" offset="1251" sl="176" sc="5" el="176" ec="5" bec="0" bev="0" fileid="12" />
                <SequencePoint vc="11" uspid="35116" ordinal="0" offset="1262" sl="177" sc="5" el="177" ec="5" bec="0" bev="0" fileid="12" />
                <SequencePoint vc="11" uspid="35117" ordinal="0" offset="1269" sl="181" sc="5" el="181" ec="5" bec="0" bev="0" fileid="12" />
                <SequencePoint vc="11" uspid="35118" ordinal="0" offset="1276" sl="182" sc="5" el="182" ec="5" bec="0" bev="0" fileid="12" />
                <SequencePoint vc="11" uspid="35119" ordinal="0" offset="1283" sl="183" sc="5" el="183" ec="5" bec="0" bev="0" fileid="12" />
                <SequencePoint vc="11" uspid="35120" ordinal="0" offset="1290" sl="184" sc="5" el="184" ec="5" bec="0" bev="0" fileid="12" />
                <SequencePoint vc="11" uspid="35121" ordinal="0" offset="1297" sl="185" sc="5" el="185" ec="5" bec="0" bev="0" fileid="12" />
                <SequencePoint vc="11" uspid="35122" ordinal="0" offset="1304" sl="186" sc="5" el="186" ec="5" bec="0" bev="0" fileid="12" />
                <SequencePoint vc="11" uspid="35123" ordinal="0" offset="1315" sl="189" sc="5" el="189" ec="5" bec="0" bev="0" fileid="12" />
                <SequencePoint vc="11" uspid="35124" ordinal="0" offset="1322" sl="192" sc="5" el="192" ec="5" bec="0" bev="0" fileid="12" />
                <SequencePoint vc="11" uspid="35125" ordinal="0" offset="1329" sl="193" sc="5" el="193" ec="5" bec="0" bev="0" fileid="12" />
                <SequencePoint vc="11" uspid="35126" ordinal="0" offset="1340" sl="194" sc="5" el="194" ec="5" bec="0" bev="0" fileid="12" />
                <SequencePoint vc="11" uspid="35127" ordinal="0" offset="1351" sl="195" sc="5" el="195" ec="5" bec="0" bev="0" fileid="12" />
                <SequencePoint vc="11" uspid="35128" ordinal="0" offset="1358" sl="196" sc="5" el="196" ec="5" bec="0" bev="0" fileid="12" />
                <SequencePoint vc="11" uspid="35129" ordinal="0" offset="1369" sl="199" sc="5" el="199" ec="5" bec="0" bev="0" fileid="12" />
                <SequencePoint vc="11" uspid="35130" ordinal="0" offset="1380" sl="202" sc="5" el="202" ec="5" bec="0" bev="0" fileid="12" />
                <SequencePoint vc="11" uspid="35131" ordinal="0" offset="1391" sl="203" sc="5" el="203" ec="5" bec="0" bev="0" fileid="12" />
                <SequencePoint vc="11" uspid="35132" ordinal="0" offset="1398" sl="204" sc="5" el="204" ec="5" bec="0" bev="0" fileid="12" />
                <SequencePoint vc="11" uspid="35133" ordinal="0" offset="1409" sl="207" sc="5" el="207" ec="5" bec="0" bev="0" fileid="12" />
                <SequencePoint vc="11" uspid="35134" ordinal="0" offset="1420" sl="208" sc="5" el="208" ec="5" bec="0" bev="0" fileid="12" />
                <SequencePoint vc="11" uspid="35135" ordinal="0" offset="1431" sl="209" sc="5" el="209" ec="5" bec="0" bev="0" fileid="12" />
                <SequencePoint vc="11" uspid="35136" ordinal="0" offset="1442" sl="210" sc="5" el="210" ec="5" bec="0" bev="0" fileid="12" />
                <SequencePoint vc="11" uspid="35137" ordinal="0" offset="1453" sl="211" sc="5" el="211" ec="5" bec="0" bev="0" fileid="12" />
                <SequencePoint vc="11" uspid="35138" ordinal="0" offset="1464" sl="212" sc="5" el="212" ec="5" bec="0" bev="0" fileid="12" />
                <SequencePoint vc="11" uspid="35139" ordinal="0" offset="1475" sl="215" sc="5" el="215" ec="5" bec="0" bev="0" fileid="12" />
                <SequencePoint vc="11" uspid="35140" ordinal="0" offset="1482" sl="216" sc="5" el="216" ec="5" bec="0" bev="0" fileid="12" />
                <SequencePoint vc="11" uspid="35141" ordinal="0" offset="1493" sl="217" sc="5" el="217" ec="5" bec="0" bev="0" fileid="12" />
                <SequencePoint vc="11" uspid="35142" ordinal="0" offset="1500" sl="222" sc="5" el="222" ec="5" bec="0" bev="0" fileid="12" />
                <SequencePoint vc="11" uspid="35143" ordinal="0" offset="1507" sl="223" sc="5" el="223" ec="5" bec="0" bev="0" fileid="12" />
                <SequencePoint vc="11" uspid="35144" ordinal="0" offset="1514" sl="227" sc="5" el="227" ec="5" bec="0" bev="0" fileid="12" />
                <SequencePoint vc="11" uspid="35145" ordinal="0" offset="1526" sl="228" sc="5" el="228" ec="5" bec="0" bev="0" fileid="12" />
                <SequencePoint vc="11" uspid="35146" ordinal="0" offset="1538" sl="246" sc="5" el="246" ec="5" bec="0" bev="0" fileid="12" />
                <SequencePoint vc="11" uspid="35147" ordinal="0" offset="1549" sl="3925" sc="5" el="3925" ec="5" bec="0" bev="0" fileid="12" />
              </SequencePoints>
              <BranchPoints />
            </Method>
          </Methods>
        </Class>
      </Classes>
    </Module>
    <Module>
      <Summary numSequencePoints="367" visitedSequencePoints="360" numBranchPoints="0" visitedBranchPoints="0" sequenceCoverage="98.09" branchCoverage="0.0" maxCyclomaticComplexity="1" minCyclomaticComplexity="1" maxCrapScore="1.12" minCrapScore="1" visitedClasses="6" numClasses="6" visitedMethods="67" numMethods="67" />
      <ModuleTime>0001-01-01T00:00:00</ModuleTime>
      <ModuleName>Tests.EditMode</ModuleName>
      <Files>
        <File uid="13" fullPath="/Users/christianhenken/2dgameproject/Assets/Tests/EditMode/BasicTests.cs" />
        <File uid="14" fullPath="/Users/christianhenken/2dgameproject/Assets/Tests/EditMode/CameraFollowTests.cs" />
        <File uid="15" fullPath="/Users/christianhenken/2dgameproject/Assets/Tests/EditMode/DamageObjectTests.cs" />
        <File uid="16" fullPath="/Users/christianhenken/2dgameproject/Assets/Tests/EditMode/GameControllerTests.cs" />
        <File uid="17" fullPath="/Users/christianhenken/2dgameproject/Assets/Tests/EditMode/ObjectBehaviorControllerTests.cs" />
        <File uid="18" fullPath="/Users/christianhenken/2dgameproject/Assets/Tests/EditMode/WeaponClassControllerTests.cs" />
      </Files>
      <Classes>
        <Class>
          <Summary numSequencePoints="58" visitedSequencePoints="58" numBranchPoints="0" visitedBranchPoints="0" sequenceCoverage="100.0" branchCoverage="0.0" maxCyclomaticComplexity="1" minCyclomaticComplexity="1" maxCrapScore="1" minCrapScore="1" visitedClasses="1" numClasses="1" visitedMethods="10" numMethods="10" />
          <FullName>Tests.EditMode.BasicTests</FullName>
          <Methods>
            <Method visited="true" cyclomaticComplexity="1" nPathComplexity="0" sequenceCoverage="100.0" branchCoverage="0" crapScore="1" isConstructor="false" isStatic="false" isGetter="false" isSetter="false">
              <Summary numSequencePoints="3" visitedSequencePoints="3" numBranchPoints="0" visitedBranchPoints="0" sequenceCoverage="100.0" branchCoverage="0" maxCyclomaticComplexity="1" minCyclomaticComplexity="1" maxCrapScore="1" minCrapScore="1" visitedClasses="0" numClasses="0" visitedMethods="1" numMethods="1" />
              <MetadataToken>100663299</MetadataToken>
              <Name>System.Void Tests.EditMode.BasicTests::Unity_IsWorking()</Name>
              <FileRef uid="13" />
              <SequencePoints>
                <SequencePoint vc="1" uspid="36832" ordinal="0" offset="0" sl="10" sc="9" el="10" ec="9" bec="0" bev="0" fileid="13" />
                <SequencePoint vc="1" uspid="36833" ordinal="0" offset="1" sl="12" sc="13" el="12" ec="13" bec="0" bev="0" fileid="13" />
                <SequencePoint vc="1" uspid="36834" ordinal="0" offset="19" sl="13" sc="9" el="13" ec="9" bec="0" bev="0" fileid="13" />
              </SequencePoints>
              <BranchPoints />
            </Method>
            <Method visited="true" cyclomaticComplexity="1" nPathComplexity="0" sequenceCoverage="100.0" branchCoverage="0" crapScore="1" isConstructor="false" isStatic="false" isGetter="false" isSetter="false">
              <Summary numSequencePoints="6" visitedSequencePoints="6" numBranchPoints="0" visitedBranchPoints="0" sequenceCoverage="100.0" branchCoverage="0" maxCyclomaticComplexity="1" minCyclomaticComplexity="1" maxCrapScore="1" minCrapScore="1" visitedClasses="0" numClasses="0" visitedMethods="1" numMethods="1" />
              <MetadataToken>100663300</MetadataToken>
              <Name>System.Void Tests.EditMode.BasicTests::Unity_CanCreateGameObject()</Name>
              <FileRef uid="13" />
              <SequencePoints>
                <SequencePoint vc="1" uspid="36835" ordinal="0" offset="0" sl="17" sc="9" el="17" ec="9" bec="0" bev="0" fileid="13" />
                <SequencePoint vc="1" uspid="36836" ordinal="0" offset="1" sl="19" sc="13" el="19" ec="13" bec="0" bev="0" fileid="13" />
                <SequencePoint vc="1" uspid="36837" ordinal="0" offset="12" sl="20" sc="13" el="20" ec="13" bec="0" bev="0" fileid="13" />
                <SequencePoint vc="1" uspid="36838" ordinal="0" offset="19" sl="21" sc="13" el="21" ec="13" bec="0" bev="0" fileid="13" />
                <SequencePoint vc="1" uspid="36839" ordinal="0" offset="36" sl="22" sc="13" el="22" ec="13" bec="0" bev="0" fileid="13" />
                <SequencePoint vc="1" uspid="36840" ordinal="0" offset="43" sl="23" sc="9" el="23" ec="9" bec="0" bev="0" fileid="13" />
              </SequencePoints>
              <BranchPoints />
            </Method>
            <Method visited="true" cyclomaticComplexity="1" nPathComplexity="0" sequenceCoverage="100.0" branchCoverage="0" crapScore="1" isConstructor="false" isStatic="false" isGetter="false" isSetter="false">
              <Summary numSequencePoints="4" visitedSequencePoints="4" numBranchPoints="0" visitedBranchPoints="0" sequenceCoverage="100.0" branchCoverage="0" maxCyclomaticComplexity="1" minCyclomaticComplexity="1" maxCrapScore="1" minCrapScore="1" visitedClasses="0" numClasses="0" visitedMethods="1" numMethods="1" />
              <MetadataToken>100663301</MetadataToken>
              <Name>System.Void Tests.EditMode.BasicTests::Game_AssemblyIsAccessible()</Name>
              <FileRef uid="13" />
              <SequencePoints>
                <SequencePoint vc="1" uspid="36841" ordinal="0" offset="0" sl="27" sc="9" el="27" ec="9" bec="0" bev="0" fileid="13" />
                <SequencePoint vc="1" uspid="36842" ordinal="0" offset="1" sl="29" sc="13" el="29" ec="13" bec="0" bev="0" fileid="13" />
                <SequencePoint vc="1" uspid="36843" ordinal="0" offset="23" sl="30" sc="13" el="30" ec="13" bec="0" bev="0" fileid="13" />
                <SequencePoint vc="1" uspid="36844" ordinal="0" offset="45" sl="31" sc="9" el="31" ec="9" bec="0" bev="0" fileid="13" />
              </SequencePoints>
              <BranchPoints />
            </Method>
            <Method visited="true" cyclomaticComplexity="1" nPathComplexity="0" sequenceCoverage="100.0" branchCoverage="0" crapScore="1" isConstructor="false" isStatic="false" isGetter="false" isSetter="false">
              <Summary numSequencePoints="7" visitedSequencePoints="7" numBranchPoints="0" visitedBranchPoints="0" sequenceCoverage="100.0" branchCoverage="0" maxCyclomaticComplexity="1" minCyclomaticComplexity="1" maxCrapScore="1" minCrapScore="1" visitedClasses="0" numClasses="0" visitedMethods="1" numMethods="1" />
              <MetadataToken>100663302</MetadataToken>
              <Name>System.Void Tests.EditMode.BasicTests::Unity_VectorMath()</Name>
              <FileRef uid="13" />
              <SequencePoints>
                <SequencePoint vc="1" uspid="36845" ordinal="0" offset="0" sl="35" sc="9" el="35" ec="9" bec="0" bev="0" fileid="13" />
                <SequencePoint vc="1" uspid="36846" ordinal="0" offset="1" sl="36" sc="13" el="36" ec="13" bec="0" bev="0" fileid="13" />
                <SequencePoint vc="1" uspid="36847" ordinal="0" offset="7" sl="37" sc="13" el="37" ec="13" bec="0" bev="0" fileid="13" />
                <SequencePoint vc="1" uspid="36848" ordinal="0" offset="13" sl="39" sc="13" el="39" ec="13" bec="0" bev="0" fileid="13" />
                <SequencePoint vc="1" uspid="36849" ordinal="0" offset="35" sl="40" sc="13" el="40" ec="13" bec="0" bev="0" fileid="13" />
                <SequencePoint vc="1" uspid="36850" ordinal="0" offset="63" sl="41" sc="13" el="41" ec="13" bec="0" bev="0" fileid="13" />
                <SequencePoint vc="1" uspid="36851" ordinal="0" offset="97" sl="42" sc="9" el="42" ec="9" bec="0" bev="0" fileid="13" />
              </SequencePoints>
              <BranchPoints />
            </Method>
            <Method visited="true" cyclomaticComplexity="1" nPathComplexity="0" sequenceCoverage="100.0" branchCoverage="0" crapScore="1" isConstructor="false" isStatic="false" isGetter="false" isSetter="false">
              <Summary numSequencePoints="9" visitedSequencePoints="9" numBranchPoints="0" visitedBranchPoints="0" sequenceCoverage="100.0" branchCoverage="0" maxCyclomaticComplexity="1" minCyclomaticComplexity="1" maxCrapScore="1" minCrapScore="1" visitedClasses="0" numClasses="0" visitedMethods="1" numMethods="1" />
              <MetadataToken>100663303</MetadataToken>
              <Name>System.Void Tests.EditMode.BasicTests::Unity_TransformOperations()</Name>
              <FileRef uid="13" />
              <SequencePoints>
                <SequencePoint vc="1" uspid="36852" ordinal="0" offset="0" sl="46" sc="9" el="46" ec="9" bec="0" bev="0" fileid="13" />
                <SequencePoint vc="1" uspid="36853" ordinal="0" offset="1" sl="47" sc="13" el="47" ec="13" bec="0" bev="0" fileid="13" />
                <SequencePoint vc="1" uspid="36854" ordinal="0" offset="7" sl="48" sc="13" el="48" ec="13" bec="0" bev="0" fileid="13" />
                <SequencePoint vc="1" uspid="36855" ordinal="0" offset="14" sl="50" sc="13" el="50" ec="13" bec="0" bev="0" fileid="13" />
                <SequencePoint vc="1" uspid="36856" ordinal="0" offset="26" sl="51" sc="13" el="51" ec="13" bec="0" bev="0" fileid="13" />
                <SequencePoint vc="1" uspid="36857" ordinal="0" offset="53" sl="53" sc="13" el="53" ec="13" bec="0" bev="0" fileid="13" />
                <SequencePoint vc="1" uspid="36858" ordinal="0" offset="75" sl="54" sc="13" el="54" ec="13" bec="0" bev="0" fileid="13" />
                <SequencePoint vc="1" uspid="36859" ordinal="0" offset="112" sl="56" sc="13" el="56" ec="13" bec="0" bev="0" fileid="13" />
                <SequencePoint vc="1" uspid="36860" ordinal="0" offset="119" sl="57" sc="9" el="57" ec="9" bec="0" bev="0" fileid="13" />
              </SequencePoints>
              <BranchPoints />
            </Method>
            <Method visited="true" cyclomaticComplexity="1" nPathComplexity="0" sequenceCoverage="100.0" branchCoverage="0" crapScore="1" isConstructor="false" isStatic="false" isGetter="false" isSetter="false">
              <Summary numSequencePoints="9" visitedSequencePoints="9" numBranchPoints="0" visitedBranchPoints="0" sequenceCoverage="100.0" branchCoverage="0" maxCyclomaticComplexity="1" minCyclomaticComplexity="1" maxCrapScore="1" minCrapScore="1" visitedClasses="0" numClasses="0" visitedMethods="1" numMethods="1" />
              <MetadataToken>100663304</MetadataToken>
              <Name>System.Void Tests.EditMode.BasicTests::Unity_ComponentSystem()</Name>
              <FileRef uid="13" />
              <SequencePoints>
                <SequencePoint vc="1" uspid="36861" ordinal="0" offset="0" sl="61" sc="9" el="61" ec="9" bec="0" bev="0" fileid="13" />
                <SequencePoint vc="1" uspid="36862" ordinal="0" offset="1" sl="62" sc="13" el="62" ec="13" bec="0" bev="0" fileid="13" />
                <SequencePoint vc="1" uspid="36863" ordinal="0" offset="7" sl="63" sc="13" el="63" ec="13" bec="0" bev="0" fileid="13" />
                <SequencePoint vc="1" uspid="36864" ordinal="0" offset="14" sl="64" sc="13" el="64" ec="13" bec="0" bev="0" fileid="13" />
                <SequencePoint vc="1" uspid="36865" ordinal="0" offset="21" sl="66" sc="13" el="66" ec="13" bec="0" bev="0" fileid="13" />
                <SequencePoint vc="1" uspid="36866" ordinal="0" offset="33" sl="67" sc="13" el="67" ec="13" bec="0" bev="0" fileid="13" />
                <SequencePoint vc="1" uspid="36867" ordinal="0" offset="45" sl="68" sc="13" el="68" ec="13" bec="0" bev="0" fileid="13" />
                <SequencePoint vc="1" uspid="36868" ordinal="0" offset="58" sl="70" sc="13" el="70" ec="13" bec="0" bev="0" fileid="13" />
                <SequencePoint vc="1" uspid="36869" ordinal="0" offset="65" sl="71" sc="9" el="71" ec="9" bec="0" bev="0" fileid="13" />
              </SequencePoints>
              <BranchPoints />
            </Method>
            <Method visited="true" cyclomaticComplexity="1" nPathComplexity="0" sequenceCoverage="100.0" branchCoverage="0" crapScore="1" isConstructor="false" isStatic="false" isGetter="false" isSetter="false">
              <Summary numSequencePoints="6" visitedSequencePoints="6" numBranchPoints="0" visitedBranchPoints="0" sequenceCoverage="100.0" branchCoverage="0" maxCyclomaticComplexity="1" minCyclomaticComplexity="1" maxCrapScore="1" minCrapScore="1" visitedClasses="0" numClasses="0" visitedMethods="1" numMethods="1" />
              <MetadataToken>100663305</MetadataToken>
              <Name>System.Void Tests.EditMode.BasicTests::Unity_LayerMasks()</Name>
              <FileRef uid="13" />
              <SequencePoints>
                <SequencePoint vc="1" uspid="36870" ordinal="0" offset="0" sl="75" sc="9" el="75" ec="9" bec="0" bev="0" fileid="13" />
                <SequencePoint vc="1" uspid="36871" ordinal="0" offset="1" sl="76" sc="13" el="76" ec="13" bec="0" bev="0" fileid="13" />
                <SequencePoint vc="1" uspid="36872" ordinal="0" offset="12" sl="77" sc="13" el="77" ec="13" bec="0" bev="0" fileid="13" />
                <SequencePoint vc="1" uspid="36873" ordinal="0" offset="24" sl="79" sc="13" el="79" ec="13" bec="0" bev="0" fileid="13" />
                <SequencePoint vc="1" uspid="36874" ordinal="0" offset="39" sl="80" sc="13" el="80" ec="13" bec="0" bev="0" fileid="13" />
                <SequencePoint vc="1" uspid="36875" ordinal="0" offset="66" sl="81" sc="9" el="81" ec="9" bec="0" bev="0" fileid="13" />
              </SequencePoints>
              <BranchPoints />
            </Method>
            <Method visited="true" cyclomaticComplexity="1" nPathComplexity="0" sequenceCoverage="100.0" branchCoverage="0" crapScore="1" isConstructor="false" isStatic="false" isGetter="false" isSetter="false">
              <Summary numSequencePoints="6" visitedSequencePoints="6" numBranchPoints="0" visitedBranchPoints="0" sequenceCoverage="100.0" branchCoverage="0" maxCyclomaticComplexity="1" minCyclomaticComplexity="1" maxCrapScore="1" minCrapScore="1" visitedClasses="0" numClasses="0" visitedMethods="1" numMethods="1" />
              <MetadataToken>100663306</MetadataToken>
              <Name>System.Void Tests.EditMode.BasicTests::Unity_QuaternionMath()</Name>
              <FileRef uid="13" />
              <SequencePoints>
                <SequencePoint vc="1" uspid="36876" ordinal="0" offset="0" sl="85" sc="9" el="85" ec="9" bec="0" bev="0" fileid="13" />
                <SequencePoint vc="1" uspid="36877" ordinal="0" offset="1" sl="86" sc="13" el="86" ec="13" bec="0" bev="0" fileid="13" />
                <SequencePoint vc="1" uspid="36878" ordinal="0" offset="7" sl="87" sc="13" el="87" ec="13" bec="0" bev="0" fileid="13" />
                <SequencePoint vc="1" uspid="36879" ordinal="0" offset="28" sl="89" sc="13" el="89" ec="13" bec="0" bev="0" fileid="13" />
                <SequencePoint vc="1" uspid="36880" ordinal="0" offset="50" sl="90" sc="13" el="90" ec="13" bec="0" bev="0" fileid="13" />
                <SequencePoint vc="1" uspid="36881" ordinal="0" offset="68" sl="91" sc="9" el="91" ec="9" bec="0" bev="0" fileid="13" />
              </SequencePoints>
              <BranchPoints />
            </Method>
            <Method visited="true" cyclomaticComplexity="1" nPathComplexity="0" sequenceCoverage="100.0" branchCoverage="0" crapScore="1" isConstructor="false" isStatic="false" isGetter="false" isSetter="false">
              <Summary numSequencePoints="4" visitedSequencePoints="4" numBranchPoints="0" visitedBranchPoints="0" sequenceCoverage="100.0" branchCoverage="0" maxCyclomaticComplexity="1" minCyclomaticComplexity="1" maxCrapScore="1" minCrapScore="1" visitedClasses="0" numClasses="0" visitedMethods="1" numMethods="1" />
              <MetadataToken>100663307</MetadataToken>
              <Name>System.Void Tests.EditMode.BasicTests::Unity_TimeSystem()</Name>
              <FileRef uid="13" />
              <SequencePoints>
                <SequencePoint vc="1" uspid="36882" ordinal="0" offset="0" sl="95" sc="9" el="95" ec="9" bec="0" bev="0" fileid="13" />
                <SequencePoint vc="1" uspid="36883" ordinal="0" offset="1" sl="97" sc="13" el="97" ec="13" bec="0" bev="0" fileid="13" />
                <SequencePoint vc="1" uspid="36884" ordinal="0" offset="22" sl="98" sc="13" el="98" ec="13" bec="0" bev="0" fileid="13" />
                <SequencePoint vc="1" uspid="36885" ordinal="0" offset="40" sl="99" sc="9" el="99" ec="9" bec="0" bev="0" fileid="13" />
              </SequencePoints>
              <BranchPoints />
            </Method>
            <Method visited="true" cyclomaticComplexity="1" nPathComplexity="0" sequenceCoverage="100.0" branchCoverage="0" crapScore="1" isConstructor="false" isStatic="false" isGetter="false" isSetter="false">
              <Summary numSequencePoints="4" visitedSequencePoints="4" numBranchPoints="0" visitedBranchPoints="0" sequenceCoverage="100.0" branchCoverage="0" maxCyclomaticComplexity="1" minCyclomaticComplexity="1" maxCrapScore="1" minCrapScore="1" visitedClasses="0" numClasses="0" visitedMethods="1" numMethods="1" />
              <MetadataToken>100663308</MetadataToken>
              <Name>System.Void Tests.EditMode.BasicTests::Unity_PhysicsConstants()</Name>
              <FileRef uid="13" />
              <SequencePoints>
                <SequencePoint vc="1" uspid="36886" ordinal="0" offset="0" sl="103" sc="9" el="103" ec="9" bec="0" bev="0" fileid="13" />
                <SequencePoint vc="1" uspid="36887" ordinal="0" offset="1" sl="104" sc="13" el="104" ec="13" bec="0" bev="0" fileid="13" />
                <SequencePoint vc="1" uspid="36888" ordinal="0" offset="24" sl="105" sc="13" el="105" ec="13" bec="0" bev="0" fileid="13" />
                <SequencePoint vc="1" uspid="36889" ordinal="0" offset="45" sl="106" sc="9" el="106" ec="9" bec="0" bev="0" fileid="13" />
              </SequencePoints>
              <BranchPoints />
            </Method>
          </Methods>
        </Class>
        <Class>
          <Summary numSequencePoints="63" visitedSequencePoints="63" numBranchPoints="0" visitedBranchPoints="0" sequenceCoverage="100.0" branchCoverage="0.0" maxCyclomaticComplexity="1" minCyclomaticComplexity="1" maxCrapScore="1" minCrapScore="1" visitedClasses="1" numClasses="1" visitedMethods="11" numMethods="11" />
          <FullName>Tests.EditMode.CameraFollowTests</FullName>
          <Methods>
            <Method visited="true" cyclomaticComplexity="1" nPathComplexity="0" sequenceCoverage="100.0" branchCoverage="0" crapScore="1" isConstructor="false" isStatic="false" isGetter="false" isSetter="false">
              <Summary numSequencePoints="7" visitedSequencePoints="7" numBranchPoints="0" visitedBranchPoints="0" sequenceCoverage="100.0" branchCoverage="0" maxCyclomaticComplexity="1" minCyclomaticComplexity="1" maxCrapScore="1" minCrapScore="1" visitedClasses="0" numClasses="0" visitedMethods="1" numMethods="1" />
              <MetadataToken>100663310</MetadataToken>
              <Name>System.Void Tests.EditMode.CameraFollowTests::SetUp()</Name>
              <FileRef uid="14" />
              <SequencePoints>
                <SequencePoint vc="9" uspid="36890" ordinal="0" offset="0" sl="15" sc="9" el="15" ec="9" bec="0" bev="0" fileid="14" />
                <SequencePoint vc="9" uspid="36891" ordinal="0" offset="1" sl="16" sc="13" el="16" ec="13" bec="0" bev="0" fileid="14" />
                <SequencePoint vc="9" uspid="36892" ordinal="0" offset="17" sl="17" sc="13" el="17" ec="13" bec="0" bev="0" fileid="14" />
                <SequencePoint vc="9" uspid="36893" ordinal="0" offset="34" sl="18" sc="13" el="18" ec="13" bec="0" bev="0" fileid="14" />
                <SequencePoint vc="9" uspid="36894" ordinal="0" offset="51" sl="20" sc="13" el="20" ec="13" bec="0" bev="0" fileid="14" />
                <SequencePoint vc="9" uspid="36895" ordinal="0" offset="67" sl="21" sc="13" el="21" ec="13" bec="0" bev="0" fileid="14" />
                <SequencePoint vc="9" uspid="36896" ordinal="0" offset="79" sl="22" sc="9" el="22" ec="9" bec="0" bev="0" fileid="14" />
              </SequencePoints>
              <BranchPoints />
            </Method>
            <Method visited="true" cyclomaticComplexity="1" nPathComplexity="0" sequenceCoverage="100.0" branchCoverage="0" crapScore="1" isConstructor="false" isStatic="false" isGetter="false" isSetter="false">
              <Summary numSequencePoints="4" visitedSequencePoints="4" numBranchPoints="0" visitedBranchPoints="0" sequenceCoverage="100.0" branchCoverage="0" maxCyclomaticComplexity="1" minCyclomaticComplexity="1" maxCrapScore="1" minCrapScore="1" visitedClasses="0" numClasses="0" visitedMethods="1" numMethods="1" />
              <MetadataToken>100663311</MetadataToken>
              <Name>System.Void Tests.EditMode.CameraFollowTests::TearDown()</Name>
              <FileRef uid="14" />
              <SequencePoints>
                <SequencePoint vc="9" uspid="36897" ordinal="0" offset="0" sl="26" sc="9" el="26" ec="9" bec="0" bev="0" fileid="14" />
                <SequencePoint vc="9" uspid="36898" ordinal="0" offset="1" sl="27" sc="13" el="27" ec="13" bec="0" bev="0" fileid="14" />
                <SequencePoint vc="9" uspid="36899" ordinal="0" offset="13" sl="28" sc="13" el="28" ec="13" bec="0" bev="0" fileid="14" />
                <SequencePoint vc="9" uspid="36900" ordinal="0" offset="25" sl="29" sc="9" el="29" ec="9" bec="0" bev="0" fileid="14" />
              </SequencePoints>
              <BranchPoints />
            </Method>
            <Method visited="true" cyclomaticComplexity="1" nPathComplexity="0" sequenceCoverage="100.0" branchCoverage="0" crapScore="1" isConstructor="false" isStatic="false" isGetter="false" isSetter="false">
              <Summary numSequencePoints="5" visitedSequencePoints="5" numBranchPoints="0" visitedBranchPoints="0" sequenceCoverage="100.0" branchCoverage="0" maxCyclomaticComplexity="1" minCyclomaticComplexity="1" maxCrapScore="1" minCrapScore="1" visitedClasses="0" numClasses="0" visitedMethods="1" numMethods="1" />
              <MetadataToken>100663312</MetadataToken>
              <Name>System.Void Tests.EditMode.CameraFollowTests::CameraFollow_Initialization()</Name>
              <FileRef uid="14" />
              <SequencePoints>
                <SequencePoint vc="1" uspid="36901" ordinal="0" offset="0" sl="33" sc="9" el="33" ec="9" bec="0" bev="0" fileid="14" />
                <SequencePoint vc="1" uspid="36902" ordinal="0" offset="1" sl="34" sc="13" el="34" ec="13" bec="0" bev="0" fileid="14" />
                <SequencePoint vc="1" uspid="36903" ordinal="0" offset="13" sl="35" sc="13" el="35" ec="13" bec="0" bev="0" fileid="14" />
                <SequencePoint vc="1" uspid="36904" ordinal="0" offset="25" sl="36" sc="13" el="36" ec="13" bec="0" bev="0" fileid="14" />
                <SequencePoint vc="1" uspid="36905" ordinal="0" offset="47" sl="37" sc="9" el="37" ec="9" bec="0" bev="0" fileid="14" />
              </SequencePoints>
              <BranchPoints />
            </Method>
            <Method visited="true" cyclomaticComplexity="1" nPathComplexity="0" sequenceCoverage="100.0" branchCoverage="0" crapScore="1" isConstructor="false" isStatic="false" isGetter="false" isSetter="false">
              <Summary numSequencePoints="4" visitedSequencePoints="4" numBranchPoints="0" visitedBranchPoints="0" sequenceCoverage="100.0" branchCoverage="0" maxCyclomaticComplexity="1" minCyclomaticComplexity="1" maxCrapScore="1" minCrapScore="1" visitedClasses="0" numClasses="0" visitedMethods="1" numMethods="1" />
              <MetadataToken>100663313</MetadataToken>
              <Name>System.Void Tests.EditMode.CameraFollowTests::CameraFollow_CameraComponentRequired()</Name>
              <FileRef uid="14" />
              <SequencePoints>
                <SequencePoint vc="1" uspid="36906" ordinal="0" offset="0" sl="41" sc="9" el="41" ec="9" bec="0" bev="0" fileid="14" />
                <SequencePoint vc="1" uspid="36907" ordinal="0" offset="1" sl="42" sc="13" el="42" ec="13" bec="0" bev="0" fileid="14" />
                <SequencePoint vc="1" uspid="36908" ordinal="0" offset="18" sl="43" sc="13" el="43" ec="13" bec="0" bev="0" fileid="14" />
                <SequencePoint vc="1" uspid="36909" ordinal="0" offset="45" sl="44" sc="9" el="44" ec="9" bec="0" bev="0" fileid="14" />
              </SequencePoints>
              <BranchPoints />
            </Method>
            <Method visited="true" cyclomaticComplexity="1" nPathComplexity="0" sequenceCoverage="100.0" branchCoverage="0" crapScore="1" isConstructor="false" isStatic="false" isGetter="false" isSetter="false">
              <Summary numSequencePoints="4" visitedSequencePoints="4" numBranchPoints="0" visitedBranchPoints="0" sequenceCoverage="100.0" branchCoverage="0" maxCyclomaticComplexity="1" minCyclomaticComplexity="1" maxCrapScore="1" minCrapScore="1" visitedClasses="0" numClasses="0" visitedMethods="1" numMethods="1" />
              <MetadataToken>100663314</MetadataToken>
              <Name>System.Void Tests.EditMode.CameraFollowTests::CameraFollow_PlayerTargetExists()</Name>
              <FileRef uid="14" />
              <SequencePoints>
                <SequencePoint vc="1" uspid="36910" ordinal="0" offset="0" sl="48" sc="9" el="48" ec="9" bec="0" bev="0" fileid="14" />
                <SequencePoint vc="1" uspid="36911" ordinal="0" offset="1" sl="49" sc="13" el="49" ec="13" bec="0" bev="0" fileid="14" />
                <SequencePoint vc="1" uspid="36912" ordinal="0" offset="7" sl="50" sc="13" el="50" ec="13" bec="0" bev="0" fileid="14" />
                <SequencePoint vc="1" uspid="36913" ordinal="0" offset="14" sl="51" sc="9" el="51" ec="9" bec="0" bev="0" fileid="14" />
              </SequencePoints>
              <BranchPoints />
            </Method>
            <Method visited="true" cyclomaticComplexity="1" nPathComplexity="0" sequenceCoverage="100.0" branchCoverage="0" crapScore="1" isConstructor="false" isStatic="false" isGetter="false" isSetter="false">
              <Summary numSequencePoints="8" visitedSequencePoints="8" numBranchPoints="0" visitedBranchPoints="0" sequenceCoverage="100.0" branchCoverage="0" maxCyclomaticComplexity="1" minCyclomaticComplexity="1" maxCrapScore="1" minCrapScore="1" visitedClasses="0" numClasses="0" visitedMethods="1" numMethods="1" />
              <MetadataToken>100663315</MetadataToken>
              <Name>System.Void Tests.EditMode.CameraFollowTests::CameraFollow_PositionTracking()</Name>
              <FileRef uid="14" />
              <SequencePoints>
                <SequencePoint vc="1" uspid="36914" ordinal="0" offset="0" sl="55" sc="9" el="55" ec="9" bec="0" bev="0" fileid="14" />
                <SequencePoint vc="1" uspid="36915" ordinal="0" offset="1" sl="56" sc="13" el="56" ec="13" bec="0" bev="0" fileid="14" />
                <SequencePoint vc="1" uspid="36916" ordinal="0" offset="18" sl="57" sc="13" el="57" ec="13" bec="0" bev="0" fileid="14" />
                <SequencePoint vc="1" uspid="36917" ordinal="0" offset="40" sl="58" sc="13" el="58" ec="13" bec="0" bev="0" fileid="14" />
                <SequencePoint vc="1" uspid="36918" ordinal="0" offset="58" sl="61" sc="13" el="61" ec="13" bec="0" bev="0" fileid="14" />
                <SequencePoint vc="1" uspid="36919" ordinal="0" offset="98" sl="63" sc="13" el="63" ec="13" bec="0" bev="0" fileid="14" />
                <SequencePoint vc="1" uspid="36920" ordinal="0" offset="141" sl="64" sc="13" el="64" ec="13" bec="0" bev="0" fileid="14" />
                <SequencePoint vc="1" uspid="36921" ordinal="0" offset="184" sl="65" sc="9" el="65" ec="9" bec="0" bev="0" fileid="14" />
              </SequencePoints>
              <BranchPoints />
            </Method>
            <Method visited="true" cyclomaticComplexity="1" nPathComplexity="0" sequenceCoverage="100.0" branchCoverage="0" crapScore="1" isConstructor="false" isStatic="false" isGetter="false" isSetter="false">
              <Summary numSequencePoints="4" visitedSequencePoints="4" numBranchPoints="0" visitedBranchPoints="0" sequenceCoverage="100.0" branchCoverage="0" maxCyclomaticComplexity="1" minCyclomaticComplexity="1" maxCrapScore="1" minCrapScore="1" visitedClasses="0" numClasses="0" visitedMethods="1" numMethods="1" />
              <MetadataToken>100663316</MetadataToken>
              <Name>System.Void Tests.EditMode.CameraFollowTests::CameraFollow_CameraProperties()</Name>
              <FileRef uid="14" />
              <SequencePoints>
                <SequencePoint vc="1" uspid="36922" ordinal="0" offset="0" sl="69" sc="9" el="69" ec="9" bec="0" bev="0" fileid="14" />
                <SequencePoint vc="1" uspid="36923" ordinal="0" offset="1" sl="70" sc="13" el="70" ec="13" bec="0" bev="0" fileid="14" />
                <SequencePoint vc="1" uspid="36924" ordinal="0" offset="18" sl="73" sc="13" el="73" ec="13" bec="0" bev="0" fileid="14" />
                <SequencePoint vc="1" uspid="36925" ordinal="0" offset="46" sl="74" sc="9" el="74" ec="9" bec="0" bev="0" fileid="14" />
              </SequencePoints>
              <BranchPoints />
            </Method>
            <Method visited="true" cyclomaticComplexity="1" nPathComplexity="0" sequenceCoverage="100.0" branchCoverage="0" crapScore="1" isConstructor="false" isStatic="false" isGetter="false" isSetter="false">
              <Summary numSequencePoints="6" visitedSequencePoints="6" numBranchPoints="0" visitedBranchPoints="0" sequenceCoverage="100.0" branchCoverage="0" maxCyclomaticComplexity="1" minCyclomaticComplexity="1" maxCrapScore="1" minCrapScore="1" visitedClasses="0" numClasses="0" visitedMethods="1" numMethods="1" />
              <MetadataToken>100663317</MetadataToken>
              <Name>System.Void Tests.EditMode.CameraFollowTests::CameraFollow_BoundaryCalculation()</Name>
              <FileRef uid="14" />
              <SequencePoints>
                <SequencePoint vc="1" uspid="36926" ordinal="0" offset="0" sl="78" sc="9" el="78" ec="9" bec="0" bev="0" fileid="14" />
                <SequencePoint vc="1" uspid="36927" ordinal="0" offset="1" sl="80" sc="13" el="80" ec="13" bec="0" bev="0" fileid="14" />
                <SequencePoint vc="1" uspid="36928" ordinal="0" offset="23" sl="81" sc="13" el="81" ec="13" bec="0" bev="0" fileid="14" />
                <SequencePoint vc="1" uspid="36929" ordinal="0" offset="55" sl="83" sc="13" el="83" ec="13" bec="0" bev="0" fileid="14" />
                <SequencePoint vc="1" uspid="36930" ordinal="0" offset="93" sl="88" sc="13" el="88" ec="13" bec="0" bev="0" fileid="14" />
                <SequencePoint vc="1" uspid="36931" ordinal="0" offset="119" sl="89" sc="9" el="89" ec="9" bec="0" bev="0" fileid="14" />
              </SequencePoints>
              <BranchPoints />
            </Method>
            <Method visited="true" cyclomaticComplexity="1" nPathComplexity="0" sequenceCoverage="100.0" branchCoverage="0" crapScore="1" isConstructor="false" isStatic="false" isGetter="false" isSetter="false">
              <Summary numSequencePoints="7" visitedSequencePoints="7" numBranchPoints="0" visitedBranchPoints="0" sequenceCoverage="100.0" branchCoverage="0" maxCyclomaticComplexity="1" minCyclomaticComplexity="1" maxCrapScore="1" minCrapScore="1" visitedClasses="0" numClasses="0" visitedMethods="1" numMethods="1" />
              <MetadataToken>100663318</MetadataToken>
              <Name>System.Void Tests.EditMode.CameraFollowTests::CameraFollow_MultipleTargets()</Name>
              <FileRef uid="14" />
              <SequencePoints>
                <SequencePoint vc="1" uspid="36932" ordinal="0" offset="0" sl="93" sc="9" el="93" ec="9" bec="0" bev="0" fileid="14" />
                <SequencePoint vc="1" uspid="36933" ordinal="0" offset="1" sl="94" sc="13" el="94" ec="13" bec="0" bev="0" fileid="14" />
                <SequencePoint vc="1" uspid="36934" ordinal="0" offset="12" sl="95" sc="13" el="95" ec="13" bec="0" bev="0" fileid="14" />
                <SequencePoint vc="1" uspid="36935" ordinal="0" offset="39" sl="98" sc="13" el="98" ec="13" bec="0" bev="0" fileid="14" />
                <SequencePoint vc="1" uspid="36936" ordinal="0" offset="51" sl="99" sc="13" el="99" ec="13" bec="0" bev="0" fileid="14" />
                <SequencePoint vc="1" uspid="36937" ordinal="0" offset="94" sl="101" sc="13" el="101" ec="13" bec="0" bev="0" fileid="14" />
                <SequencePoint vc="1" uspid="36938" ordinal="0" offset="101" sl="102" sc="9" el="102" ec="9" bec="0" bev="0" fileid="14" />
              </SequencePoints>
              <BranchPoints />
            </Method>
            <Method visited="true" cyclomaticComplexity="1" nPathComplexity="0" sequenceCoverage="100.0" branchCoverage="0" crapScore="1" isConstructor="false" isStatic="false" isGetter="false" isSetter="false">
              <Summary numSequencePoints="6" visitedSequencePoints="6" numBranchPoints="0" visitedBranchPoints="0" sequenceCoverage="100.0" branchCoverage="0" maxCyclomaticComplexity="1" minCyclomaticComplexity="1" maxCrapScore="1" minCrapScore="1" visitedClasses="0" numClasses="0" visitedMethods="1" numMethods="1" />
              <MetadataToken>100663319</MetadataToken>
              <Name>System.Void Tests.EditMode.CameraFollowTests::CameraFollow_ZAxisMaintenance()</Name>
              <FileRef uid="14" />
              <SequencePoints>
                <SequencePoint vc="1" uspid="36939" ordinal="0" offset="0" sl="106" sc="9" el="106" ec="9" bec="0" bev="0" fileid="14" />
                <SequencePoint vc="1" uspid="36940" ordinal="0" offset="1" sl="108" sc="13" el="108" ec="13" bec="0" bev="0" fileid="14" />
                <SequencePoint vc="1" uspid="36941" ordinal="0" offset="18" sl="109" sc="13" el="109" ec="13" bec="0" bev="0" fileid="14" />
                <SequencePoint vc="1" uspid="36942" ordinal="0" offset="25" sl="111" sc="13" el="111" ec="13" bec="0" bev="0" fileid="14" />
                <SequencePoint vc="1" uspid="36943" ordinal="0" offset="58" sl="113" sc="13" el="113" ec="13" bec="0" bev="0" fileid="14" />
                <SequencePoint vc="1" uspid="36944" ordinal="0" offset="96" sl="114" sc="9" el="114" ec="9" bec="0" bev="0" fileid="14" />
              </SequencePoints>
              <BranchPoints />
            </Method>
            <Method visited="true" cyclomaticComplexity="1" nPathComplexity="0" sequenceCoverage="100.0" branchCoverage="0" crapScore="1" isConstructor="false" isStatic="false" isGetter="false" isSetter="false">
              <Summary numSequencePoints="8" visitedSequencePoints="8" numBranchPoints="0" visitedBranchPoints="0" sequenceCoverage="100.0" branchCoverage="0" maxCyclomaticComplexity="1" minCyclomaticComplexity="1" maxCrapScore="1" minCrapScore="1" visitedClasses="0" numClasses="0" visitedMethods="1" numMethods="1" />
              <MetadataToken>100663320</MetadataToken>
              <Name>System.Void Tests.EditMode.CameraFollowTests::CameraFollow_StateManagement()</Name>
              <FileRef uid="14" />
              <SequencePoints>
                <SequencePoint vc="1" uspid="36945" ordinal="0" offset="0" sl="118" sc="9" el="118" ec="9" bec="0" bev="0" fileid="14" />
                <SequencePoint vc="1" uspid="36946" ordinal="0" offset="1" sl="119" sc="13" el="119" ec="13" bec="0" bev="0" fileid="14" />
[...]
          <Methods>
            <Method visited="true" cyclomaticComplexity="1" nPathComplexity="0" sequenceCoverage="100.0" branchCoverage="0" crapScore="1" isConstructor="false" isStatic="false" isGetter="false" isSetter="false">
              <Summary numSequencePoints="6" visitedSequencePoints="6" numBranchPoints="0" visitedBranchPoints="0" sequenceCoverage="100.0" branchCoverage="0" maxCyclomaticComplexity="1" minCyclomaticComplexity="1" maxCrapScore="1" minCrapScore="1" visitedClasses="0" numClasses="0" visitedMethods="1" numMethods="1" />
              <MetadataToken>100663359</MetadataToken>
              <Name>System.Void Tests.EditMode.WeaponClassControllerTests::SetUp()</Name>
              <FileRef uid="18" />
              <SequencePoints>
                <SequencePoint vc="10" uspid="37130" ordinal="0" offset="0" sl="14" sc="9" el="14" ec="9" bec="0" bev="0" fileid="18" />
                <SequencePoint vc="10" uspid="37131" ordinal="0" offset="1" sl="16" sc="13" el="16" ec="13" bec="0" bev="0" fileid="18" />
                <SequencePoint vc="10" uspid="37132" ordinal="0" offset="17" sl="17" sc="13" el="17" ec="13" bec="0" bev="0" fileid="18" />
                <SequencePoint vc="10" uspid="37133" ordinal="0" offset="34" sl="20" sc="13" el="20" ec="13" bec="0" bev="0" fileid="18" />
                <SequencePoint vc="10" uspid="37134" ordinal="0" offset="50" sl="21" sc="13" el="21" ec="13" bec="0" bev="0" fileid="18" />
                <SequencePoint vc="10" uspid="37135" ordinal="0" offset="62" sl="22" sc="9" el="22" ec="9" bec="0" bev="0" fileid="18" />
              </SequencePoints>
              <BranchPoints />
            </Method>
            <Method visited="true" cyclomaticComplexity="1" nPathComplexity="0" sequenceCoverage="100.0" branchCoverage="0" crapScore="1" isConstructor="false" isStatic="false" isGetter="false" isSetter="false">
              <Summary numSequencePoints="4" visitedSequencePoints="4" numBranchPoints="0" visitedBranchPoints="0" sequenceCoverage="100.0" branchCoverage="0" maxCyclomaticComplexity="1" minCyclomaticComplexity="1" maxCrapScore="1" minCrapScore="1" visitedClasses="0" numClasses="0" visitedMethods="1" numMethods="1" />
              <MetadataToken>100663360</MetadataToken>
              <Name>System.Void Tests.EditMode.WeaponClassControllerTests::TearDown()</Name>
              <FileRef uid="18" />
              <SequencePoints>
                <SequencePoint vc="10" uspid="37136" ordinal="0" offset="0" sl="26" sc="9" el="26" ec="9" bec="0" bev="0" fileid="18" />
                <SequencePoint vc="10" uspid="37137" ordinal="0" offset="1" sl="27" sc="13" el="27" ec="13" bec="0" bev="0" fileid="18" />
                <SequencePoint vc="10" uspid="37138" ordinal="0" offset="13" sl="28" sc="13" el="28" ec="13" bec="0" bev="0" fileid="18" />
                <SequencePoint vc="10" uspid="37139" ordinal="0" offset="25" sl="29" sc="9" el="29" ec="9" bec="0" bev="0" fileid="18" />
              </SequencePoints>
              <BranchPoints />
            </Method>
            <Method visited="true" cyclomaticComplexity="1" nPathComplexity="0" sequenceCoverage="100.0" branchCoverage="0" crapScore="1" isConstructor="false" isStatic="false" isGetter="false" isSetter="false">
              <Summary numSequencePoints="4" visitedSequencePoints="4" numBranchPoints="0" visitedBranchPoints="0" sequenceCoverage="100.0" branchCoverage="0" maxCyclomaticComplexity="1" minCyclomaticComplexity="1" maxCrapScore="1" minCrapScore="1" visitedClasses="0" numClasses="0" visitedMethods="1" numMethods="1" />
              <MetadataToken>100663361</MetadataToken>
              <Name>System.Void Tests.EditMode.WeaponClassControllerTests::WeaponClassController_Initialization()</Name>
              <FileRef uid="18" />
              <SequencePoints>
                <SequencePoint vc="1" uspid="37140" ordinal="0" offset="0" sl="33" sc="9" el="33" ec="9" bec="0" bev="0" fileid="18" />
                <SequencePoint vc="1" uspid="37141" ordinal="0" offset="1" sl="34" sc="13" el="34" ec="13" bec="0" bev="0" fileid="18" />
                <SequencePoint vc="1" uspid="37142" ordinal="0" offset="13" sl="35" sc="13" el="35" ec="13" bec="0" bev="0" fileid="18" />
                <SequencePoint vc="1" uspid="37143" ordinal="0" offset="35" sl="36" sc="9" el="36" ec="9" bec="0" bev="0" fileid="18" />
              </SequencePoints>
              <BranchPoints />
            </Method>
            <Method visited="true" cyclomaticComplexity="1" nPathComplexity="0" sequenceCoverage="100.0" branchCoverage="0" crapScore="1" isConstructor="false" isStatic="false" isGetter="false" isSetter="false">
              <Summary numSequencePoints="4" visitedSequencePoints="4" numBranchPoints="0" visitedBranchPoints="0" sequenceCoverage="100.0" branchCoverage="0" maxCyclomaticComplexity="1" minCyclomaticComplexity="1" maxCrapScore="1" minCrapScore="1" visitedClasses="0" numClasses="0" visitedMethods="1" numMethods="1" />
              <MetadataToken>100663362</MetadataToken>
              <Name>System.Void Tests.EditMode.WeaponClassControllerTests::WeaponClassController_ComponentSetup()</Name>
              <FileRef uid="18" />
              <SequencePoints>
                <SequencePoint vc="1" uspid="37144" ordinal="0" offset="0" sl="40" sc="9" el="40" ec="9" bec="0" bev="0" fileid="18" />
                <SequencePoint vc="1" uspid="37145" ordinal="0" offset="1" sl="41" sc="13" el="41" ec="13" bec="0" bev="0" fileid="18" />
                <SequencePoint vc="1" uspid="37146" ordinal="0" offset="18" sl="42" sc="13" el="42" ec="13" bec="0" bev="0" fileid="18" />
                <SequencePoint vc="1" uspid="37147" ordinal="0" offset="45" sl="43" sc="9" el="43" ec="9" bec="0" bev="0" fileid="18" />
              </SequencePoints>
              <BranchPoints />
            </Method>
            <Method visited="true" cyclomaticComplexity="1" nPathComplexity="0" sequenceCoverage="100.0" branchCoverage="0" crapScore="1" isConstructor="false" isStatic="false" isGetter="false" isSetter="false">
              <Summary numSequencePoints="8" visitedSequencePoints="8" numBranchPoints="0" visitedBranchPoints="0" sequenceCoverage="100.0" branchCoverage="0" maxCyclomaticComplexity="1" minCyclomaticComplexity="1" maxCrapScore="1" minCrapScore="1" visitedClasses="0" numClasses="0" visitedMethods="1" numMethods="1" />
              <MetadataToken>100663363</MetadataToken>
              <Name>System.Void Tests.EditMode.WeaponClassControllerTests::WeaponClassController_TransformProperties()</Name>
              <FileRef uid="18" />
              <SequencePoints>
                <SequencePoint vc="1" uspid="37148" ordinal="0" offset="0" sl="47" sc="9" el="47" ec="9" bec="0" bev="0" fileid="18" />
                <SequencePoint vc="1" uspid="37149" ordinal="0" offset="1" sl="48" sc="13" el="48" ec="13" bec="0" bev="0" fileid="18" />
                <SequencePoint vc="1" uspid="37150" ordinal="0" offset="13" sl="49" sc="13" el="49" ec="13" bec="0" bev="0" fileid="18" />
                <SequencePoint vc="1" uspid="37151" ordinal="0" offset="20" sl="52" sc="13" el="52" ec="13" bec="0" bev="0" fileid="18" />
                <SequencePoint vc="1" uspid="37152" ordinal="0" offset="32" sl="53" sc="13" el="53" ec="13" bec="0" bev="0" fileid="18" />
                <SequencePoint vc="1" uspid="37153" ordinal="0" offset="59" sl="56" sc="13" el="56" ec="13" bec="0" bev="0" fileid="18" />
                <SequencePoint vc="1" uspid="37154" ordinal="0" offset="71" sl="57" sc="13" el="57" ec="13" bec="0" bev="0" fileid="18" />
                <SequencePoint vc="1" uspid="37155" ordinal="0" offset="98" sl="58" sc="9" el="58" ec="9" bec="0" bev="0" fileid="18" />
              </SequencePoints>
              <BranchPoints />
            </Method>
            <Method visited="true" cyclomaticComplexity="1" nPathComplexity="0" sequenceCoverage="100.0" branchCoverage="0" crapScore="1" isConstructor="false" isStatic="false" isGetter="false" isSetter="false">
              <Summary numSequencePoints="7" visitedSequencePoints="7" numBranchPoints="0" visitedBranchPoints="0" sequenceCoverage="100.0" branchCoverage="0" maxCyclomaticComplexity="1" minCyclomaticComplexity="1" maxCrapScore="1" minCrapScore="1" visitedClasses="0" numClasses="0" visitedMethods="1" numMethods="1" />
              <MetadataToken>100663364</MetadataToken>
              <Name>System.Void Tests.EditMode.WeaponClassControllerTests::WeaponClassController_GameObjectManagement()</Name>
              <FileRef uid="18" />
              <SequencePoints>
                <SequencePoint vc="1" uspid="37156" ordinal="0" offset="0" sl="62" sc="9" el="62" ec="9" bec="0" bev="0" fileid="18" />
                <SequencePoint vc="1" uspid="37157" ordinal="0" offset="1" sl="63" sc="13" el="63" ec="13" bec="0" bev="0" fileid="18" />
                <SequencePoint vc="1" uspid="37158" ordinal="0" offset="18" sl="66" sc="13" el="66" ec="13" bec="0" bev="0" fileid="18" />
                <SequencePoint vc="1" uspid="37159" ordinal="0" offset="31" sl="67" sc="13" el="67" ec="13" bec="0" bev="0" fileid="18" />
                <SequencePoint vc="1" uspid="37160" ordinal="0" offset="48" sl="69" sc="13" el="69" ec="13" bec="0" bev="0" fileid="18" />
                <SequencePoint vc="1" uspid="37161" ordinal="0" offset="61" sl="70" sc="13" el="70" ec="13" bec="0" bev="0" fileid="18" />
                <SequencePoint vc="1" uspid="37162" ordinal="0" offset="78" sl="71" sc="9" el="71" ec="9" bec="0" bev="0" fileid="18" />
              </SequencePoints>
              <BranchPoints />
            </Method>
            <Method visited="true" cyclomaticComplexity="1" nPathComplexity="0" sequenceCoverage="100.0" branchCoverage="0" crapScore="1" isConstructor="false" isStatic="false" isGetter="false" isSetter="false">
              <Summary numSequencePoints="7" visitedSequencePoints="7" numBranchPoints="0" visitedBranchPoints="0" sequenceCoverage="100.0" branchCoverage="0" maxCyclomaticComplexity="1" minCyclomaticComplexity="1" maxCrapScore="1" minCrapScore="1" visitedClasses="0" numClasses="0" visitedMethods="1" numMethods="1" />
              <MetadataToken>100663365</MetadataToken>
              <Name>System.Void Tests.EditMode.WeaponClassControllerTests::WeaponClassController_MultipleWeapons()</Name>
              <FileRef uid="18" />
              <SequencePoints>
                <SequencePoint vc="1" uspid="37163" ordinal="0" offset="0" sl="75" sc="9" el="75" ec="9" bec="0" bev="0" fileid="18" />
                <SequencePoint vc="1" uspid="37164" ordinal="0" offset="1" sl="77" sc="13" el="77" ec="13" bec="0" bev="0" fileid="18" />
                <SequencePoint vc="1" uspid="37165" ordinal="0" offset="12" sl="78" sc="13" el="78" ec="13" bec="0" bev="0" fileid="18" />
                <SequencePoint vc="1" uspid="37166" ordinal="0" offset="19" sl="80" sc="13" el="80" ec="13" bec="0" bev="0" fileid="18" />
                <SequencePoint vc="1" uspid="37167" ordinal="0" offset="32" sl="81" sc="13" el="81" ec="13" bec="0" bev="0" fileid="18" />
                <SequencePoint vc="1" uspid="37168" ordinal="0" offset="55" sl="83" sc="13" el="83" ec="13" bec="0" bev="0" fileid="18" />
                <SequencePoint vc="1" uspid="37169" ordinal="0" offset="62" sl="84" sc="9" el="84" ec="9" bec="0" bev="0" fileid="18" />
              </SequencePoints>
              <BranchPoints />
            </Method>
            <Method visited="true" cyclomaticComplexity="1" nPathComplexity="0" sequenceCoverage="100.0" branchCoverage="0" crapScore="1" isConstructor="false" isStatic="false" isGetter="false" isSetter="false">
              <Summary numSequencePoints="4" visitedSequencePoints="4" numBranchPoints="0" visitedBranchPoints="0" sequenceCoverage="100.0" branchCoverage="0" maxCyclomaticComplexity="1" minCyclomaticComplexity="1" maxCrapScore="1" minCrapScore="1" visitedClasses="0" numClasses="0" visitedMethods="1" numMethods="1" />
              <MetadataToken>100663366</MetadataToken>
              <Name>System.Void Tests.EditMode.WeaponClassControllerTests::WeaponClassController_PlayerInteraction()</Name>
              <FileRef uid="18" />
              <SequencePoints>
                <SequencePoint vc="1" uspid="37170" ordinal="0" offset="0" sl="88" sc="9" el="88" ec="9" bec="0" bev="0" fileid="18" />
                <SequencePoint vc="1" uspid="37171" ordinal="0" offset="1" sl="90" sc="13" el="90" ec="13" bec="0" bev="0" fileid="18" />
                <SequencePoint vc="1" uspid="37172" ordinal="0" offset="12" sl="91" sc="13" el="91" ec="13" bec="0" bev="0" fileid="18" />
                <SequencePoint vc="1" uspid="37173" ordinal="0" offset="23" sl="92" sc="9" el="92" ec="9" bec="0" bev="0" fileid="18" />
              </SequencePoints>
              <BranchPoints />
            </Method>
            <Method visited="true" cyclomaticComplexity="1" nPathComplexity="0" sequenceCoverage="100.0" branchCoverage="0" crapScore="1" isConstructor="false" isStatic="false" isGetter="false" isSetter="false">
              <Summary numSequencePoints="6" visitedSequencePoints="6" numBranchPoints="0" visitedBranchPoints="0" sequenceCoverage="100.0" branchCoverage="0" maxCyclomaticComplexity="1" minCyclomaticComplexity="1" maxCrapScore="1" minCrapScore="1" visitedClasses="0" numClasses="0" visitedMethods="1" numMethods="1" />
              <MetadataToken>100663367</MetadataToken>
              <Name>System.Void Tests.EditMode.WeaponClassControllerTests::WeaponClassController_ComponentAddition()</Name>
              <FileRef uid="18" />
              <SequencePoints>
                <SequencePoint vc="1" uspid="37174" ordinal="0" offset="0" sl="96" sc="9" el="96" ec="9" bec="0" bev="0" fileid="18" />
                <SequencePoint vc="1" uspid="37175" ordinal="0" offset="1" sl="98" sc="13" el="98" ec="13" bec="0" bev="0" fileid="18" />
                <SequencePoint vc="1" uspid="37176" ordinal="0" offset="13" sl="99" sc="13" el="99" ec="13" bec="0" bev="0" fileid="18" />
                <SequencePoint vc="1" uspid="37177" ordinal="0" offset="30" sl="101" sc="13" el="101" ec="13" bec="0" bev="0" fileid="18" />
                <SequencePoint vc="1" uspid="37178" ordinal="0" offset="42" sl="102" sc="13" el="102" ec="13" bec="0" bev="0" fileid="18" />
                <SequencePoint vc="1" uspid="37179" ordinal="0" offset="59" sl="103" sc="9" el="103" ec="9" bec="0" bev="0" fileid="18" />
              </SequencePoints>
              <BranchPoints />
            </Method>
            <Method visited="true" cyclomaticComplexity="1" nPathComplexity="0" sequenceCoverage="100.0" branchCoverage="0" crapScore="1" isConstructor="false" isStatic="false" isGetter="false" isSetter="false">
              <Summary numSequencePoints="7" visitedSequencePoints="7" numBranchPoints="0" visitedBranchPoints="0" sequenceCoverage="100.0" branchCoverage="0" maxCyclomaticComplexity="1" minCyclomaticComplexity="1" maxCrapScore="1" minCrapScore="1" visitedClasses="0" numClasses="0" visitedMethods="1" numMethods="1" />
              <MetadataToken>100663368</MetadataToken>
              <Name>System.Void Tests.EditMode.WeaponClassControllerTests::WeaponClassController_HierarchyManagement()</Name>
              <FileRef uid="18" />
              <SequencePoints>
                <SequencePoint vc="1" uspid="37180" ordinal="0" offset="0" sl="107" sc="9" el="107" ec="9" bec="0" bev="0" fileid="18" />
                <SequencePoint vc="1" uspid="37181" ordinal="0" offset="1" sl="109" sc="13" el="109" ec="13" bec="0" bev="0" fileid="18" />
                <SequencePoint vc="1" uspid="37182" ordinal="0" offset="12" sl="110" sc="13" el="110" ec="13" bec="0" bev="0" fileid="18" />
                <SequencePoint vc="1" uspid="37183" ordinal="0" offset="35" sl="112" sc="13" el="112" ec="13" bec="0" bev="0" fileid="18" />
                <SequencePoint vc="1" uspid="37184" ordinal="0" offset="63" sl="113" sc="13" el="113" ec="13" bec="0" bev="0" fileid="18" />
                <SequencePoint vc="1" uspid="37185" ordinal="0" offset="83" sl="115" sc="13" el="115" ec="13" bec="0" bev="0" fileid="18" />
                <SequencePoint vc="1" uspid="37186" ordinal="0" offset="90" sl="116" sc="9" el="116" ec="9" bec="0" bev="0" fileid="18" />
              </SequencePoints>
              <BranchPoints />
            </Method>
            <Method visited="true" cyclomaticComplexity="1" nPathComplexity="0" sequenceCoverage="100.0" branchCoverage="0" crapScore="1" isConstructor="false" isStatic="false" isGetter="false" isSetter="false">
              <Summary numSequencePoints="6" visitedSequencePoints="6" numBranchPoints="0" visitedBranchPoints="0" sequenceCoverage="100.0" branchCoverage="0" maxCyclomaticComplexity="1" minCyclomaticComplexity="1" maxCrapScore="1" minCrapScore="1" visitedClasses="0" numClasses="0" visitedMethods="1" numMethods="1" />
              <MetadataToken>100663369</MetadataToken>
              <Name>System.Void Tests.EditMode.WeaponClassControllerTests::WeaponClassController_PositionalAccuracy()</Name>
              <FileRef uid="18" />
              <SequencePoints>
                <SequencePoint vc="1" uspid="37187" ordinal="0" offset="0" sl="120" sc="9" el="120" ec="9" bec="0" bev="0" fileid="18" />
                <SequencePoint vc="1" uspid="37188" ordinal="0" offset="1" sl="122" sc="13" el="122" ec="13" bec="0" bev="0" fileid="18" />
                <SequencePoint vc="1" uspid="37189" ordinal="0" offset="23" sl="123" sc="13" el="123" ec="13" bec="0" bev="0" fileid="18" />
                <SequencePoint vc="1" uspid="37190" ordinal="0" offset="41" sl="125" sc="13" el="125" ec="13" bec="0" bev="0" fileid="18" />
                <SequencePoint vc="1" uspid="37191" ordinal="0" offset="85" sl="126" sc="13" el="126" ec="13" bec="0" bev="0" fileid="18" />
                <SequencePoint vc="1" uspid="37192" ordinal="0" offset="129" sl="127" sc="9" el="127" ec="9" bec="0" bev="0" fileid="18" />
              </SequencePoints>
              <BranchPoints />
            </Method>
            <Method visited="true" cyclomaticComplexity="1" nPathComplexity="0" sequenceCoverage="50.00" branchCoverage="0" crapScore="1.12" isConstructor="false" isStatic="false" isGetter="false" isSetter="false">
              <Summary numSequencePoints="6" visitedSequencePoints="3" numBranchPoints="0" visitedBranchPoints="0" sequenceCoverage="50.00" branchCoverage="0" maxCyclomaticComplexity="1" minCyclomaticComplexity="1" maxCrapScore="1.12" minCrapScore="1.12" visitedClasses="0" numClasses="0" visitedMethods="1" numMethods="1" />
              <MetadataToken>100663370</MetadataToken>
              <Name>System.Void Tests.EditMode.WeaponClassControllerTests::WeaponClassController_TagAndLayerManagement()</Name>
              <FileRef uid="18" />
              <SequencePoints>
                <SequencePoint vc="1" uspid="37193" ordinal="0" offset="0" sl="131" sc="9" el="131" ec="9" bec="0" bev="0" fileid="18" />
                <SequencePoint vc="1" uspid="37194" ordinal="0" offset="1" sl="133" sc="13" el="133" ec="13" bec="0" bev="0" fileid="18" />
                <SequencePoint vc="1" uspid="37195" ordinal="0" offset="18" sl="134" sc="13" el="134" ec="13" bec="0" bev="0" fileid="18" />
                <SequencePoint vc="0" uspid="37196" ordinal="0" offset="40" sl="137" sc="13" el="137" ec="13" bec="0" bev="0" fileid="18" />
                <SequencePoint vc="0" uspid="37197" ordinal="0" offset="62" sl="138" sc="13" el="138" ec="13" bec="0" bev="0" fileid="18" />
                <SequencePoint vc="0" uspid="37198" ordinal="0" offset="99" sl="139" sc="9" el="139" ec="9" bec="0" bev="0" fileid="18" />
              </SequencePoints>
              <BranchPoints />
            </Method>
          </Methods>
        </Class>
      </Classes>
    </Module>
  </Modules>
</CoverageSession>